-------------------------------------------------------------------------------
Test set: com.banking.accountmanagementapis.service.AccountServiceTest
-------------------------------------------------------------------------------
Tests run: 18, Failures: 1, Errors: 0, Skipped: 0, Time elapsed: 0.063 s <<< FAILURE! -- in com.banking.accountmanagementapis.service.AccountServiceTest
com.banking.accountmanagementapis.service.AccountServiceTest.createAccount_WithValidRequest_ShouldReturnAccountResponse -- Time elapsed: 0 s <<< FAILURE!
org.opentest4j.AssertionFailedError: expected: <CHECKING> but was: <LOAN>
	at org.junit.jupiter.api.AssertionFailureBuilder.build(AssertionFailureBuilder.java:151)
	at org.junit.jupiter.api.AssertionFailureBuilder.buildAndThrow(AssertionFailureBuilder.java:132)
	at org.junit.jupiter.api.AssertEquals.failNotEqual(AssertEquals.java:197)
	at org.junit.jupiter.api.AssertEquals.assertEquals(AssertEquals.java:182)
	at org.junit.jupiter.api.AssertEquals.assertEquals(AssertEquals.java:177)
	at org.junit.jupiter.api.Assertions.assertEquals(Assertions.java:1145)
	at com.banking.accountmanagementapis.service.AccountServiceTest.createAccount_WithValidRequest_ShouldReturnAccountResponse(AccountServiceTest.java:76)
	at java.base/java.lang.reflect.Method.invoke(Method.java:580)
	at java.base/java.util.ArrayList.forEach(ArrayList.java:1596)
	at java.base/java.util.ArrayList.forEach(ArrayList.java:1596)

