<?xml version="1.0" encoding="UTF-8"?>
<testsuite xmlns:xsi="http://www.w3.org/2001/XMLSchema-instance" xsi:noNamespaceSchemaLocation="https://maven.apache.org/surefire/maven-surefire-plugin/xsd/surefire-test-report-3.0.xsd" version="3.0" name="com.banking.accountmanagementapis.service.AccountServiceTest" time="0.063" tests="18" errors="0" skipped="0" failures="1">
  <properties>
[...]
</properties>
  <testcase name="createAccount_WithAccountNumberCollision_ShouldGenerateUniqueNumber" classname="com.banking.accountmanagementapis.service.AccountServiceTest" time="0.109">
    <system-out><![CDATA[2025-12-12 10:54:07.583 [main] INFO  [] [] c.b.a.service.AccountService - Creating new account for customer: cd00e24c-4765-4934-a2f5-0e2fcb9b6cc2
2025-12-12 10:54:07.583 [main] INFO  [] [] c.b.a.service.AccountService - Account created successfully: 835902aa-8089-4977-a059-53f4b6d2b6f5
]]></system-out>
  </testcase>
  <testcase name="createAccount_WithAccountNumberCollision_ShouldGenerateUniqueNumber" classname="com.banking.accountmanagementapis.service.AccountServiceTest" time="0.002">
    <system-out><![CDATA[2025-12-12 10:54:07.856 [main] INFO  [] [] c.b.a.service.AccountService - Creating new account for customer: d1f7014a-ec28-46a3-a4a2-b1f235750e39
2025-12-12 10:54:07.856 [main] INFO  [] [] c.b.a.service.AccountService - Account created successfully: 61936ee1-5214-4111-8a5e-54d2984af1de
]]></system-out>
  </testcase>
  <testcase name="accountExists_WithInvalidAccountId_ShouldReturnFalse" classname="com.banking.accountmanagementapis.service.AccountServiceTest" time="0.001"/>
  <testcase name="accountExists_WithInvalidAccountId_ShouldReturnFalse" classname="com.banking.accountmanagementapis.service.AccountServiceTest" time="0.001"/>
  <testcase name="accountExists_WithValidAccountId_ShouldReturnTrue" classname="com.banking.accountmanagementapis.service.AccountServiceTest" time="0.0"/>
  <testcase name="accountExists_WithValidAccountId_ShouldReturnTrue" classname="com.banking.accountmanagementapis.service.AccountServiceTest" time="0.0"/>
  <testcase name="closeAccount_WithWrongCustomerId_ShouldThrowSecurityException" classname="com.banking.accountmanagementapis.service.AccountServiceTest" time="0.0">
    <system-out><![CDATA[2025-12-12 10:54:07.600 [main] INFO  [] [] c.b.a.service.AccountService - Closing account: 24869ebb-b7bc-4391-9078-d5419380aee3 for customer: 665bb762-0963-45b6-a334-2b34879a133a with reason: CUSTOMER_REQUEST
]]></system-out>
  </testcase>
  <testcase name="closeAccount_WithWrongCustomerId_ShouldThrowSecurityException" classname="com.banking.accountmanagementapis.service.AccountServiceTest" time="0.003">
    <system-out><![CDATA[2025-12-12 10:54:07.869 [main] INFO  [] [] c.b.a.service.AccountService - Closing account: 3f3380e4-41ae-4610-889c-7ad4d39d9242 for customer: 3c617c24-4f57-4acb-bbe5-70a16575abf8 with reason: CUSTOMER_REQUEST
]]></system-out>
  </testcase>
  <testcase name="getAccountById_WithInvalidAccountId_ShouldThrowException" classname="com.banking.accountmanagementapis.service.AccountServiceTest" time="0.0">
    <system-out><![CDATA[2025-12-12 10:54:07.600 [main] INFO  [] [] c.b.a.service.AccountService - Getting account by ID: 8c7c4c98-0524-45a1-ad46-e4ce91b44e43 for customer: db1a2052-e27e-4c7f-b607-bf21e445342c
]]></system-out>
  </testcase>
  <testcase name="getAccountById_WithInvalidAccountId_ShouldThrowException" classname="com.banking.accountmanagementapis.service.AccountServiceTest" time="0.002">
    <system-out><![CDATA[2025-12-12 10:54:07.871 [main] INFO  [] [] c.b.a.service.AccountService - Getting account by ID: 2752def3-0715-4d86-b728-c7526008ca5d for customer: 7d003852-6cec-4f2e-bea3-9508d0a269c7
]]></system-out>
  </testcase>
  <testcase name="closeAccount_WithNonZeroBalance_ShouldThrowException" classname="com.banking.accountmanagementapis.service.AccountServiceTest" time="0.014">
    <system-out><![CDATA[2025-12-12 10:54:07.613 [main] INFO  [] [] c.b.a.service.AccountService - Closing account: 0e3fadd9-08c5-4b0d-9131-6e5b803fe91a for customer: 61f23b6b-063e-4227-bf2b-645be8a2ed52 with reason: CUSTOMER_REQUEST
]]></system-out>
  </testcase>
  <testcase name="closeAccount_WithNonZeroBalance_ShouldThrowException" classname="com.banking.accountmanagementapis.service.AccountServiceTest" time="0.002">
    <system-out><![CDATA[2025-12-12 10:54:07.873 [main] INFO  [] [] c.b.a.service.AccountService - Closing account: cc307e4a-7e40-4ed3-bdd0-0436adfe12bb for customer: 621dd7ab-484a-4b3f-b35b-b72dc61464e8 with reason: CUSTOMER_REQUEST
]]></system-out>
  </testcase>
  <testcase name="updateAccount_WithValidRequest_ShouldReturnUpdatedAccount" classname="com.banking.accountmanagementapis.service.AccountServiceTest" time="0.003">
    <system-out><![CDATA[2025-12-12 10:54:07.617 [main] INFO  [] [] c.b.a.service.AccountService - Updating account: 88fc7421-0d6a-4d34-aba2-e08964fedd31 for customer: 6c169ec6-8b21-4b8b-8f28-73dcadc93f07
2025-12-12 10:54:07.617 [main] INFO  [] [] c.b.a.service.AccountService - Account updated successfully: 88fc7421-0d6a-4d34-aba2-e08964fedd31
]]></system-out>
  </testcase>
  <testcase name="updateAccount_WithValidRequest_ShouldReturnUpdatedAccount" classname="com.banking.accountmanagementapis.service.AccountServiceTest" time="0.0">
    <system-out><![CDATA[2025-12-12 10:54:07.874 [main] INFO  [] [] c.b.a.service.AccountService - Updating account: ad086a24-ebe2-4792-becd-6872be8b5912 for customer: a1501a64-e592-486e-a6a5-635cb5d2536a
2025-12-12 10:54:07.874 [main] INFO  [] [] c.b.a.service.AccountService - Account updated successfully: ad086a24-ebe2-4792-becd-6872be8b5912
]]></system-out>
  </testcase>
  <testcase name="updateAccount_WithInvalidAccountId_ShouldThrowException" classname="com.banking.accountmanagementapis.service.AccountServiceTest" time="0.004">
    <system-out><![CDATA[2025-12-12 10:54:07.621 [main] INFO  [] [] c.b.a.service.AccountService - Updating account: b5d8c495-c8a2-4f77-820f-7f15f1b60b12 for customer: 9d2ed84c-19ca-41b9-aebc-f76bc43ac35e
]]></system-out>
  </testcase>
  <testcase name="updateAccount_WithInvalidAccountId_ShouldThrowException" classname="com.banking.accountmanagementapis.service.AccountServiceTest" time="0.0">
    <system-out><![CDATA[2025-12-12 10:54:07.874 [main] INFO  [] [] c.b.a.service.AccountService - Updating account: e5d80ff2-c57b-430d-a5a1-a57df1ccae33 for customer: b36d24b4-0a8e-4670-b07b-bfd9bbab36aa
]]></system-out>
  </testcase>
  <testcase name="getAccountsForCustomer_WithValidCustomerId_ShouldReturnPagedAccounts" classname="com.banking.accountmanagementapis.service.AccountServiceTest" time="0.007">
    <system-out><![CDATA[2025-12-12 10:54:07.627 [main] INFO  [] [] c.b.a.service.AccountService - Getting accounts for customer: fa8fdb4b-5dce-4620-8985-f57919759746 with pagination
]]></system-out>
  </testcase>
  <testcase name="getAccountsForCustomer_WithValidCustomerId_ShouldReturnPagedAccounts" classname="com.banking.accountmanagementapis.service.AccountServiceTest" time="0.0">
    <system-out><![CDATA[2025-12-12 10:54:07.874 [main] INFO  [] [] c.b.a.service.AccountService - Getting accounts for customer: 70c0cb04-0493-4f51-97d6-a595952ed86b with pagination
]]></system-out>
  </testcase>
  <testcase name="getAccountById_WithValidAccountId_ShouldReturnAccount" classname="com.banking.accountmanagementapis.service.AccountServiceTest" time="0.001">
    <system-out><![CDATA[2025-12-12 10:54:07.629 [main] INFO  [] [] c.b.a.service.AccountService - Getting account by ID: 72965a34-c01c-4f0e-ac13-086782a924b7 for customer: b6ac20e9-34c5-4f07-987b-be994d70a3e4
]]></system-out>
  </testcase>
  <testcase name="getAccountById_WithValidAccountId_ShouldReturnAccount" classname="com.banking.accountmanagementapis.service.AccountServiceTest" time="0.011">
    <system-out><![CDATA[2025-12-12 10:54:07.884 [main] INFO  [] [] c.b.a.service.AccountService - Getting account by ID: fd7888e5-39fc-4da5-8f7f-2093788deeff for customer: 38a55e70-41d9-40d1-bf04-9626473b0002
]]></system-out>
  </testcase>
  <testcase name="updateAccount_WithNullValues_ShouldHandleGracefully" classname="com.banking.accountmanagementapis.service.AccountServiceTest" time="0.005">
    <system-out><![CDATA[2025-12-12 10:54:07.633 [main] INFO  [] [] c.b.a.service.AccountService - Updating account: 2e1d6224-9e9d-43b7-ba4a-d10c433d42e2 for customer: 18e6aee7-422d-4273-be91-b5404680fe39
2025-12-12 10:54:07.633 [main] INFO  [] [] c.b.a.service.AccountService - Account updated successfully: 2e1d6224-9e9d-43b7-ba4a-d10c433d42e2
]]></system-out>
  </testcase>
  <testcase name="updateAccount_WithNullValues_ShouldHandleGracefully" classname="com.banking.accountmanagementapis.service.AccountServiceTest" time="0.004">
    <system-out><![CDATA[2025-12-12 10:54:07.889 [main] INFO  [] [] c.b.a.service.AccountService - Updating account: 785263ff-414f-48a8-9c19-25810139fba7 for customer: 255cfe27-a78d-4661-b6ab-bb7f3626feeb
2025-12-12 10:54:07.889 [main] INFO  [] [] c.b.a.service.AccountService - Account updated successfully: 785263ff-414f-48a8-9c19-25810139fba7
]]></system-out>
  </testcase>
  <testcase name="createAccount_WithValidRequest_ShouldReturnAccountResponse" classname="com.banking.accountmanagementapis.service.AccountServiceTest" time="0.002">
    <failure message="expected: &lt;CHECKING&gt; but was: &lt;MONEY_MARKET&gt;" type="org.opentest4j.AssertionFailedError"><![CDATA[org.opentest4j.AssertionFailedError: expected: <CHECKING> but was: <MONEY_MARKET>
	at org.junit.jupiter.api.AssertionFailureBuilder.build(AssertionFailureBuilder.java:151)
	at org.junit.jupiter.api.AssertionFailureBuilder.buildAndThrow(AssertionFailureBuilder.java:132)
	at org.junit.jupiter.api.AssertEquals.failNotEqual(AssertEquals.java:197)
	at org.junit.jupiter.api.AssertEquals.assertEquals(AssertEquals.java:182)
	at org.junit.jupiter.api.AssertEquals.assertEquals(AssertEquals.java:177)
	at org.junit.jupiter.api.Assertions.assertEquals(Assertions.java:1145)
	at com.banking.accountmanagementapis.service.AccountServiceTest.createAccount_WithValidRequest_ShouldReturnAccountResponse(AccountServiceTest.java:76)
	at java.base/java.lang.reflect.Method.invoke(Method.java:580)
	at java.base/java.util.ArrayList.forEach(ArrayList.java:1596)
	at java.base/java.util.ArrayList.forEach(ArrayList.java:1596)
]]></failure>
    <system-out><![CDATA[2025-12-12 10:54:07.637 [main] INFO  [] [] c.b.a.service.AccountService - Creating new account for customer: 7439efaa-25b6-4df5-9135-0099025f76ab
2025-12-12 10:54:07.637 [main] INFO  [] [] c.b.a.service.AccountService - Account created successfully: 6ab7088b-a3a6-4600-8cf7-11484cf40b2d
]]></system-out>
  </testcase>
  <testcase name="createAccount_WithValidRequest_ShouldReturnAccountResponse" classname="com.banking.accountmanagementapis.service.AccountServiceTest" time="0.0">
    <failure message="expected: &lt;CHECKING&gt; but was: &lt;LOAN&gt;" type="org.opentest4j.AssertionFailedError"><![CDATA[org.opentest4j.AssertionFailedError: expected: <CHECKING> but was: <LOAN>
	at org.junit.jupiter.api.AssertionFailureBuilder.build(AssertionFailureBuilder.java:151)
	at org.junit.jupiter.api.AssertionFailureBuilder.buildAndThrow(AssertionFailureBuilder.java:132)
	at org.junit.jupiter.api.AssertEquals.failNotEqual(AssertEquals.java:197)
	at org.junit.jupiter.api.AssertEquals.assertEquals(AssertEquals.java:182)
	at org.junit.jupiter.api.AssertEquals.assertEquals(AssertEquals.java:177)
	at org.junit.jupiter.api.Assertions.assertEquals(Assertions.java:1145)
	at com.banking.accountmanagementapis.service.AccountServiceTest.createAccount_WithValidRequest_ShouldReturnAccountResponse(AccountServiceTest.java:76)
	at java.base/java.lang.reflect.Method.invoke(Method.java:580)
	at java.base/java.util.ArrayList.forEach(ArrayList.java:1596)
	at java.base/java.util.ArrayList.forEach(ArrayList.java:1596)
]]></failure>
    <system-out><![CDATA[2025-12-12 10:54:07.890 [main] INFO  [] [] c.b.a.service.AccountService - Creating new account for customer: cb3d103f-51ed-4649-821c-5234ce37c4c2
2025-12-12 10:54:07.890 [main] INFO  [] [] c.b.a.service.AccountService - Account created successfully: a86162cf-63c8-4b48-9bbb-e2d430086ac0
]]></system-out>
  </testcase>
  <testcase name="getAccountById_WithWrongCustomerId_ShouldThrowSecurityException" classname="com.banking.accountmanagementapis.service.AccountServiceTest" time="0.0">
    <system-out><![CDATA[2025-12-12 10:54:07.637 [main] INFO  [] [] c.b.a.service.AccountService - Getting account by ID: 22771e2c-b478-4a66-97ad-4737b21c95b5 for customer: 5ee37b54-aa5a-4810-b44d-16a50260f15e
]]></system-out>
  </testcase>
  <testcase name="getAccountById_WithWrongCustomerId_ShouldThrowSecurityException" classname="com.banking.accountmanagementapis.service.AccountServiceTest" time="0.009">
    <system-out><![CDATA[2025-12-12 10:54:07.899 [main] INFO  [] [] c.b.a.service.AccountService - Getting account by ID: dbb22fa9-cc7c-44ec-9a50-00e08fde2690 for customer: b8ed145e-dcab-4ee7-b065-691fbc7ba0e5
]]></system-out>
  </testcase>
  <testcase name="updateAccount_WithWrongCustomerId_ShouldThrowSecurityException" classname="com.banking.accountmanagementapis.service.AccountServiceTest" time="0.005">
    <system-out><![CDATA[2025-12-12 10:54:07.641 [main] INFO  [] [] c.b.a.service.AccountService - Updating account: a70774f4-e46e-4e69-9ebd-e1eae3cd435c for customer: 40f7b836-7362-4578-ba2b-b709999223c0
]]></system-out>
  </testcase>
  <testcase name="updateAccount_WithWrongCustomerId_ShouldThrowSecurityException" classname="com.banking.accountmanagementapis.service.AccountServiceTest" time="0.001">
    <system-out><![CDATA[2025-12-12 10:54:07.901 [main] INFO  [] [] c.b.a.service.AccountService - Updating account: 216246ec-216a-4eb8-9d88-da5b4e69a309 for customer: 483237b6-3c14-43c1-a872-c607a5e73cd7
]]></system-out>
  </testcase>
  <testcase name="getAccountsWithFilters_WithFilters_ShouldReturnFilteredAccounts" classname="com.banking.accountmanagementapis.service.AccountServiceTest" time="0.002">
    <system-out><![CDATA[2025-12-12 10:54:07.644 [main] INFO  [] [] c.b.a.service.AccountService - Getting filtered accounts for customer: 46d7927b-ad7d-4d6d-a35e-9a641612026f
]]></system-out>
  </testcase>
  <testcase name="getAccountsWithFilters_WithFilters_ShouldReturnFilteredAccounts" classname="com.banking.accountmanagementapis.service.AccountServiceTest" time="0.0">
    <system-out><![CDATA[2025-12-12 10:54:07.901 [main] INFO  [] [] c.b.a.service.AccountService - Getting filtered accounts for customer: 50578ba3-8852-40c7-8d1c-f6da47310722
]]></system-out>
  </testcase>
  <testcase name="closeAccount_WithInvalidAccountId_ShouldThrowException" classname="com.banking.accountmanagementapis.service.AccountServiceTest" time="0.0">
    <system-out><![CDATA[2025-12-12 10:54:07.645 [main] INFO  [] [] c.b.a.service.AccountService - Closing account: b2cbbe1f-374a-475a-b91a-9508ba1d70d2 for customer: 0ae3c97c-4c18-4506-9089-87e91715fdd0 with reason: CUSTOMER_REQUEST
]]></system-out>
  </testcase>
  <testcase name="closeAccount_WithInvalidAccountId_ShouldThrowException" classname="com.banking.accountmanagementapis.service.AccountServiceTest" time="0.0">
    <system-out><![CDATA[2025-12-12 10:54:07.901 [main] INFO  [] [] c.b.a.service.AccountService - Closing account: 212c234b-3ad3-4304-8b46-3a7d9a6ec0b4 for customer: 400db5c7-ff1c-4f04-8adb-ea9e4eaa41bf with reason: CUSTOMER_REQUEST
]]></system-out>
  </testcase>
  <testcase name="closeAccount_WithZeroBalance_ShouldCloseAccount" classname="com.banking.accountmanagementapis.service.AccountServiceTest" time="0.004">
    <system-out><![CDATA[2025-12-12 10:54:07.652 [main] INFO  [] [] c.b.a.service.AccountService - Closing account: 8af0c610-3241-4229-9c85-153a5a75b4a6 for customer: b7395344-a1ba-4168-afd8-53dad5d25c3b with reason: CUSTOMER_REQUEST
2025-12-12 10:54:07.653 [main] INFO  [] [] c.b.a.service.AccountService - Account closed successfully: 8af0c610-3241-4229-9c85-153a5a75b4a6
]]></system-out>
  </testcase>
  <testcase name="closeAccount_WithZeroBalance_ShouldCloseAccount" classname="com.banking.accountmanagementapis.service.AccountServiceTest" time="0.0">
    <system-out><![CDATA[2025-12-12 10:54:07.901 [main] INFO  [] [] c.b.a.service.AccountService - Closing account: 0de23beb-d091-4c37-a7d9-192a74243cbf for customer: 9f1fc337-8b9b-4f81-8a50-39ed9ae1e25b with reason: CUSTOMER_REQUEST
2025-12-12 10:54:07.901 [main] INFO  [] [] c.b.a.service.AccountService - Account closed successfully: 0de23beb-d091-4c37-a7d9-192a74243cbf
]]></system-out>
  </testcase>
  <testcase name="getActiveAccountsCount_WithValidCustomerId_ShouldReturnCount" classname="com.banking.accountmanagementapis.service.AccountServiceTest" time="0.001"/>
  <testcase name="getActiveAccountsCount_WithValidCustomerId_ShouldReturnCount" classname="com.banking.accountmanagementapis.service.AccountServiceTest" time="0.002"/>
</testsuite>