<?xml version="1.0" encoding="UTF-8"?>
<testsuite xmlns:xsi="http://www.w3.org/2001/XMLSchema-instance" xsi:noNamespaceSchemaLocation="https://maven.apache.org/surefire/maven-surefire-plugin/xsd/surefire-test-report-3.0.xsd" version="3.0" name="com.banking.accountmanagementapis.controller.SimpleAccountControllerTest" time="0.186" tests="16" errors="0" skipped="0" failures="2">
  <properties>
[...]
</properties>
  <testcase name="createAccount_WhenServiceThrowsIllegalArgumentException_ShouldReturn400" classname="com.banking.accountmanagementapis.controller.SimpleAccountControllerTest" time="0.887">
    <failure message="No value at JSON path &quot;$.error&quot;" type="java.lang.AssertionError"><![CDATA[java.lang.AssertionError: No value at JSON path "$.error"
	at org.springframework.test.util.JsonPathExpectationsHelper.evaluateJsonPath(JsonPathExpectationsHelper.java:302)
	at org.springframework.test.util.JsonPathExpectationsHelper.assertValue(JsonPathExpectationsHelper.java:73)
	at org.springframework.test.web.servlet.result.JsonPathResultMatchers.lambda$value$0(JsonPathResultMatchers.java:87)
	at org.springframework.test.web.servlet.MockMvc$1.andExpect(MockMvc.java:214)
	at com.banking.accountmanagementapis.controller.SimpleAccountControllerTest.createAccount_WhenServiceThrowsIllegalArgumentException_ShouldReturn400(SimpleAccountControllerTest.java:273)
	at java.base/java.lang.reflect.Method.invoke(Method.java:580)
	at java.base/java.util.ArrayList.forEach(ArrayList.java:1596)
	at java.base/java.util.ArrayList.forEach(ArrayList.java:1596)
Caused by: java.lang.IllegalArgumentException: json can not be null or empty
	at com.jayway.jsonpath.internal.Utils.notEmpty(Utils.java:401)
	at com.jayway.jsonpath.JsonPath.read(JsonPath.java:390)
	at com.jayway.jsonpath.JsonPath.read(JsonPath.java:377)
	at org.springframework.test.util.JsonPathExpectationsHelper.evaluateJsonPath(JsonPathExpectationsHelper.java:299)
	... 7 more
]]></failure>
    <system-out><![CDATA[10:53:57.265 [main] INFO org.springframework.test.context.support.AnnotationConfigContextLoaderUtils -- Could not detect default configuration classes for test class [com.banking.accountmanagementapis.controller.SimpleAccountControllerTest]: SimpleAccountControllerTest does not declare any static, non-private, non-final, nested classes annotated with @Configuration.
10:53:57.418 [main] INFO org.springframework.boot.test.context.SpringBootTestContextBootstrapper -- Found @SpringBootConfiguration com.banking.accountmanagementapis.AccountManagementApisApplication for test class com.banking.accountmanagementapis.controller.SimpleAccountControllerTest
2025-12-12 10:53:57.826 [main] INFO  [] [] c.b.a.c.SimpleAccountControllerTest - Starting SimpleAccountControllerTest using Java 21.0.8 with PID 9732 (started by ravi.cheetirala in C:\Ravi\BOQ\account-management-apis)
2025-12-12 10:53:57.832 [main] INFO  [] [] c.b.a.c.SimpleAccountControllerTest - The following 1 profile is active: "test"
2025-12-12 10:54:00.480 [main] WARN  [] [] o.s.b.a.m.MustacheAutoConfiguration - Cannot find template location: classpath:/templates/ (please add some templates, check your Mustache configuration, or set spring.mustache.check-template-location=false)
2025-12-12 10:54:00.557 [main] INFO  [] [] o.s.b.t.m.w.SpringBootMockServletContext - Initializing Spring TestDispatcherServlet ''
2025-12-12 10:54:00.557 [main] INFO  [] [] o.s.t.w.s.TestDispatcherServlet - Initializing Servlet ''
2025-12-12 10:54:00.564 [main] DEBUG [] [] o.s.t.w.s.TestDispatcherServlet - Detected AcceptHeaderLocaleResolver
2025-12-12 10:54:00.564 [main] DEBUG [] [] o.s.t.w.s.TestDispatcherServlet - Detected FixedThemeResolver
2025-12-12 10:54:00.564 [main] DEBUG [] [] o.s.t.w.s.TestDispatcherServlet - Detected org.springframework.web.servlet.view.DefaultRequestToViewNameTranslator@74ce7fdf
2025-12-12 10:54:00.564 [main] DEBUG [] [] o.s.t.w.s.TestDispatcherServlet - Detected org.springframework.web.servlet.support.SessionFlashMapManager@2ccc9681
2025-12-12 10:54:00.566 [main] DEBUG [] [] o.s.t.w.s.TestDispatcherServlet - enableLoggingRequestDetails='false': request parameters and headers will be masked to prevent unsafe logging of potentially sensitive data
2025-12-12 10:54:00.566 [main] INFO  [] [] o.s.t.w.s.TestDispatcherServlet - Completed initialization in 9 ms
2025-12-12 10:54:00.599 [main] INFO  [] [] c.b.a.c.SimpleAccountControllerTest - Started SimpleAccountControllerTest in 3.134 seconds (process running for 4.526)
2025-12-12 10:54:00.612 [main] DEBUG [] [] o.springframework.test.context.cache - Spring test ApplicationContext cache statistics: [DefaultContextCache@16cf7fd0 size = 1, maxSize = 32, parentContextCount = 0, hitCount = 0, missCount = 1, failureCount = 0]
2025-12-12 10:54:00.612 [main] DEBUG [] [] o.s.t.c.s.DependencyInjectionTestExecutionListener - Performing dependency injection for test class com.banking.accountmanagementapis.controller.SimpleAccountControllerTest
2025-12-12 10:54:00.615 [main] DEBUG [] [] o.springframework.test.context.cache - Spring test ApplicationContext cache statistics: [DefaultContextCache@16cf7fd0 size = 1, maxSize = 32, parentContextCount = 0, hitCount = 1, missCount = 1, failureCount = 0]
2025-12-12 10:54:00.624 [main] DEBUG [] [] o.springframework.test.context.cache - Spring test ApplicationContext cache statistics: [DefaultContextCache@16cf7fd0 size = 1, maxSize = 32, parentContextCount = 0, hitCount = 2, missCount = 1, failureCount = 0]
2025-12-12 10:54:00.674 [main] DEBUG [] [] o.s.t.c.s.DirtiesContextBeforeModesTestExecutionListener - Before test method: class [SimpleAccountControllerTest], method [createAccount_WhenServiceThrowsIllegalArgumentException_ShouldReturn400], class annotated with @DirtiesContext [false] with mode [null], method annotated with @DirtiesContext [false] with mode [null]
2025-12-12 10:54:00.676 [main] DEBUG [] [] o.springframework.test.context.cache - Spring test ApplicationContext cache statistics: [DefaultContextCache@16cf7fd0 size = 1, maxSize = 32, parentContextCount = 0, hitCount = 3, missCount = 1, failureCount = 0]
2025-12-12 10:54:00.683 [main] DEBUG [] [] o.springframework.test.context.cache - Spring test ApplicationContext cache statistics: [DefaultContextCache@16cf7fd0 size = 1, maxSize = 32, parentContextCount = 0, hitCount = 4, missCount = 1, failureCount = 0]
2025-12-12 10:54:01.035 [main] DEBUG [] [] o.springframework.test.context.cache - Spring test ApplicationContext cache statistics: [DefaultContextCache@16cf7fd0 size = 1, maxSize = 32, parentContextCount = 0, hitCount = 5, missCount = 1, failureCount = 0]
2025-12-12 10:54:01.182 [main] DEBUG [] [] o.s.t.w.s.TestDispatcherServlet - POST "/v2/accounts", parameters={}
2025-12-12 10:54:01.417 [main] WARN  [] [] o.s.w.s.m.s.DefaultHandlerExceptionResolver - Resolved [org.springframework.web.bind.MethodArgumentNotValidException: Validation failed for argument [2] in public org.springframework.http.ResponseEntity<?> com.banking.accountmanagementapis.controller.SimpleAccountController.createAccount(java.lang.String,java.lang.String,com.banking.accountmanagementapis.dto.CreateAccountRequest): [Field error in object 'createAccountRequest' on field 'customerDetails.phoneNumber': rejected value [1-845-954-6918]; codes [Pattern.createAccountRequest.customerDetails.phoneNumber,Pattern.customerDetails.phoneNumber,Pattern.phoneNumber,Pattern.java.lang.String,Pattern]; arguments [org.springframework.context.support.DefaultMessageSourceResolvable: codes [createAccountRequest.customerDetails.phoneNumber,customerDetails.phoneNumber]; arguments []; default message [customerDetails.phoneNumber],[Ljakarta.validation.constraints.Pattern$Flag;@125ace20,^\+?[1-9]\d{1,14}$]; default message [Invalid phone number format]] ]
2025-12-12 10:54:01.417 [main] DEBUG [] [] o.s.t.w.s.TestDispatcherServlet - Completed 400 BAD_REQUEST

MockHttpServletRequest:
      HTTP Method = POST
      Request URI = /v2/accounts
       Parameters = {}
          Headers = [Content-Type:"application/json;charset=UTF-8", X-Customer-ID:"6306d581-ccd3-4bce-8e86-dde6d9371574", Content-Length:"477"]
             Body = {
  "accountType" : "CHECKING",
  "currency" : "USD",
  "initialDeposit" : 1000.0,
  "customerDetails" : {
    "firstName" : "Kristofer",
    "lastName" : "Abbott",
    "email" : "viva.bins@gmail.com",
    "phoneNumber" : "1-845-954-6918",
    "address" : "Apt. 494 2535 Teisha Tunnel, Jarrodbury, TX 17592"
  },
  "accountNickname" : "magni veritatis et",
  "metadata" : {
    "createdBy" : "carly.wisoky",
    "source" : "test",
    "priority" : "HIGH"
  }
}
    Session Attrs = {}

Handler:
             Type = com.banking.accountmanagementapis.controller.SimpleAccountController
           Method = com.banking.accountmanagementapis.controller.SimpleAccountController#createAccount(String, String, CreateAccountRequest)

Async:
    Async started = false
     Async result = null

Resolved Exception:
             Type = org.springframework.web.bind.MethodArgumentNotValidException

ModelAndView:
        View name = null
             View = null
            Model = null

FlashMap:
       Attributes = null

MockHttpServletResponse:
           Status = 400
    Error message = Invalid request content.
          Headers = []
     Content type = null
             Body = 
    Forwarded URL = null
   Redirected URL = null
          Cookies = []
2025-12-12 10:54:01.484 [main] DEBUG [] [] o.springframework.test.context.cache - Spring test ApplicationContext cache statistics: [DefaultContextCache@16cf7fd0 size = 1, maxSize = 32, parentContextCount = 0, hitCount = 6, missCount = 1, failureCount = 0]
2025-12-12 10:54:01.484 [main] DEBUG [] [] o.springframework.test.context.cache - Spring test ApplicationContext cache statistics: [DefaultContextCache@16cf7fd0 size = 1, maxSize = 32, parentContextCount = 0, hitCount = 7, missCount = 1, failureCount = 0]
2025-12-12 10:54:01.484 [main] DEBUG [] [] o.springframework.test.context.cache - Spring test ApplicationContext cache statistics: [DefaultContextCache@16cf7fd0 size = 1, maxSize = 32, parentContextCount = 0, hitCount = 8, missCount = 1, failureCount = 0]

MockHttpServletRequest:
      HTTP Method = POST
      Request URI = /v2/accounts
       Parameters = {}
          Headers = [Content-Type:"application/json;charset=UTF-8", X-Customer-ID:"6306d581-ccd3-4bce-8e86-dde6d9371574", Content-Length:"477"]
             Body = {
  "accountType" : "CHECKING",
  "currency" : "USD",
  "initialDeposit" : 1000.0,
  "customerDetails" : {
    "firstName" : "Kristofer",
    "lastName" : "Abbott",
    "email" : "viva.bins@gmail.com",
    "phoneNumber" : "1-845-954-6918",
    "address" : "Apt. 494 2535 Teisha Tunnel, Jarrodbury, TX 17592"
  },
  "accountNickname" : "magni veritatis et",
  "metadata" : {
    "createdBy" : "carly.wisoky",
    "source" : "test",
    "priority" : "HIGH"
  }
}
    Session Attrs = {}

Handler:
             Type = com.banking.accountmanagementapis.controller.SimpleAccountController
           Method = com.banking.accountmanagementapis.controller.SimpleAccountController#createAccount(String, String, CreateAccountRequest)

Async:
    Async started = false
     Async result = null

Resolved Exception:
             Type = org.springframework.web.bind.MethodArgumentNotValidException

ModelAndView:
        View name = null
             View = null
            Model = null

FlashMap:
       Attributes = null

MockHttpServletResponse:
           Status = 400
    Error message = Invalid request content.
          Headers = []
     Content type = null
             Body = 
    Forwarded URL = null
   Redirected URL = null
          Cookies = []
2025-12-12 10:54:01.484 [main] DEBUG [] [] o.springframework.test.context.cache - Spring test ApplicationContext cache statistics: [DefaultContextCache@16cf7fd0 size = 1, maxSize = 32, parentContextCount = 0, hitCount = 9, missCount = 1, failureCount = 0]
2025-12-12 10:54:01.484 [main] DEBUG [] [] o.springframework.test.context.cache - Spring test ApplicationContext cache statistics: [DefaultContextCache@16cf7fd0 size = 1, maxSize = 32, parentContextCount = 0, hitCount = 10, missCount = 1, failureCount = 0]
2025-12-12 10:54:01.484 [main] DEBUG [] [] o.springframework.test.context.cache - Spring test ApplicationContext cache statistics: [DefaultContextCache@16cf7fd0 size = 1, maxSize = 32, parentContextCount = 0, hitCount = 11, missCount = 1, failureCount = 0]
2025-12-12 10:54:01.484 [main] DEBUG [] [] o.s.t.c.s.DirtiesContextTestExecutionListener - After test method: class [SimpleAccountControllerTest], method [createAccount_WhenServiceThrowsIllegalArgumentException_ShouldReturn400], class annotated with @DirtiesContext [false] with mode [null], method annotated with @DirtiesContext [false] with mode [null]
]]></system-out>
    <system-err><![CDATA[WARNING: A Java agent has been loaded dynamically (C:\Users\ravi.cheetirala\.m2\repository\net\bytebuddy\byte-buddy-agent\1.14.10\byte-buddy-agent-1.14.10.jar)
WARNING: If a serviceability tool is in use, please run with -XX:+EnableDynamicAgentLoading to hide this warning
WARNING: If a serviceability tool is not in use, please run with -Djdk.instrument.traceUsage for more information
WARNING: Dynamic loading of agents will be disallowed by default in a future release
]]></system-err>
  </testcase>
  <testcase name="createAccount_WhenServiceThrowsIllegalArgumentException_ShouldReturn400" classname="com.banking.accountmanagementapis.controller.SimpleAccountControllerTest" time="0.012">
    <failure message="No value at JSON path &quot;$.error&quot;" type="java.lang.AssertionError"><![CDATA[java.lang.AssertionError: No value at JSON path "$.error"
	at org.springframework.test.util.JsonPathExpectationsHelper.evaluateJsonPath(JsonPathExpectationsHelper.java:302)
	at org.springframework.test.util.JsonPathExpectationsHelper.assertValue(JsonPathExpectationsHelper.java:73)
	at org.springframework.test.web.servlet.result.JsonPathResultMatchers.lambda$value$0(JsonPathResultMatchers.java:87)
	at org.springframework.test.web.servlet.MockMvc$1.andExpect(MockMvc.java:214)
	at com.banking.accountmanagementapis.controller.SimpleAccountControllerTest.createAccount_WhenServiceThrowsIllegalArgumentException_ShouldReturn400(SimpleAccountControllerTest.java:273)
	at java.base/java.lang.reflect.Method.invoke(Method.java:580)
	at java.base/java.util.ArrayList.forEach(ArrayList.java:1596)
	at java.base/java.util.ArrayList.forEach(ArrayList.java:1596)
Caused by: java.lang.IllegalArgumentException: json can not be null or empty
	at com.jayway.jsonpath.internal.Utils.notEmpty(Utils.java:401)
	at com.jayway.jsonpath.JsonPath.read(JsonPath.java:390)
	at com.jayway.jsonpath.JsonPath.read(JsonPath.java:377)
	at org.springframework.test.util.JsonPathExpectationsHelper.evaluateJsonPath(JsonPathExpectationsHelper.java:299)
	... 7 more
]]></failure>
    <system-out><![CDATA[2025-12-12 10:54:07.668 [main] DEBUG [] [] o.s.t.c.s.AbstractContextLoader - Could not detect default resource locations for test class [com.banking.accountmanagementapis.controller.SimpleAccountControllerTest]: no resource found for suffixes {-context.xml, Context.groovy}.
2025-12-12 10:54:07.668 [main] INFO  [] [] o.s.t.c.s.AnnotationConfigContextLoaderUtils - Could not detect default configuration classes for test class [com.banking.accountmanagementapis.controller.SimpleAccountControllerTest]: SimpleAccountControllerTest does not declare any static, non-private, non-final, nested classes annotated with @Configuration.
2025-12-12 10:54:07.671 [main] INFO  [] [] o.s.b.t.c.SpringBootTestContextBootstrapper - Found @SpringBootConfiguration com.banking.accountmanagementapis.AccountManagementApisApplication for test class com.banking.accountmanagementapis.controller.SimpleAccountControllerTest
2025-12-12 10:54:07.671 [main] DEBUG [] [] o.s.t.c.u.TestContextSpringFactoriesUtils - Skipping candidate TestExecutionListener [org.springframework.test.context.observation.MicrometerObservationRegistryTestExecutionListener] due to a missing dependency. Specify custom TestExecutionListener classes or make the default TestExecutionListener classes and their required dependencies available. Offending class: io.micrometer.context.ThreadLocalAccessor. MicrometerObservationRegistryTestExecutionListener requires io.micrometer:micrometer-observation:1.10.8 or higher and io.micrometer:context-propagation:1.0.3 or higher.
2025-12-12 10:54:07.671 [main] DEBUG [] [] o.s.t.c.s.DirtiesContextBeforeModesTestExecutionListener - Before test class: class [SimpleAccountControllerTest], class annotated with @DirtiesContext [false] with mode [null]
2025-12-12 10:54:07.671 [main] DEBUG [] [] o.springframework.test.context.cache - Spring test ApplicationContext cache statistics: [DefaultContextCache@16cf7fd0 size = 3, maxSize = 32, parentContextCount = 0, hitCount = 440, missCount = 3, failureCount = 0]
2025-12-12 10:54:07.671 [main] DEBUG [] [] o.springframework.test.context.cache - Spring test ApplicationContext cache statistics: [DefaultContextCache@16cf7fd0 size = 3, maxSize = 32, parentContextCount = 0, hitCount = 441, missCount = 3, failureCount = 0]
2025-12-12 10:54:07.671 [main] DEBUG [] [] o.s.t.c.s.DependencyInjectionTestExecutionListener - Performing dependency injection for test class com.banking.accountmanagementapis.controller.SimpleAccountControllerTest
2025-12-12 10:54:07.671 [main] DEBUG [] [] o.springframework.test.context.cache - Spring test ApplicationContext cache statistics: [DefaultContextCache@16cf7fd0 size = 3, maxSize = 32, parentContextCount = 0, hitCount = 442, missCount = 3, failureCount = 0]
2025-12-12 10:54:07.671 [main] DEBUG [] [] o.springframework.test.context.cache - Spring test ApplicationContext cache statistics: [DefaultContextCache@16cf7fd0 size = 3, maxSize = 32, parentContextCount = 0, hitCount = 443, missCount = 3, failureCount = 0]
2025-12-12 10:54:07.671 [main] DEBUG [] [] o.s.t.c.s.DirtiesContextBeforeModesTestExecutionListener - Before test method: class [SimpleAccountControllerTest], method [createAccount_WhenServiceThrowsIllegalArgumentException_ShouldReturn400], class annotated with @DirtiesContext [false] with mode [null], method annotated with @DirtiesContext [false] with mode [null]
2025-12-12 10:54:07.671 [main] DEBUG [] [] o.springframework.test.context.cache - Spring test ApplicationContext cache statistics: [DefaultContextCache@16cf7fd0 size = 3, maxSize = 32, parentContextCount = 0, hitCount = 444, missCount = 3, failureCount = 0]
2025-12-12 10:54:07.671 [main] DEBUG [] [] o.springframework.test.context.cache - Spring test ApplicationContext cache statistics: [DefaultContextCache@16cf7fd0 size = 3, maxSize = 32, parentContextCount = 0, hitCount = 445, missCount = 3, failureCount = 0]
2025-12-12 10:54:07.671 [main] DEBUG [] [] o.springframework.test.context.cache - Spring test ApplicationContext cache statistics: [DefaultContextCache@16cf7fd0 size = 3, maxSize = 32, parentContextCount = 0, hitCount = 446, missCount = 3, failureCount = 0]
2025-12-12 10:54:07.671 [main] DEBUG [] [] o.s.t.w.s.TestDispatcherServlet - POST "/v2/accounts", parameters={}
2025-12-12 10:54:07.671 [main] WARN  [] [] o.s.w.s.m.s.DefaultHandlerExceptionResolver - Resolved [org.springframework.web.bind.MethodArgumentNotValidException: Validation failed for argument [2] in public org.springframework.http.ResponseEntity<?> com.banking.accountmanagementapis.controller.SimpleAccountController.createAccount(java.lang.String,java.lang.String,com.banking.accountmanagementapis.dto.CreateAccountRequest): [Field error in object 'createAccountRequest' on field 'customerDetails.phoneNumber': rejected value [1-914-339-2308]; codes [Pattern.createAccountRequest.customerDetails.phoneNumber,Pattern.customerDetails.phoneNumber,Pattern.phoneNumber,Pattern.java.lang.String,Pattern]; arguments [org.springframework.context.support.DefaultMessageSourceResolvable: codes [createAccountRequest.customerDetails.phoneNumber,customerDetails.phoneNumber]; arguments []; default message [customerDetails.phoneNumber],[Ljakarta.validation.constraints.Pattern$Flag;@125ace20,^\+?[1-9]\d{1,14}$]; default message [Invalid phone number format]] ]
2025-12-12 10:54:07.671 [main] DEBUG [] [] o.s.t.w.s.TestDispatcherServlet - Completed 400 BAD_REQUEST

MockHttpServletRequest:
      HTTP Method = POST
      Request URI = /v2/accounts
       Parameters = {}
          Headers = [Content-Type:"application/json;charset=UTF-8", X-Customer-ID:"9cfb3854-c802-488a-bd5e-4b9d76ad9148", Content-Length:"482"]
             Body = {
  "accountType" : "CHECKING",
  "currency" : "USD",
  "initialDeposit" : 1000.0,
  "customerDetails" : {
    "firstName" : "Ruben",
    "lastName" : "Hoppe",
    "email" : "maximo.oreilly@gmail.com",
    "phoneNumber" : "1-914-339-2308",
    "address" : "Apt. 572 6544 Williamson Lights, Jastton, PA 22903"
  },
  "accountNickname" : "perspiciatis dicta iusto",
  "metadata" : {
    "createdBy" : "gala.boehm",
    "source" : "test",
    "priority" : "HIGH"
  }
}
    Session Attrs = {}

Handler:
             Type = com.banking.accountmanagementapis.controller.SimpleAccountController
           Method = com.banking.accountmanagementapis.controller.SimpleAccountController#createAccount(String, String, CreateAccountRequest)

Async:
    Async started = false
     Async result = null

Resolved Exception:
             Type = org.springframework.web.bind.MethodArgumentNotValidException

ModelAndView:
        View name = null
             View = null
            Model = null

FlashMap:
       Attributes = null

MockHttpServletResponse:
           Status = 400
    Error message = Invalid request content.
          Headers = []
     Content type = null
             Body = 
    Forwarded URL = null
   Redirected URL = null
          Cookies = []
2025-12-12 10:54:07.671 [main] DEBUG [] [] o.springframework.test.context.cache - Spring test ApplicationContext cache statistics: [DefaultContextCache@16cf7fd0 size = 3, maxSize = 32, parentContextCount = 0, hitCount = 447, missCount = 3, failureCount = 0]
2025-12-12 10:54:07.671 [main] DEBUG [] [] o.springframework.test.context.cache - Spring test ApplicationContext cache statistics: [DefaultContextCache@16cf7fd0 size = 3, maxSize = 32, parentContextCount = 0, hitCount = 448, missCount = 3, failureCount = 0]
2025-12-12 10:54:07.671 [main] DEBUG [] [] o.springframework.test.context.cache - Spring test ApplicationContext cache statistics: [DefaultContextCache@16cf7fd0 size = 3, maxSize = 32, parentContextCount = 0, hitCount = 449, missCount = 3, failureCount = 0]

MockHttpServletRequest:
      HTTP Method = POST
      Request URI = /v2/accounts
       Parameters = {}
          Headers = [Content-Type:"application/json;charset=UTF-8", X-Customer-ID:"9cfb3854-c802-488a-bd5e-4b9d76ad9148", Content-Length:"482"]
             Body = {
  "accountType" : "CHECKING",
  "currency" : "USD",
  "initialDeposit" : 1000.0,
  "customerDetails" : {
    "firstName" : "Ruben",
    "lastName" : "Hoppe",
    "email" : "maximo.oreilly@gmail.com",
    "phoneNumber" : "1-914-339-2308",
    "address" : "Apt. 572 6544 Williamson Lights, Jastton, PA 22903"
  },
  "accountNickname" : "perspiciatis dicta iusto",
  "metadata" : {
    "createdBy" : "gala.boehm",
    "source" : "test",
    "priority" : "HIGH"
  }
}
    Session Attrs = {}

Handler:
             Type = com.banking.accountmanagementapis.controller.SimpleAccountController
           Method = com.banking.accountmanagementapis.controller.SimpleAccountController#createAccount(String, String, CreateAccountRequest)

Async:
    Async started = false
     Async result = null

Resolved Exception:
             Type = org.springframework.web.bind.MethodArgumentNotValidException

ModelAndView:
        View name = null
             View = null
            Model = null

FlashMap:
       Attributes = null

MockHttpServletResponse:
           Status = 400
    Error message = Invalid request content.
          Headers = []
     Content type = null
             Body = 
    Forwarded URL = null
   Redirected URL = null
          Cookies = []
2025-12-12 10:54:07.671 [main] DEBUG [] [] o.springframework.test.context.cache - Spring test ApplicationContext cache statistics: [DefaultContextCache@16cf7fd0 size = 3, maxSize = 32, parentContextCount = 0, hitCount = 450, missCount = 3, failureCount = 0]
2025-12-12 10:54:07.671 [main] DEBUG [] [] o.springframework.test.context.cache - Spring test ApplicationContext cache statistics: [DefaultContextCache@16cf7fd0 size = 3, maxSize = 32, parentContextCount = 0, hitCount = 451, missCount = 3, failureCount = 0]
2025-12-12 10:54:07.671 [main] DEBUG [] [] o.springframework.test.context.cache - Spring test ApplicationContext cache statistics: [DefaultContextCache@16cf7fd0 size = 3, maxSize = 32, parentContextCount = 0, hitCount = 452, missCount = 3, failureCount = 0]
2025-12-12 10:54:07.671 [main] DEBUG [] [] o.s.t.c.s.DirtiesContextTestExecutionListener - After test method: class [SimpleAccountControllerTest], method [createAccount_WhenServiceThrowsIllegalArgumentException_ShouldReturn400], class annotated with @DirtiesContext [false] with mode [null], method annotated with @DirtiesContext [false] with mode [null]
]]></system-out>
  </testcase>
  <testcase name="getAccount_WithValidAccountId_ShouldReturnAccountDetails" classname="com.banking.accountmanagementapis.controller.SimpleAccountControllerTest" time="0.089">
    <system-out><![CDATA[2025-12-12 10:54:01.523 [main] DEBUG [] [] o.springframework.test.context.cache - Spring test ApplicationContext cache statistics: [DefaultContextCache@16cf7fd0 size = 1, maxSize = 32, parentContextCount = 0, hitCount = 12, missCount = 1, failureCount = 0]
2025-12-12 10:54:01.523 [main] DEBUG [] [] o.s.t.c.s.DependencyInjectionTestExecutionListener - Performing dependency injection for test class com.banking.accountmanagementapis.controller.SimpleAccountControllerTest
2025-12-12 10:54:01.523 [main] DEBUG [] [] o.springframework.test.context.cache - Spring test ApplicationContext cache statistics: [DefaultContextCache@16cf7fd0 size = 1, maxSize = 32, parentContextCount = 0, hitCount = 13, missCount = 1, failureCount = 0]
2025-12-12 10:54:01.525 [main] DEBUG [] [] o.springframework.test.context.cache - Spring test ApplicationContext cache statistics: [DefaultContextCache@16cf7fd0 size = 1, maxSize = 32, parentContextCount = 0, hitCount = 14, missCount = 1, failureCount = 0]
2025-12-12 10:54:01.528 [main] DEBUG [] [] o.s.t.c.s.DirtiesContextBeforeModesTestExecutionListener - Before test method: class [SimpleAccountControllerTest], method [getAccount_WithValidAccountId_ShouldReturnAccountDetails], class annotated with @DirtiesContext [false] with mode [null], method annotated with @DirtiesContext [false] with mode [null]
2025-12-12 10:54:01.530 [main] DEBUG [] [] o.springframework.test.context.cache - Spring test ApplicationContext cache statistics: [DefaultContextCache@16cf7fd0 size = 1, maxSize = 32, parentContextCount = 0, hitCount = 15, missCount = 1, failureCount = 0]
2025-12-12 10:54:01.530 [main] DEBUG [] [] o.springframework.test.context.cache - Spring test ApplicationContext cache statistics: [DefaultContextCache@16cf7fd0 size = 1, maxSize = 32, parentContextCount = 0, hitCount = 16, missCount = 1, failureCount = 0]
2025-12-12 10:54:01.534 [main] DEBUG [] [] o.springframework.test.context.cache - Spring test ApplicationContext cache statistics: [DefaultContextCache@16cf7fd0 size = 1, maxSize = 32, parentContextCount = 0, hitCount = 17, missCount = 1, failureCount = 0]
2025-12-12 10:54:01.542 [main] DEBUG [] [] o.s.t.w.s.TestDispatcherServlet - GET "/v2/accounts/89f25575-d21a-4e9a-b10d-f82b488e364e", parameters={}
2025-12-12 10:54:01.548 [main] INFO  [] [] c.b.a.c.SimpleAccountController - Get account details - AccountId: 89f25575-d21a-4e9a-b10d-f82b488e364e, CustomerId: 6525cb80-3f95-4763-b6a6-01840213454a, RequestId: 4f76cb79-7f16-400b-9fab-da7683d480f2
2025-12-12 10:54:01.583 [main] DEBUG [] [] o.s.t.w.s.TestDispatcherServlet - Completed 200 OK

MockHttpServletRequest:
      HTTP Method = GET
      Request URI = /v2/accounts/89f25575-d21a-4e9a-b10d-f82b488e364e
       Parameters = {}
          Headers = [X-Customer-ID:"6525cb80-3f95-4763-b6a6-01840213454a", X-Request-ID:"4f76cb79-7f16-400b-9fab-da7683d480f2"]
             Body = null
    Session Attrs = {}

Handler:
             Type = com.banking.accountmanagementapis.controller.SimpleAccountController
           Method = com.banking.accountmanagementapis.controller.SimpleAccountController#getAccount(String, String, String)

Async:
    Async started = false
     Async result = null

Resolved Exception:
             Type = null

ModelAndView:
        View name = null
             View = null
            Model = null

FlashMap:
       Attributes = null

MockHttpServletResponse:
           Status = 200
    Error message = null
          Headers = [Content-Type:"application/json"]
     Content type = application/json
             Body = {
  "accountId" : "89f25575-d21a-4e9a-b10d-f82b488e364e",
  "accountNumber" : "****5656",
  "accountType" : "CREDIT_CARD",
  "status" : "INACTIVE",
  "currency" : "EUR",
  "balance" : {
    "amount" : 4767.82,
    "currency" : "EUR"
  },
  "availableBalance" : {
    "amount" : 4767.82,
    "currency" : "EUR"
  },
  "accountNickname" : "sequi nostrum quia",
  "customerId" : "6525cb80-3f95-4763-b6a6-01840213454a",
  "branchId" : "BR002",
  "createdAt" : "2025-11-29T10:54:01.5339017",
  "updatedAt" : "2025-12-09T10:54:01.5339017",
  "lastActivityAt" : "2025-12-11T10:54:01.5339017",
  "metadata" : {
    "createdBy" : "ardelia.lesch",
    "source" : "test",
    "priority" : "LOW"
  }
}
    Forwarded URL = null
   Redirected URL = null
          Cookies = []
2025-12-12 10:54:01.601 [main] DEBUG [] [] o.springframework.test.context.cache - Spring test ApplicationContext cache statistics: [DefaultContextCache@16cf7fd0 size = 1, maxSize = 32, parentContextCount = 0, hitCount = 18, missCount = 1, failureCount = 0]
2025-12-12 10:54:01.601 [main] DEBUG [] [] o.springframework.test.context.cache - Spring test ApplicationContext cache statistics: [DefaultContextCache@16cf7fd0 size = 1, maxSize = 32, parentContextCount = 0, hitCount = 19, missCount = 1, failureCount = 0]
2025-12-12 10:54:01.601 [main] DEBUG [] [] o.springframework.test.context.cache - Spring test ApplicationContext cache statistics: [DefaultContextCache@16cf7fd0 size = 1, maxSize = 32, parentContextCount = 0, hitCount = 20, missCount = 1, failureCount = 0]
2025-12-12 10:54:01.601 [main] DEBUG [] [] o.springframework.test.context.cache - Spring test ApplicationContext cache statistics: [DefaultContextCache@16cf7fd0 size = 1, maxSize = 32, parentContextCount = 0, hitCount = 21, missCount = 1, failureCount = 0]
2025-12-12 10:54:01.601 [main] DEBUG [] [] o.springframework.test.context.cache - Spring test ApplicationContext cache statistics: [DefaultContextCache@16cf7fd0 size = 1, maxSize = 32, parentContextCount = 0, hitCount = 22, missCount = 1, failureCount = 0]
2025-12-12 10:54:01.601 [main] DEBUG [] [] o.springframework.test.context.cache - Spring test ApplicationContext cache statistics: [DefaultContextCache@16cf7fd0 size = 1, maxSize = 32, parentContextCount = 0, hitCount = 23, missCount = 1, failureCount = 0]
2025-12-12 10:54:01.601 [main] DEBUG [] [] o.s.t.c.s.DirtiesContextTestExecutionListener - After test method: class [SimpleAccountControllerTest], method [getAccount_WithValidAccountId_ShouldReturnAccountDetails], class annotated with @DirtiesContext [false] with mode [null], method annotated with @DirtiesContext [false] with mode [null]
]]></system-out>
  </testcase>
  <testcase name="getAccount_WithValidAccountId_ShouldReturnAccountDetails" classname="com.banking.accountmanagementapis.controller.SimpleAccountControllerTest" time="0.01">
    <system-out><![CDATA[2025-12-12 10:54:07.687 [main] DEBUG [] [] o.springframework.test.context.cache - Spring test ApplicationContext cache statistics: [DefaultContextCache@16cf7fd0 size = 3, maxSize = 32, parentContextCount = 0, hitCount = 453, missCount = 3, failureCount = 0]
2025-12-12 10:54:07.688 [main] DEBUG [] [] o.s.t.c.s.DependencyInjectionTestExecutionListener - Performing dependency injection for test class com.banking.accountmanagementapis.controller.SimpleAccountControllerTest
2025-12-12 10:54:07.688 [main] DEBUG [] [] o.springframework.test.context.cache - Spring test ApplicationContext cache statistics: [DefaultContextCache@16cf7fd0 size = 3, maxSize = 32, parentContextCount = 0, hitCount = 454, missCount = 3, failureCount = 0]
2025-12-12 10:54:07.688 [main] DEBUG [] [] o.springframework.test.context.cache - Spring test ApplicationContext cache statistics: [DefaultContextCache@16cf7fd0 size = 3, maxSize = 32, parentContextCount = 0, hitCount = 455, missCount = 3, failureCount = 0]
2025-12-12 10:54:07.690 [main] DEBUG [] [] o.s.t.c.s.DirtiesContextBeforeModesTestExecutionListener - Before test method: class [SimpleAccountControllerTest], method [getAccount_WithValidAccountId_ShouldReturnAccountDetails], class annotated with @DirtiesContext [false] with mode [null], method annotated with @DirtiesContext [false] with mode [null]
2025-12-12 10:54:07.690 [main] DEBUG [] [] o.springframework.test.context.cache - Spring test ApplicationContext cache statistics: [DefaultContextCache@16cf7fd0 size = 3, maxSize = 32, parentContextCount = 0, hitCount = 456, missCount = 3, failureCount = 0]
2025-12-12 10:54:07.690 [main] DEBUG [] [] o.springframework.test.context.cache - Spring test ApplicationContext cache statistics: [DefaultContextCache@16cf7fd0 size = 3, maxSize = 32, parentContextCount = 0, hitCount = 457, missCount = 3, failureCount = 0]
2025-12-12 10:54:07.691 [main] DEBUG [] [] o.springframework.test.context.cache - Spring test ApplicationContext cache statistics: [DefaultContextCache@16cf7fd0 size = 3, maxSize = 32, parentContextCount = 0, hitCount = 458, missCount = 3, failureCount = 0]
2025-12-12 10:54:07.691 [main] DEBUG [] [] o.s.t.w.s.TestDispatcherServlet - GET "/v2/accounts/f1e7ead6-79b2-4093-abae-aa0c32e876f4", parameters={}
2025-12-12 10:54:07.691 [main] INFO  [] [] c.b.a.c.SimpleAccountController - Get account details - AccountId: f1e7ead6-79b2-4093-abae-aa0c32e876f4, CustomerId: 59ab0a6a-5ef0-4aa6-b177-de3b20ef538c, RequestId: c2658eb0-e195-4e20-964d-9fa6d88861a4
2025-12-12 10:54:07.691 [main] DEBUG [] [] o.s.t.w.s.TestDispatcherServlet - Completed 200 OK

MockHttpServletRequest:
      HTTP Method = GET
      Request URI = /v2/accounts/f1e7ead6-79b2-4093-abae-aa0c32e876f4
       Parameters = {}
          Headers = [X-Customer-ID:"59ab0a6a-5ef0-4aa6-b177-de3b20ef538c", X-Request-ID:"c2658eb0-e195-4e20-964d-9fa6d88861a4"]
             Body = null
    Session Attrs = {}

Handler:
             Type = com.banking.accountmanagementapis.controller.SimpleAccountController
           Method = com.banking.accountmanagementapis.controller.SimpleAccountController#getAccount(String, String, String)

Async:
    Async started = false
     Async result = null

Resolved Exception:
             Type = null

ModelAndView:
        View name = null
             View = null
            Model = null

FlashMap:
       Attributes = null

MockHttpServletResponse:
           Status = 200
    Error message = null
          Headers = [Content-Type:"application/json"]
     Content type = application/json
             Body = {
  "accountId" : "f1e7ead6-79b2-4093-abae-aa0c32e876f4",
  "accountNumber" : "****5218",
  "accountType" : "MONEY_MARKET",
  "status" : "CLOSED",
  "currency" : "CAD",
  "balance" : {
    "amount" : 8799.86,
    "currency" : "CAD"
  },
  "availableBalance" : {
    "amount" : 8799.86,
    "currency" : "CAD"
  },
  "accountNickname" : "maiores optio voluptatum",
  "customerId" : "59ab0a6a-5ef0-4aa6-b177-de3b20ef538c",
  "branchId" : "BR004",
  "createdAt" : "2025-11-19T10:54:07.6914044",
  "updatedAt" : "2025-12-08T10:54:07.6914044",
  "lastActivityAt" : "2025-12-09T10:54:07.6914044",
  "metadata" : {
    "createdBy" : "bob.parisian",
    "source" : "test",
    "priority" : "HIGH"
  }
}
    Forwarded URL = null
   Redirected URL = null
          Cookies = []
2025-12-12 10:54:07.696 [main] DEBUG [] [] o.springframework.test.context.cache - Spring test ApplicationContext cache statistics: [DefaultContextCache@16cf7fd0 size = 3, maxSize = 32, parentContextCount = 0, hitCount = 459, missCount = 3, failureCount = 0]
2025-12-12 10:54:07.697 [main] DEBUG [] [] o.springframework.test.context.cache - Spring test ApplicationContext cache statistics: [DefaultContextCache@16cf7fd0 size = 3, maxSize = 32, parentContextCount = 0, hitCount = 460, missCount = 3, failureCount = 0]
2025-12-12 10:54:07.697 [main] DEBUG [] [] o.springframework.test.context.cache - Spring test ApplicationContext cache statistics: [DefaultContextCache@16cf7fd0 size = 3, maxSize = 32, parentContextCount = 0, hitCount = 461, missCount = 3, failureCount = 0]
2025-12-12 10:54:07.697 [main] DEBUG [] [] o.springframework.test.context.cache - Spring test ApplicationContext cache statistics: [DefaultContextCache@16cf7fd0 size = 3, maxSize = 32, parentContextCount = 0, hitCount = 462, missCount = 3, failureCount = 0]
2025-12-12 10:54:07.697 [main] DEBUG [] [] o.springframework.test.context.cache - Spring test ApplicationContext cache statistics: [DefaultContextCache@16cf7fd0 size = 3, maxSize = 32, parentContextCount = 0, hitCount = 463, missCount = 3, failureCount = 0]
2025-12-12 10:54:07.698 [main] DEBUG [] [] o.springframework.test.context.cache - Spring test ApplicationContext cache statistics: [DefaultContextCache@16cf7fd0 size = 3, maxSize = 32, parentContextCount = 0, hitCount = 464, missCount = 3, failureCount = 0]
2025-12-12 10:54:07.698 [main] DEBUG [] [] o.s.t.c.s.DirtiesContextTestExecutionListener - After test method: class [SimpleAccountControllerTest], method [getAccount_WithValidAccountId_ShouldReturnAccountDetails], class annotated with @DirtiesContext [false] with mode [null], method annotated with @DirtiesContext [false] with mode [null]
]]></system-out>
  </testcase>
  <testcase name="listAccounts_WithFilters_ShouldReturnFilteredAccounts" classname="com.banking.accountmanagementapis.controller.SimpleAccountControllerTest" time="0.051">
    <system-out><![CDATA[2025-12-12 10:54:01.616 [main] DEBUG [] [] o.springframework.test.context.cache - Spring test ApplicationContext cache statistics: [DefaultContextCache@16cf7fd0 size = 1, maxSize = 32, parentContextCount = 0, hitCount = 24, missCount = 1, failureCount = 0]
2025-12-12 10:54:01.616 [main] DEBUG [] [] o.s.t.c.s.DependencyInjectionTestExecutionListener - Performing dependency injection for test class com.banking.accountmanagementapis.controller.SimpleAccountControllerTest
2025-12-12 10:54:01.618 [main] DEBUG [] [] o.springframework.test.context.cache - Spring test ApplicationContext cache statistics: [DefaultContextCache@16cf7fd0 size = 1, maxSize = 32, parentContextCount = 0, hitCount = 25, missCount = 1, failureCount = 0]
2025-12-12 10:54:01.618 [main] DEBUG [] [] o.springframework.test.context.cache - Spring test ApplicationContext cache statistics: [DefaultContextCache@16cf7fd0 size = 1, maxSize = 32, parentContextCount = 0, hitCount = 26, missCount = 1, failureCount = 0]
2025-12-12 10:54:01.620 [main] DEBUG [] [] o.s.t.c.s.DirtiesContextBeforeModesTestExecutionListener - Before test method: class [SimpleAccountControllerTest], method [listAccounts_WithFilters_ShouldReturnFilteredAccounts], class annotated with @DirtiesContext [false] with mode [null], method annotated with @DirtiesContext [false] with mode [null]
2025-12-12 10:54:01.620 [main] DEBUG [] [] o.springframework.test.context.cache - Spring test ApplicationContext cache statistics: [DefaultContextCache@16cf7fd0 size = 1, maxSize = 32, parentContextCount = 0, hitCount = 27, missCount = 1, failureCount = 0]
2025-12-12 10:54:01.620 [main] DEBUG [] [] o.springframework.test.context.cache - Spring test ApplicationContext cache statistics: [DefaultContextCache@16cf7fd0 size = 1, maxSize = 32, parentContextCount = 0, hitCount = 28, missCount = 1, failureCount = 0]
2025-12-12 10:54:01.623 [main] DEBUG [] [] o.springframework.test.context.cache - Spring test ApplicationContext cache statistics: [DefaultContextCache@16cf7fd0 size = 1, maxSize = 32, parentContextCount = 0, hitCount = 29, missCount = 1, failureCount = 0]
2025-12-12 10:54:01.635 [main] DEBUG [] [] o.s.t.w.s.TestDispatcherServlet - GET "/v2/accounts", parameters={masked}
2025-12-12 10:54:01.645 [main] INFO  [] [] c.b.a.c.SimpleAccountController - List accounts request - CustomerId: 23a1870a-50c5-4cf5-929e-b23eb14edfd2, RequestId: a71044ea-f2a4-48b6-8f7f-f62ce50acae2
2025-12-12 10:54:01.658 [main] DEBUG [] [] o.s.t.w.s.TestDispatcherServlet - Completed 200 OK

MockHttpServletRequest:
      HTTP Method = GET
      Request URI = /v2/accounts
       Parameters = {accountType=[SAVINGS], status=[ACTIVE], currency=[USD], page=[0], size=[5], sortBy=[accountNumber], sortDir=[asc]}
          Headers = [X-Customer-ID:"23a1870a-50c5-4cf5-929e-b23eb14edfd2", X-Request-ID:"a71044ea-f2a4-48b6-8f7f-f62ce50acae2"]
             Body = null
    Session Attrs = {}

Handler:
             Type = com.banking.accountmanagementapis.controller.SimpleAccountController
           Method = com.banking.accountmanagementapis.controller.SimpleAccountController#listAccounts(String, String, AccountType, AccountStatus, String, int, int, String, String)

Async:
    Async started = false
     Async result = null

Resolved Exception:
             Type = null

ModelAndView:
        View name = null
             View = null
            Model = null

FlashMap:
       Attributes = null

MockHttpServletResponse:
           Status = 200
    Error message = null
          Headers = [Content-Type:"application/json"]
     Content type = application/json
             Body = {
  "size" : 5,
  "totalPages" : 1,
  "hasPrevious" : false,
  "hasNext" : false,
  "accounts" : [ {
    "accountId" : "05ee2935-e80e-4d8b-8938-d0297255f26b",
    "accountNumber" : "****8414",
    "accountType" : "CREDIT_CARD",
    "status" : "FROZEN",
    "currency" : "EUR",
    "balance" : {
      "amount" : 5713.22,
      "currency" : "EUR"
    },
    "availableBalance" : {
      "amount" : 5713.22,
      "currency" : "EUR"
    },
    "accountNickname" : "ipsa voluptatem id",
    "customerId" : "69b21e7b-528d-4472-a883-8f8387e8fdfe",
    "branchId" : "BR002",
    "createdAt" : "2025-11-16T10:54:01.6281424",
    "updatedAt" : "2025-12-09T10:54:01.6281424",
    "lastActivityAt" : "2025-12-10T10:54:01.6281424",
    "metadata" : {
      "createdBy" : "dorethea.koelpin",
      "source" : "test",
      "priority" : "MEDIUM"
    }
  }, {
    "accountId" : "050007c1-711b-4e6c-a66f-bc5f6898e2cf",
    "accountNumber" : "****3887",
    "accountType" : "SAVINGS",
    "status" : "INACTIVE",
    "currency" : "CAD",
    "balance" : {
      "amount" : 5317.49,
      "currency" : "CAD"
    },
    "availableBalance" : {
      "amount" : 5317.49,
      "currency" : "CAD"
    },
    "accountNickname" : "dignissimos repellat ea",
    "customerId" : "e7171559-0e1d-4044-85c2-fed6162674c2",
    "branchId" : "BR003",
    "createdAt" : "2025-12-09T10:54:01.6281424",
    "updatedAt" : "2025-12-08T10:54:01.6281424",
    "lastActivityAt" : "2025-12-09T10:54:01.6281424",
    "metadata" : {
      "createdBy" : "roger.kuhn",
      "source" : "test",
      "priority" : "MEDIUM"
    }
  }, {
    "accountId" : "5ac55d75-ac36-4d04-8960-f2653268d3f0",
    "accountNumber" : "****7470",
    "accountType" : "INVESTMENT",
    "status" : "CLOSED",
    "currency" : "EUR",
    "balance" : {
      "amount" : 6785.02,
      "currency" : "EUR"
    },
    "availableBalance" : {
      "amount" : 6785.02,
      "currency" : "EUR"
    },
    "accountNickname" : "quidem laboriosam tempore",
    "customerId" : "55ed6b31-f437-44f7-a938-0fbc75d2b605",
    "branchId" : "BR003",
    "createdAt" : "2025-11-16T10:54:01.6281424",
    "updatedAt" : "2025-12-09T10:54:01.6281424",
    "lastActivityAt" : "2025-12-10T10:54:01.6281424",
    "metadata" : {
      "createdBy" : "vannessa.wiza",
      "source" : "test",
      "priority" : "MEDIUM"
    }
  } ],
  "currentPage" : 0,
  "totalElements" : 3
}
    Forwarded URL = null
   Redirected URL = null
          Cookies = []
2025-12-12 10:54:01.658 [main] DEBUG [] [] o.springframework.test.context.cache - Spring test ApplicationContext cache statistics: [DefaultContextCache@16cf7fd0 size = 1, maxSize = 32, parentContextCount = 0, hitCount = 30, missCount = 1, failureCount = 0]
2025-12-12 10:54:01.666 [main] DEBUG [] [] o.springframework.test.context.cache - Spring test ApplicationContext cache statistics: [DefaultContextCache@16cf7fd0 size = 1, maxSize = 32, parentContextCount = 0, hitCount = 31, missCount = 1, failureCount = 0]
2025-12-12 10:54:01.666 [main] DEBUG [] [] o.springframework.test.context.cache - Spring test ApplicationContext cache statistics: [DefaultContextCache@16cf7fd0 size = 1, maxSize = 32, parentContextCount = 0, hitCount = 32, missCount = 1, failureCount = 0]
2025-12-12 10:54:01.666 [main] DEBUG [] [] o.springframework.test.context.cache - Spring test ApplicationContext cache statistics: [DefaultContextCache@16cf7fd0 size = 1, maxSize = 32, parentContextCount = 0, hitCount = 33, missCount = 1, failureCount = 0]
2025-12-12 10:54:01.667 [main] DEBUG [] [] o.springframework.test.context.cache - Spring test ApplicationContext cache statistics: [DefaultContextCache@16cf7fd0 size = 1, maxSize = 32, parentContextCount = 0, hitCount = 34, missCount = 1, failureCount = 0]
2025-12-12 10:54:01.668 [main] DEBUG [] [] o.springframework.test.context.cache - Spring test ApplicationContext cache statistics: [DefaultContextCache@16cf7fd0 size = 1, maxSize = 32, parentContextCount = 0, hitCount = 35, missCount = 1, failureCount = 0]
2025-12-12 10:54:01.668 [main] DEBUG [] [] o.s.t.c.s.DirtiesContextTestExecutionListener - After test method: class [SimpleAccountControllerTest], method [listAccounts_WithFilters_ShouldReturnFilteredAccounts], class annotated with @DirtiesContext [false] with mode [null], method annotated with @DirtiesContext [false] with mode [null]
]]></system-out>
  </testcase>
  <testcase name="listAccounts_WithFilters_ShouldReturnFilteredAccounts" classname="com.banking.accountmanagementapis.controller.SimpleAccountControllerTest" time="0.011">
    <system-out><![CDATA[2025-12-12 10:54:07.700 [main] DEBUG [] [] o.springframework.test.context.cache - Spring test ApplicationContext cache statistics: [DefaultContextCache@16cf7fd0 size = 3, maxSize = 32, parentContextCount = 0, hitCount = 465, missCount = 3, failureCount = 0]
2025-12-12 10:54:07.700 [main] DEBUG [] [] o.s.t.c.s.DependencyInjectionTestExecutionListener - Performing dependency injection for test class com.banking.accountmanagementapis.controller.SimpleAccountControllerTest
2025-12-12 10:54:07.701 [main] DEBUG [] [] o.springframework.test.context.cache - Spring test ApplicationContext cache statistics: [DefaultContextCache@16cf7fd0 size = 3, maxSize = 32, parentContextCount = 0, hitCount = 466, missCount = 3, failureCount = 0]
2025-12-12 10:54:07.701 [main] DEBUG [] [] o.springframework.test.context.cache - Spring test ApplicationContext cache statistics: [DefaultContextCache@16cf7fd0 size = 3, maxSize = 32, parentContextCount = 0, hitCount = 467, missCount = 3, failureCount = 0]
2025-12-12 10:54:07.701 [main] DEBUG [] [] o.s.t.c.s.DirtiesContextBeforeModesTestExecutionListener - Before test method: class [SimpleAccountControllerTest], method [listAccounts_WithFilters_ShouldReturnFilteredAccounts], class annotated with @DirtiesContext [false] with mode [null], method annotated with @DirtiesContext [false] with mode [null]
2025-12-12 10:54:07.701 [main] DEBUG [] [] o.springframework.test.context.cache - Spring test ApplicationContext cache statistics: [DefaultContextCache@16cf7fd0 size = 3, maxSize = 32, parentContextCount = 0, hitCount = 468, missCount = 3, failureCount = 0]
2025-12-12 10:54:07.701 [main] DEBUG [] [] o.springframework.test.context.cache - Spring test ApplicationContext cache statistics: [DefaultContextCache@16cf7fd0 size = 3, maxSize = 32, parentContextCount = 0, hitCount = 469, missCount = 3, failureCount = 0]
2025-12-12 10:54:07.701 [main] DEBUG [] [] o.springframework.test.context.cache - Spring test ApplicationContext cache statistics: [DefaultContextCache@16cf7fd0 size = 3, maxSize = 32, parentContextCount = 0, hitCount = 470, missCount = 3, failureCount = 0]
2025-12-12 10:54:07.707 [main] DEBUG [] [] o.s.t.w.s.TestDispatcherServlet - GET "/v2/accounts", parameters={masked}
2025-12-12 10:54:07.708 [main] INFO  [] [] c.b.a.c.SimpleAccountController - List accounts request - CustomerId: 55f686c4-070e-43e6-ab62-99ac88315450, RequestId: 05613019-a741-4188-b9b8-81def316f1b9
2025-12-12 10:54:07.710 [main] DEBUG [] [] o.s.t.w.s.TestDispatcherServlet - Completed 200 OK

MockHttpServletRequest:
      HTTP Method = GET
      Request URI = /v2/accounts
       Parameters = {accountType=[SAVINGS], status=[ACTIVE], currency=[USD], page=[0], size=[5], sortBy=[accountNumber], sortDir=[asc]}
          Headers = [X-Customer-ID:"55f686c4-070e-43e6-ab62-99ac88315450", X-Request-ID:"05613019-a741-4188-b9b8-81def316f1b9"]
             Body = null
    Session Attrs = {}

Handler:
             Type = com.banking.accountmanagementapis.controller.SimpleAccountController
           Method = com.banking.accountmanagementapis.controller.SimpleAccountController#listAccounts(String, String, AccountType, AccountStatus, String, int, int, String, String)

Async:
    Async started = false
     Async result = null

Resolved Exception:
             Type = null

ModelAndView:
        View name = null
             View = null
            Model = null

FlashMap:
       Attributes = null

MockHttpServletResponse:
           Status = 200
    Error message = null
          Headers = [Content-Type:"application/json"]
     Content type = application/json
             Body = {
  "size" : 5,
  "totalPages" : 1,
  "hasPrevious" : false,
  "hasNext" : false,
  "accounts" : [ {
    "accountId" : "99129bd7-176c-4fbe-a506-ef92645bd774",
    "accountNumber" : "****1476",
    "accountType" : "MONEY_MARKET",
    "status" : "PENDING_APPROVAL",
    "currency" : "CAD",
    "balance" : {
      "amount" : 2770.63,
      "currency" : "CAD"
    },
    "availableBalance" : {
      "amount" : 2770.63,
      "currency" : "CAD"
    },
    "accountNickname" : "sequi dolore totam",
    "customerId" : "282c79e0-a59c-4815-9c3d-435c53a97e94",
    "branchId" : "BR004",
    "createdAt" : "2025-11-17T10:54:07.7015695",
    "updatedAt" : "2025-12-08T10:54:07.7015695",
    "lastActivityAt" : "2025-12-08T10:54:07.7015695",
    "metadata" : {
      "createdBy" : "shanice.reichert",
      "source" : "test",
      "priority" : "MEDIUM"
    }
  }, {
    "accountId" : "192ed5dc-3cfa-4f07-985d-95d971c713c6",
    "accountNumber" : "****0389",
    "accountType" : "MONEY_MARKET",
    "status" : "FROZEN",
    "currency" : "USD",
    "balance" : {
      "amount" : 6006.35,
      "currency" : "USD"
    },
    "availableBalance" : {
      "amount" : 6006.35,
      "currency" : "USD"
    },
    "accountNickname" : "omnis aut laborum",
    "customerId" : "4d1bfe11-18a5-4f80-b39b-d76af56b02d6",
    "branchId" : "BR004",
    "createdAt" : "2025-12-11T10:54:07.7015695",
    "updatedAt" : "2025-12-10T10:54:07.7015695",
    "lastActivityAt" : "2025-12-08T10:54:07.7015695",
    "metadata" : {
      "createdBy" : "renna.koss",
      "source" : "test",
      "priority" : "LOW"
    }
  }, {
    "accountId" : "42c6512d-3b08-4122-a3fb-75b7743f9432",
    "accountNumber" : "****9854",
    "accountType" : "CHECKING",
    "status" : "ACTIVE",
    "currency" : "GBP",
    "balance" : {
      "amount" : 1626.7,
      "currency" : "GBP"
    },
    "availableBalance" : {
      "amount" : 1626.7,
      "currency" : "GBP"
    },
    "accountNickname" : "assumenda aut dolorum",
    "customerId" : "6aafe72f-7401-4872-af4c-fe0aa468b065",
    "branchId" : "BR002",
    "createdAt" : "2025-11-17T10:54:07.7015695",
    "updatedAt" : "2025-12-09T10:54:07.7015695",
    "lastActivityAt" : "2025-12-09T10:54:07.7015695",
    "metadata" : {
      "createdBy" : "ute.rogahn",
      "source" : "test",
      "priority" : "MEDIUM"
    }
  } ],
  "currentPage" : 0,
  "totalElements" : 3
}
    Forwarded URL = null
   Redirected URL = null
          Cookies = []
2025-12-12 10:54:07.711 [main] DEBUG [] [] o.springframework.test.context.cache - Spring test ApplicationContext cache statistics: [DefaultContextCache@16cf7fd0 size = 3, maxSize = 32, parentContextCount = 0, hitCount = 471, missCount = 3, failureCount = 0]
2025-12-12 10:54:07.711 [main] DEBUG [] [] o.springframework.test.context.cache - Spring test ApplicationContext cache statistics: [DefaultContextCache@16cf7fd0 size = 3, maxSize = 32, parentContextCount = 0, hitCount = 472, missCount = 3, failureCount = 0]
2025-12-12 10:54:07.711 [main] DEBUG [] [] o.springframework.test.context.cache - Spring test ApplicationContext cache statistics: [DefaultContextCache@16cf7fd0 size = 3, maxSize = 32, parentContextCount = 0, hitCount = 473, missCount = 3, failureCount = 0]
2025-12-12 10:54:07.711 [main] DEBUG [] [] o.springframework.test.context.cache - Spring test ApplicationContext cache statistics: [DefaultContextCache@16cf7fd0 size = 3, maxSize = 32, parentContextCount = 0, hitCount = 474, missCount = 3, failureCount = 0]
2025-12-12 10:54:07.712 [main] DEBUG [] [] o.springframework.test.context.cache - Spring test ApplicationContext cache statistics: [DefaultContextCache@16cf7fd0 size = 3, maxSize = 32, parentContextCount = 0, hitCount = 475, missCount = 3, failureCount = 0]
2025-12-12 10:54:07.712 [main] DEBUG [] [] o.springframework.test.context.cache - Spring test ApplicationContext cache statistics: [DefaultContextCache@16cf7fd0 size = 3, maxSize = 32, parentContextCount = 0, hitCount = 476, missCount = 3, failureCount = 0]
2025-12-12 10:54:07.712 [main] DEBUG [] [] o.s.t.c.s.DirtiesContextTestExecutionListener - After test method: class [SimpleAccountControllerTest], method [listAccounts_WithFilters_ShouldReturnFilteredAccounts], class annotated with @DirtiesContext [false] with mode [null], method annotated with @DirtiesContext [false] with mode [null]
]]></system-out>
  </testcase>
  <testcase name="updateAccount_WithValidRequest_ShouldReturnUpdatedAccount" classname="com.banking.accountmanagementapis.controller.SimpleAccountControllerTest" time="0.021">
    <system-out><![CDATA[2025-12-12 10:54:01.671 [main] DEBUG [] [] o.springframework.test.context.cache - Spring test ApplicationContext cache statistics: [DefaultContextCache@16cf7fd0 size = 1, maxSize = 32, parentContextCount = 0, hitCount = 36, missCount = 1, failureCount = 0]
2025-12-12 10:54:01.671 [main] DEBUG [] [] o.s.t.c.s.DependencyInjectionTestExecutionListener - Performing dependency injection for test class com.banking.accountmanagementapis.controller.SimpleAccountControllerTest
2025-12-12 10:54:01.671 [main] DEBUG [] [] o.springframework.test.context.cache - Spring test ApplicationContext cache statistics: [DefaultContextCache@16cf7fd0 size = 1, maxSize = 32, parentContextCount = 0, hitCount = 37, missCount = 1, failureCount = 0]
2025-12-12 10:54:01.672 [main] DEBUG [] [] o.springframework.test.context.cache - Spring test ApplicationContext cache statistics: [DefaultContextCache@16cf7fd0 size = 1, maxSize = 32, parentContextCount = 0, hitCount = 38, missCount = 1, failureCount = 0]
2025-12-12 10:54:01.673 [main] DEBUG [] [] o.s.t.c.s.DirtiesContextBeforeModesTestExecutionListener - Before test method: class [SimpleAccountControllerTest], method [updateAccount_WithValidRequest_ShouldReturnUpdatedAccount], class annotated with @DirtiesContext [false] with mode [null], method annotated with @DirtiesContext [false] with mode [null]
2025-12-12 10:54:01.674 [main] DEBUG [] [] o.springframework.test.context.cache - Spring test ApplicationContext cache statistics: [DefaultContextCache@16cf7fd0 size = 1, maxSize = 32, parentContextCount = 0, hitCount = 39, missCount = 1, failureCount = 0]
2025-12-12 10:54:01.674 [main] DEBUG [] [] o.springframework.test.context.cache - Spring test ApplicationContext cache statistics: [DefaultContextCache@16cf7fd0 size = 1, maxSize = 32, parentContextCount = 0, hitCount = 40, missCount = 1, failureCount = 0]
2025-12-12 10:54:01.675 [main] DEBUG [] [] o.springframework.test.context.cache - Spring test ApplicationContext cache statistics: [DefaultContextCache@16cf7fd0 size = 1, maxSize = 32, parentContextCount = 0, hitCount = 41, missCount = 1, failureCount = 0]
2025-12-12 10:54:01.678 [main] DEBUG [] [] o.s.t.w.s.TestDispatcherServlet - PUT "/v2/accounts/f5db8b8b-7ac7-4d2d-94d8-d8d0a22b9b1c", parameters={}
2025-12-12 10:54:01.688 [main] INFO  [] [] c.b.a.c.SimpleAccountController - Update account request - AccountId: f5db8b8b-7ac7-4d2d-94d8-d8d0a22b9b1c, CustomerId: 3cc06ecd-375f-40c6-bb24-9b667fd0545f, RequestId: 3236827b-7860-499c-b791-92621d65fb2a
2025-12-12 10:54:01.689 [main] DEBUG [] [] o.s.t.w.s.TestDispatcherServlet - Completed 200 OK

MockHttpServletRequest:
      HTTP Method = PUT
      Request URI = /v2/accounts/f5db8b8b-7ac7-4d2d-94d8-d8d0a22b9b1c
       Parameters = {}
          Headers = [Content-Type:"application/json;charset=UTF-8", X-Customer-ID:"3cc06ecd-375f-40c6-bb24-9b667fd0545f", X-Request-ID:"3236827b-7860-499c-b791-92621d65fb2a", Content-Length:"146"]
             Body = {
  "accountNickname" : "in et",
  "metadata" : {
    "createdBy" : "francine.zboncak",
    "source" : "test",
    "priority" : "LOW"
  }
}
    Session Attrs = {}

Handler:
             Type = com.banking.accountmanagementapis.controller.SimpleAccountController
           Method = com.banking.accountmanagementapis.controller.SimpleAccountController#updateAccount(String, String, String, UpdateAccountRequest)

Async:
    Async started = false
     Async result = null

Resolved Exception:
             Type = null

ModelAndView:
        View name = null
             View = null
            Model = null

FlashMap:
       Attributes = null

MockHttpServletResponse:
           Status = 200
    Error message = null
          Headers = [Content-Type:"application/json"]
     Content type = application/json
             Body = {
  "accountId" : "f5db8b8b-7ac7-4d2d-94d8-d8d0a22b9b1c",
  "accountNumber" : "****6419",
  "accountType" : "CERTIFICATE_DEPOSIT",
  "status" : "FROZEN",
  "currency" : "USD",
  "balance" : {
    "amount" : 3636.12,
    "currency" : "USD"
  },
  "availableBalance" : {
    "amount" : 3636.12,
    "currency" : "USD"
  },
  "accountNickname" : "maxime repellendus nihil",
  "customerId" : "3cc06ecd-375f-40c6-bb24-9b667fd0545f",
  "branchId" : "BR001",
  "createdAt" : "2025-11-23T10:54:01.6754076",
  "updatedAt" : "2025-12-08T10:54:01.6754076",
  "lastActivityAt" : "2025-12-11T10:54:01.6754076",
  "metadata" : {
    "createdBy" : "clayton.crist",
    "source" : "test",
    "priority" : "LOW"
  }
}
    Forwarded URL = null
   Redirected URL = null
          Cookies = []
2025-12-12 10:54:01.692 [main] DEBUG [] [] o.springframework.test.context.cache - Spring test ApplicationContext cache statistics: [DefaultContextCache@16cf7fd0 size = 1, maxSize = 32, parentContextCount = 0, hitCount = 42, missCount = 1, failureCount = 0]
2025-12-12 10:54:01.693 [main] DEBUG [] [] o.springframework.test.context.cache - Spring test ApplicationContext cache statistics: [DefaultContextCache@16cf7fd0 size = 1, maxSize = 32, parentContextCount = 0, hitCount = 43, missCount = 1, failureCount = 0]
2025-12-12 10:54:01.693 [main] DEBUG [] [] o.springframework.test.context.cache - Spring test ApplicationContext cache statistics: [DefaultContextCache@16cf7fd0 size = 1, maxSize = 32, parentContextCount = 0, hitCount = 44, missCount = 1, failureCount = 0]
2025-12-12 10:54:01.693 [main] DEBUG [] [] o.springframework.test.context.cache - Spring test ApplicationContext cache statistics: [DefaultContextCache@16cf7fd0 size = 1, maxSize = 32, parentContextCount = 0, hitCount = 45, missCount = 1, failureCount = 0]
2025-12-12 10:54:01.693 [main] DEBUG [] [] o.springframework.test.context.cache - Spring test ApplicationContext cache statistics: [DefaultContextCache@16cf7fd0 size = 1, maxSize = 32, parentContextCount = 0, hitCount = 46, missCount = 1, failureCount = 0]
2025-12-12 10:54:01.693 [main] DEBUG [] [] o.springframework.test.context.cache - Spring test ApplicationContext cache statistics: [DefaultContextCache@16cf7fd0 size = 1, maxSize = 32, parentContextCount = 0, hitCount = 47, missCount = 1, failureCount = 0]
2025-12-12 10:54:01.693 [main] DEBUG [] [] o.s.t.c.s.DirtiesContextTestExecutionListener - After test method: class [SimpleAccountControllerTest], method [updateAccount_WithValidRequest_ShouldReturnUpdatedAccount], class annotated with @DirtiesContext [false] with mode [null], method annotated with @DirtiesContext [false] with mode [null]
]]></system-out>
  </testcase>
  <testcase name="updateAccount_WithValidRequest_ShouldReturnUpdatedAccount" classname="com.banking.accountmanagementapis.controller.SimpleAccountControllerTest" time="0.01">
    <system-out><![CDATA[2025-12-12 10:54:07.714 [main] DEBUG [] [] o.springframework.test.context.cache - Spring test ApplicationContext cache statistics: [DefaultContextCache@16cf7fd0 size = 3, maxSize = 32, parentContextCount = 0, hitCount = 477, missCount = 3, failureCount = 0]
2025-12-12 10:54:07.714 [main] DEBUG [] [] o.s.t.c.s.DependencyInjectionTestExecutionListener - Performing dependency injection for test class com.banking.accountmanagementapis.controller.SimpleAccountControllerTest
2025-12-12 10:54:07.714 [main] DEBUG [] [] o.springframework.test.context.cache - Spring test ApplicationContext cache statistics: [DefaultContextCache@16cf7fd0 size = 3, maxSize = 32, parentContextCount = 0, hitCount = 478, missCount = 3, failureCount = 0]
2025-12-12 10:54:07.715 [main] DEBUG [] [] o.springframework.test.context.cache - Spring test ApplicationContext cache statistics: [DefaultContextCache@16cf7fd0 size = 3, maxSize = 32, parentContextCount = 0, hitCount = 479, missCount = 3, failureCount = 0]
2025-12-12 10:54:07.717 [main] DEBUG [] [] o.s.t.c.s.DirtiesContextBeforeModesTestExecutionListener - Before test method: class [SimpleAccountControllerTest], method [updateAccount_WithValidRequest_ShouldReturnUpdatedAccount], class annotated with @DirtiesContext [false] with mode [null], method annotated with @DirtiesContext [false] with mode [null]
2025-12-12 10:54:07.717 [main] DEBUG [] [] o.springframework.test.context.cache - Spring test ApplicationContext cache statistics: [DefaultContextCache@16cf7fd0 size = 3, maxSize = 32, parentContextCount = 0, hitCount = 480, missCount = 3, failureCount = 0]
2025-12-12 10:54:07.717 [main] DEBUG [] [] o.springframework.test.context.cache - Spring test ApplicationContext cache statistics: [DefaultContextCache@16cf7fd0 size = 3, maxSize = 32, parentContextCount = 0, hitCount = 481, missCount = 3, failureCount = 0]
2025-12-12 10:54:07.718 [main] DEBUG [] [] o.springframework.test.context.cache - Spring test ApplicationContext cache statistics: [DefaultContextCache@16cf7fd0 size = 3, maxSize = 32, parentContextCount = 0, hitCount = 482, missCount = 3, failureCount = 0]
2025-12-12 10:54:07.720 [main] DEBUG [] [] o.s.t.w.s.TestDispatcherServlet - PUT "/v2/accounts/5d0ded8f-bab6-466c-9e5e-feef9a6d8e45", parameters={}
2025-12-12 10:54:07.722 [main] INFO  [] [] c.b.a.c.SimpleAccountController - Update account request - AccountId: 5d0ded8f-bab6-466c-9e5e-feef9a6d8e45, CustomerId: 8835daee-3529-4b52-ac71-fc0145da94bc, RequestId: 7e7c2184-12cc-4d19-b87e-8b955e2e60a0
2025-12-12 10:54:07.723 [main] DEBUG [] [] o.s.t.w.s.TestDispatcherServlet - Completed 200 OK

MockHttpServletRequest:
      HTTP Method = PUT
      Request URI = /v2/accounts/5d0ded8f-bab6-466c-9e5e-feef9a6d8e45
       Parameters = {}
          Headers = [Content-Type:"application/json;charset=UTF-8", X-Customer-ID:"8835daee-3529-4b52-ac71-fc0145da94bc", X-Request-ID:"7e7c2184-12cc-4d19-b87e-8b955e2e60a0", Content-Length:"150"]
             Body = {
  "accountNickname" : "et tenetur",
  "metadata" : {
    "createdBy" : "numbers.leffler",
    "source" : "test",
    "priority" : "LOW"
  }
}
    Session Attrs = {}

Handler:
             Type = com.banking.accountmanagementapis.controller.SimpleAccountController
           Method = com.banking.accountmanagementapis.controller.SimpleAccountController#updateAccount(String, String, String, UpdateAccountRequest)

Async:
    Async started = false
     Async result = null

Resolved Exception:
             Type = null

ModelAndView:
        View name = null
             View = null
            Model = null

FlashMap:
       Attributes = null

MockHttpServletResponse:
           Status = 200
    Error message = null
          Headers = [Content-Type:"application/json"]
     Content type = application/json
             Body = {
  "accountId" : "5d0ded8f-bab6-466c-9e5e-feef9a6d8e45",
  "accountNumber" : "****9988",
  "accountType" : "LOAN",
  "status" : "SUSPENDED",
  "currency" : "USD",
  "balance" : {
    "amount" : 2823.44,
    "currency" : "USD"
  },
  "availableBalance" : {
    "amount" : 2823.44,
    "currency" : "USD"
  },
  "accountNickname" : "iste sunt placeat",
  "customerId" : "8835daee-3529-4b52-ac71-fc0145da94bc",
  "branchId" : "BR003",
  "createdAt" : "2025-11-29T10:54:07.718955",
  "updatedAt" : "2025-12-11T10:54:07.718955",
  "lastActivityAt" : "2025-12-08T10:54:07.718955",
  "metadata" : {
    "createdBy" : "armando.schowalter",
    "source" : "test",
    "priority" : "HIGH"
  }
}
    Forwarded URL = null
   Redirected URL = null
          Cookies = []
2025-12-12 10:54:07.725 [main] DEBUG [] [] o.springframework.test.context.cache - Spring test ApplicationContext cache statistics: [DefaultContextCache@16cf7fd0 size = 3, maxSize = 32, parentContextCount = 0, hitCount = 483, missCount = 3, failureCount = 0]
2025-12-12 10:54:07.725 [main] DEBUG [] [] o.springframework.test.context.cache - Spring test ApplicationContext cache statistics: [DefaultContextCache@16cf7fd0 size = 3, maxSize = 32, parentContextCount = 0, hitCount = 484, missCount = 3, failureCount = 0]
2025-12-12 10:54:07.725 [main] DEBUG [] [] o.springframework.test.context.cache - Spring test ApplicationContext cache statistics: [DefaultContextCache@16cf7fd0 size = 3, maxSize = 32, parentContextCount = 0, hitCount = 485, missCount = 3, failureCount = 0]
2025-12-12 10:54:07.725 [main] DEBUG [] [] o.springframework.test.context.cache - Spring test ApplicationContext cache statistics: [DefaultContextCache@16cf7fd0 size = 3, maxSize = 32, parentContextCount = 0, hitCount = 486, missCount = 3, failureCount = 0]
2025-12-12 10:54:07.725 [main] DEBUG [] [] o.springframework.test.context.cache - Spring test ApplicationContext cache statistics: [DefaultContextCache@16cf7fd0 size = 3, maxSize = 32, parentContextCount = 0, hitCount = 487, missCount = 3, failureCount = 0]
2025-12-12 10:54:07.725 [main] DEBUG [] [] o.springframework.test.context.cache - Spring test ApplicationContext cache statistics: [DefaultContextCache@16cf7fd0 size = 3, maxSize = 32, parentContextCount = 0, hitCount = 488, missCount = 3, failureCount = 0]
2025-12-12 10:54:07.725 [main] DEBUG [] [] o.s.t.c.s.DirtiesContextTestExecutionListener - After test method: class [SimpleAccountControllerTest], method [updateAccount_WithValidRequest_ShouldReturnUpdatedAccount], class annotated with @DirtiesContext [false] with mode [null], method annotated with @DirtiesContext [false] with mode [null]
]]></system-out>
  </testcase>
  <testcase name="listAccounts_WhenServiceThrowsException_ShouldReturn500" classname="com.banking.accountmanagementapis.controller.SimpleAccountControllerTest" time="0.026">
    <system-out><![CDATA[2025-12-12 10:54:01.693 [main] DEBUG [] [] o.springframework.test.context.cache - Spring test ApplicationContext cache statistics: [DefaultContextCache@16cf7fd0 size = 1, maxSize = 32, parentContextCount = 0, hitCount = 48, missCount = 1, failureCount = 0]
2025-12-12 10:54:01.693 [main] DEBUG [] [] o.s.t.c.s.DependencyInjectionTestExecutionListener - Performing dependency injection for test class com.banking.accountmanagementapis.controller.SimpleAccountControllerTest
2025-12-12 10:54:01.693 [main] DEBUG [] [] o.springframework.test.context.cache - Spring test ApplicationContext cache statistics: [DefaultContextCache@16cf7fd0 size = 1, maxSize = 32, parentContextCount = 0, hitCount = 49, missCount = 1, failureCount = 0]
2025-12-12 10:54:01.693 [main] DEBUG [] [] o.springframework.test.context.cache - Spring test ApplicationContext cache statistics: [DefaultContextCache@16cf7fd0 size = 1, maxSize = 32, parentContextCount = 0, hitCount = 50, missCount = 1, failureCount = 0]
2025-12-12 10:54:01.693 [main] DEBUG [] [] o.s.t.c.s.DirtiesContextBeforeModesTestExecutionListener - Before test method: class [SimpleAccountControllerTest], method [listAccounts_WhenServiceThrowsException_ShouldReturn500], class annotated with @DirtiesContext [false] with mode [null], method annotated with @DirtiesContext [false] with mode [null]
2025-12-12 10:54:01.699 [main] DEBUG [] [] o.springframework.test.context.cache - Spring test ApplicationContext cache statistics: [DefaultContextCache@16cf7fd0 size = 1, maxSize = 32, parentContextCount = 0, hitCount = 51, missCount = 1, failureCount = 0]
2025-12-12 10:54:01.699 [main] DEBUG [] [] o.springframework.test.context.cache - Spring test ApplicationContext cache statistics: [DefaultContextCache@16cf7fd0 size = 1, maxSize = 32, parentContextCount = 0, hitCount = 52, missCount = 1, failureCount = 0]
2025-12-12 10:54:01.702 [main] DEBUG [] [] o.springframework.test.context.cache - Spring test ApplicationContext cache statistics: [DefaultContextCache@16cf7fd0 size = 1, maxSize = 32, parentContextCount = 0, hitCount = 53, missCount = 1, failureCount = 0]
2025-12-12 10:54:01.703 [main] DEBUG [] [] o.s.t.w.s.TestDispatcherServlet - GET "/v2/accounts", parameters={}
2025-12-12 10:54:01.706 [main] INFO  [] [] c.b.a.c.SimpleAccountController - List accounts request - CustomerId: 103bf878-136f-4e7a-a1a5-e74cceb00417, RequestId: null
2025-12-12 10:54:01.708 [main] ERROR [] [] c.b.a.c.SimpleAccountController - Error listing accounts for customer: 103bf878-136f-4e7a-a1a5-e74cceb00417
java.lang.RuntimeException: Database connection failed
	at com.banking.accountmanagementapis.service.AccountService.getAccountsWithFilters(AccountService.java:107)
	at com.banking.accountmanagementapis.controller.SimpleAccountController.listAccounts(SimpleAccountController.java:88)
	at java.base/jdk.internal.reflect.DirectMethodHandleAccessor.invoke(DirectMethodHandleAccessor.java:103)
	at java.base/java.lang.reflect.Method.invoke(Method.java:580)
	at org.springframework.web.method.support.InvocableHandlerMethod.doInvoke(InvocableHandlerMethod.java:262)
	at org.springframework.web.method.support.InvocableHandlerMethod.invokeForRequest(InvocableHandlerMethod.java:190)
	at org.springframework.web.servlet.mvc.method.annotation.ServletInvocableHandlerMethod.invokeAndHandle(ServletInvocableHandlerMethod.java:118)
	at org.springframework.web.servlet.mvc.method.annotation.RequestMappingHandlerAdapter.invokeHandlerMethod(RequestMappingHandlerAdapter.java:917)
	at org.springframework.web.servlet.mvc.method.annotation.RequestMappingHandlerAdapter.handleInternal(RequestMappingHandlerAdapter.java:829)
	at org.springframework.web.servlet.mvc.method.AbstractHandlerMethodAdapter.handle(AbstractHandlerMethodAdapter.java:87)
	at org.springframework.web.servlet.DispatcherServlet.doDispatch(DispatcherServlet.java:1089)
	at org.springframework.web.servlet.DispatcherServlet.doService(DispatcherServlet.java:979)
	at org.springframework.web.servlet.FrameworkServlet.processRequest(FrameworkServlet.java:1014)
	at org.springframework.web.servlet.FrameworkServlet.doGet(FrameworkServlet.java:903)
	at jakarta.servlet.http.HttpServlet.service(HttpServlet.java:564)
	at org.springframework.web.servlet.FrameworkServlet.service(FrameworkServlet.java:885)
	at org.springframework.test.web.servlet.TestDispatcherServlet.service(TestDispatcherServlet.java:72)
	at jakarta.servlet.http.HttpServlet.service(HttpServlet.java:658)
	at org.springframework.mock.web.MockFilterChain$ServletFilterProxy.doFilter(MockFilterChain.java:165)
	at org.springframework.mock.web.MockFilterChain.doFilter(MockFilterChain.java:132)
	at org.springframework.web.filter.RequestContextFilter.doFilterInternal(RequestContextFilter.java:100)
	at org.springframework.web.filter.OncePerRequestFilter.doFilter(OncePerRequestFilter.java:116)
	at org.springframework.test.web.servlet.setup.MockMvcFilterDecorator.doFilter(MockMvcFilterDecorator.java:151)
	at org.springframework.mock.web.MockFilterChain.doFilter(MockFilterChain.java:132)
	at org.springframework.web.filter.FormContentFilter.doFilterInternal(FormContentFilter.java:93)
	at org.springframework.web.filter.OncePerRequestFilter.doFilter(OncePerRequestFilter.java:116)
	at org.springframework.test.web.servlet.setup.MockMvcFilterDecorator.doFilter(MockMvcFilterDecorator.java:151)
	at org.springframework.mock.web.MockFilterChain.doFilter(MockFilterChain.java:132)
	at org.springframework.web.filter.CharacterEncodingFilter.doFilterInternal(CharacterEncodingFilter.java:201)
	at org.springframework.web.filter.OncePerRequestFilter.doFilter(OncePerRequestFilter.java:116)
	at org.springframework.test.web.servlet.setup.MockMvcFilterDecorator.doFilter(MockMvcFilterDecorator.java:151)
	at org.springframework.mock.web.MockFilterChain.doFilter(MockFilterChain.java:132)
	at org.springframework.test.web.servlet.MockMvc.perform(MockMvc.java:201)
	at com.banking.accountmanagementapis.controller.SimpleAccountControllerTest.listAccounts_WhenServiceThrowsException_ShouldReturn500(SimpleAccountControllerTest.java:161)
	at java.base/jdk.internal.reflect.DirectMethodHandleAccessor.invoke(DirectMethodHandleAccessor.java:103)
	at java.base/java.lang.reflect.Method.invoke(Method.java:580)
	at org.junit.platform.commons.util.ReflectionUtils.invokeMethod(ReflectionUtils.java:728)
	at org.junit.jupiter.engine.execution.MethodInvocation.proceed(MethodInvocation.java:60)
	at org.junit.jupiter.engine.execution.InvocationInterceptorChain$ValidatingInvocation.proceed(InvocationInterceptorChain.java:131)
	at org.junit.jupiter.engine.extension.TimeoutExtension.intercept(TimeoutExtension.java:156)
	at org.junit.jupiter.engine.extension.TimeoutExtension.interceptTestableMethod(TimeoutExtension.java:147)
	at org.junit.jupiter.engine.extension.TimeoutExtension.interceptTestMethod(TimeoutExtension.java:86)
	at org.junit.jupiter.engine.execution.InterceptingExecutableInvoker$ReflectiveInterceptorCall.lambda$ofVoidMethod$0(InterceptingExecutableInvoker.java:103)
	at org.junit.jupiter.engine.execution.InterceptingExecutableInvoker.lambda$invoke$0(InterceptingExecutableInvoker.java:93)
	at org.junit.jupiter.engine.execution.InvocationInterceptorChain$InterceptedInvocation.proceed(InvocationInterceptorChain.java:106)
	at org.junit.jupiter.engine.execution.InvocationInterceptorChain.proceed(InvocationInterceptorChain.java:64)
	at org.junit.jupiter.engine.execution.InvocationInterceptorChain.chainAndInvoke(InvocationInterceptorChain.java:45)
	at org.junit.jupiter.engine.execution.InvocationInterceptorChain.invoke(InvocationInterceptorChain.java:37)
	at org.junit.jupiter.engine.execution.InterceptingExecutableInvoker.invoke(InterceptingExecutableInvoker.java:92)
	at org.junit.jupiter.engine.execution.InterceptingExecutableInvoker.invoke(InterceptingExecutableInvoker.java:86)
	at org.junit.jupiter.engine.descriptor.TestMethodTestDescriptor.lambda$invokeTestMethod$7(TestMethodTestDescriptor.java:218)
	at org.junit.platform.engine.support.hierarchical.ThrowableCollector.execute(ThrowableCollector.java:73)
	at org.junit.jupiter.engine.descriptor.TestMethodTestDescriptor.invokeTestMethod(TestMethodTestDescriptor.java:214)
	at org.junit.jupiter.engine.descriptor.TestMethodTestDescriptor.execute(TestMethodTestDescriptor.java:139)
	at org.junit.jupiter.engine.descriptor.TestMethodTestDescriptor.execute(TestMethodTestDescriptor.java:69)
	at org.junit.platform.engine.support.hierarchical.NodeTestTask.lambda$executeRecursively$6(NodeTestTask.java:151)
	at org.junit.platform.engine.support.hierarchical.ThrowableCollector.execute(ThrowableCollector.java:73)
	at org.junit.platform.engine.support.hierarchical.NodeTestTask.lambda$executeRecursively$8(NodeTestTask.java:141)
	at org.junit.platform.engine.support.hierarchical.Node.around(Node.java:137)
	at org.junit.platform.engine.support.hierarchical.NodeTestTask.lambda$executeRecursively$9(NodeTestTask.java:139)
	at org.junit.platform.engine.support.hierarchical.ThrowableCollector.execute(ThrowableCollector.java:73)
	at org.junit.platform.engine.support.hierarchical.NodeTestTask.executeRecursively(NodeTestTask.java:138)
	at org.junit.platform.engine.support.hierarchical.NodeTestTask.execute(NodeTestTask.java:95)
	at java.base/java.util.ArrayList.forEach(ArrayList.java:1596)
	at org.junit.platform.engine.support.hierarchical.SameThreadHierarchicalTestExecutorService.invokeAll(SameThreadHierarchicalTestExecutorService.java:41)
	at org.junit.platform.engine.support.hierarchical.NodeTestTask.lambda$executeRecursively$6(NodeTestTask.java:155)
	at org.junit.platform.engine.support.hierarchical.ThrowableCollector.execute(ThrowableCollector.java:73)
	at org.junit.platform.engine.support.hierarchical.NodeTestTask.lambda$executeRecursively$8(NodeTestTask.java:141)
	at org.junit.platform.engine.support.hierarchical.Node.around(Node.java:137)
	at org.junit.platform.engine.support.hierarchical.NodeTestTask.lambda$executeRecursively$9(NodeTestTask.java:139)
	at org.junit.platform.engine.support.hierarchical.ThrowableCollector.execute(ThrowableCollector.java:73)
	at org.junit.platform.engine.support.hierarchical.NodeTestTask.executeRecursively(NodeTestTask.java:138)
	at org.junit.platform.engine.support.hierarchical.NodeTestTask.execute(NodeTestTask.java:95)
	at java.base/java.util.ArrayList.forEach(ArrayList.java:1596)
	at org.junit.platform.engine.support.hierarchical.SameThreadHierarchicalTestExecutorService.invokeAll(SameThreadHierarchicalTestExecutorService.java:41)
	at org.junit.platform.engine.support.hierarchical.NodeTestTask.lambda$executeRecursively$6(NodeTestTask.java:155)
	at org.junit.platform.engine.support.hierarchical.ThrowableCollector.execute(ThrowableCollector.java:73)
	at org.junit.platform.engine.support.hierarchical.NodeTestTask.lambda$executeRecursively$8(NodeTestTask.java:141)
	at org.junit.platform.engine.support.hierarchical.Node.around(Node.java:137)
	at org.junit.platform.engine.support.hierarchical.NodeTestTask.lambda$executeRecursively$9(NodeTestTask.java:139)
	at org.junit.platform.engine.support.hierarchical.ThrowableCollector.execute(ThrowableCollector.java:73)
	at org.junit.platform.engine.support.hierarchical.NodeTestTask.executeRecursively(NodeTestTask.java:138)
	at org.junit.platform.engine.support.hierarchical.NodeTestTask.execute(NodeTestTask.java:95)
	at org.junit.platform.engine.support.hierarchical.SameThreadHierarchicalTestExecutorService.submit(SameThreadHierarchicalTestExecutorService.java:35)
	at org.junit.platform.engine.support.hierarchical.HierarchicalTestExecutor.execute(HierarchicalTestExecutor.java:57)
	at org.junit.platform.engine.support.hierarchical.HierarchicalTestEngine.execute(HierarchicalTestEngine.java:54)
	at org.junit.platform.launcher.core.EngineExecutionOrchestrator.execute(EngineExecutionOrchestrator.java:198)
[...]
2025-12-12 10:54:07.839 [main] DEBUG [] [] o.springframework.test.context.cache - Spring test ApplicationContext cache statistics: [DefaultContextCache@16cf7fd0 size = 3, maxSize = 32, parentContextCount = 0, hitCount = 620, missCount = 3, failureCount = 0]
2025-12-12 10:54:07.839 [main] DEBUG [] [] o.s.t.c.s.DirtiesContextTestExecutionListener - After test method: class [SimpleAccountControllerTest], method [listAccounts_WithoutCustomerIdHeader_ShouldReturnBadRequest], class annotated with @DirtiesContext [false] with mode [null], method annotated with @DirtiesContext [false] with mode [null]
]]></system-out>
  </testcase>
  <testcase name="createAccount_WithValidRequest_ShouldReturnCreatedAccount" classname="com.banking.accountmanagementapis.controller.SimpleAccountControllerTest" time="0.014">
    <failure message="Status expected:&lt;201&gt; but was:&lt;400&gt;" type="java.lang.AssertionError"><![CDATA[java.lang.AssertionError: Status expected:<201> but was:<400>
	at org.springframework.test.util.AssertionErrors.fail(AssertionErrors.java:59)
	at org.springframework.test.util.AssertionErrors.assertEquals(AssertionErrors.java:122)
	at org.springframework.test.web.servlet.result.StatusResultMatchers.lambda$matcher$9(StatusResultMatchers.java:637)
	at org.springframework.test.web.servlet.MockMvc$1.andExpect(MockMvc.java:214)
	at com.banking.accountmanagementapis.controller.SimpleAccountControllerTest.createAccount_WithValidRequest_ShouldReturnCreatedAccount(SimpleAccountControllerTest.java:236)
	at java.base/java.lang.reflect.Method.invoke(Method.java:580)
	at java.base/java.util.ArrayList.forEach(ArrayList.java:1596)
	at java.base/java.util.ArrayList.forEach(ArrayList.java:1596)
]]></failure>
    <system-out><![CDATA[2025-12-12 10:54:01.905 [main] DEBUG [] [] o.springframework.test.context.cache - Spring test ApplicationContext cache statistics: [DefaultContextCache@16cf7fd0 size = 1, maxSize = 32, parentContextCount = 0, hitCount = 180, missCount = 1, failureCount = 0]
2025-12-12 10:54:01.905 [main] DEBUG [] [] o.s.t.c.s.DependencyInjectionTestExecutionListener - Performing dependency injection for test class com.banking.accountmanagementapis.controller.SimpleAccountControllerTest
2025-12-12 10:54:01.906 [main] DEBUG [] [] o.springframework.test.context.cache - Spring test ApplicationContext cache statistics: [DefaultContextCache@16cf7fd0 size = 1, maxSize = 32, parentContextCount = 0, hitCount = 181, missCount = 1, failureCount = 0]
2025-12-12 10:54:01.906 [main] DEBUG [] [] o.springframework.test.context.cache - Spring test ApplicationContext cache statistics: [DefaultContextCache@16cf7fd0 size = 1, maxSize = 32, parentContextCount = 0, hitCount = 182, missCount = 1, failureCount = 0]
2025-12-12 10:54:01.908 [main] DEBUG [] [] o.s.t.c.s.DirtiesContextBeforeModesTestExecutionListener - Before test method: class [SimpleAccountControllerTest], method [createAccount_WithValidRequest_ShouldReturnCreatedAccount], class annotated with @DirtiesContext [false] with mode [null], method annotated with @DirtiesContext [false] with mode [null]
2025-12-12 10:54:01.908 [main] DEBUG [] [] o.springframework.test.context.cache - Spring test ApplicationContext cache statistics: [DefaultContextCache@16cf7fd0 size = 1, maxSize = 32, parentContextCount = 0, hitCount = 183, missCount = 1, failureCount = 0]
2025-12-12 10:54:01.908 [main] DEBUG [] [] o.springframework.test.context.cache - Spring test ApplicationContext cache statistics: [DefaultContextCache@16cf7fd0 size = 1, maxSize = 32, parentContextCount = 0, hitCount = 184, missCount = 1, failureCount = 0]
2025-12-12 10:54:01.908 [main] DEBUG [] [] o.springframework.test.context.cache - Spring test ApplicationContext cache statistics: [DefaultContextCache@16cf7fd0 size = 1, maxSize = 32, parentContextCount = 0, hitCount = 185, missCount = 1, failureCount = 0]
2025-12-12 10:54:01.913 [main] DEBUG [] [] o.s.t.w.s.TestDispatcherServlet - POST "/v2/accounts", parameters={}
2025-12-12 10:54:01.916 [main] WARN  [] [] o.s.w.s.m.s.DefaultHandlerExceptionResolver - Resolved [org.springframework.web.bind.MethodArgumentNotValidException: Validation failed for argument [2] in public org.springframework.http.ResponseEntity<?> com.banking.accountmanagementapis.controller.SimpleAccountController.createAccount(java.lang.String,java.lang.String,com.banking.accountmanagementapis.dto.CreateAccountRequest): [Field error in object 'createAccountRequest' on field 'customerDetails.phoneNumber': rejected value [(505) 564-1774]; codes [Pattern.createAccountRequest.customerDetails.phoneNumber,Pattern.customerDetails.phoneNumber,Pattern.phoneNumber,Pattern.java.lang.String,Pattern]; arguments [org.springframework.context.support.DefaultMessageSourceResolvable: codes [createAccountRequest.customerDetails.phoneNumber,customerDetails.phoneNumber]; arguments []; default message [customerDetails.phoneNumber],[Ljakarta.validation.constraints.Pattern$Flag;@125ace20,^\+?[1-9]\d{1,14}$]; default message [Invalid phone number format]] ]
2025-12-12 10:54:01.917 [main] DEBUG [] [] o.s.t.w.s.TestDispatcherServlet - Completed 400 BAD_REQUEST

MockHttpServletRequest:
      HTTP Method = POST
      Request URI = /v2/accounts
       Parameters = {}
          Headers = [Content-Type:"application/json;charset=UTF-8", X-Customer-ID:"68ad9db0-b9de-4062-bf16-5e144475053f", X-Request-ID:"e7f0fd6b-c399-46d9-82a7-ba0d3254346f", Content-Length:"470"]
             Body = {
  "accountType" : "CHECKING",
  "currency" : "USD",
  "initialDeposit" : 1000.0,
  "customerDetails" : {
    "firstName" : "Deloise",
    "lastName" : "Dicki",
    "email" : "celine.fay@gmail.com",
    "phoneNumber" : "(505) 564-1774",
    "address" : "Suite 131 81451 Adams Alley, West Alvaro, OK 35680"
  },
  "accountNickname" : "ut ullam quia",
  "metadata" : {
    "createdBy" : "elvina.bosco",
    "source" : "test",
    "priority" : "LOW"
  }
}
    Session Attrs = {}

Handler:
             Type = com.banking.accountmanagementapis.controller.SimpleAccountController
           Method = com.banking.accountmanagementapis.controller.SimpleAccountController#createAccount(String, String, CreateAccountRequest)

Async:
    Async started = false
     Async result = null

Resolved Exception:
             Type = org.springframework.web.bind.MethodArgumentNotValidException

ModelAndView:
        View name = null
             View = null
            Model = null

FlashMap:
       Attributes = null

MockHttpServletResponse:
           Status = 400
    Error message = Invalid request content.
          Headers = []
     Content type = null
             Body = 
    Forwarded URL = null
   Redirected URL = null
          Cookies = []
2025-12-12 10:54:01.919 [main] DEBUG [] [] o.springframework.test.context.cache - Spring test ApplicationContext cache statistics: [DefaultContextCache@16cf7fd0 size = 1, maxSize = 32, parentContextCount = 0, hitCount = 186, missCount = 1, failureCount = 0]
2025-12-12 10:54:01.919 [main] DEBUG [] [] o.springframework.test.context.cache - Spring test ApplicationContext cache statistics: [DefaultContextCache@16cf7fd0 size = 1, maxSize = 32, parentContextCount = 0, hitCount = 187, missCount = 1, failureCount = 0]
2025-12-12 10:54:01.919 [main] DEBUG [] [] o.springframework.test.context.cache - Spring test ApplicationContext cache statistics: [DefaultContextCache@16cf7fd0 size = 1, maxSize = 32, parentContextCount = 0, hitCount = 188, missCount = 1, failureCount = 0]

MockHttpServletRequest:
      HTTP Method = POST
      Request URI = /v2/accounts
       Parameters = {}
          Headers = [Content-Type:"application/json;charset=UTF-8", X-Customer-ID:"68ad9db0-b9de-4062-bf16-5e144475053f", X-Request-ID:"e7f0fd6b-c399-46d9-82a7-ba0d3254346f", Content-Length:"470"]
             Body = {
  "accountType" : "CHECKING",
  "currency" : "USD",
  "initialDeposit" : 1000.0,
  "customerDetails" : {
    "firstName" : "Deloise",
    "lastName" : "Dicki",
    "email" : "celine.fay@gmail.com",
    "phoneNumber" : "(505) 564-1774",
    "address" : "Suite 131 81451 Adams Alley, West Alvaro, OK 35680"
  },
  "accountNickname" : "ut ullam quia",
  "metadata" : {
    "createdBy" : "elvina.bosco",
    "source" : "test",
    "priority" : "LOW"
  }
}
    Session Attrs = {}

Handler:
             Type = com.banking.accountmanagementapis.controller.SimpleAccountController
           Method = com.banking.accountmanagementapis.controller.SimpleAccountController#createAccount(String, String, CreateAccountRequest)

Async:
    Async started = false
     Async result = null

Resolved Exception:
             Type = org.springframework.web.bind.MethodArgumentNotValidException

ModelAndView:
        View name = null
             View = null
            Model = null

FlashMap:
       Attributes = null

MockHttpServletResponse:
           Status = 400
    Error message = Invalid request content.
          Headers = []
     Content type = null
             Body = 
    Forwarded URL = null
   Redirected URL = null
          Cookies = []
2025-12-12 10:54:01.919 [main] DEBUG [] [] o.springframework.test.context.cache - Spring test ApplicationContext cache statistics: [DefaultContextCache@16cf7fd0 size = 1, maxSize = 32, parentContextCount = 0, hitCount = 189, missCount = 1, failureCount = 0]
2025-12-12 10:54:01.919 [main] DEBUG [] [] o.springframework.test.context.cache - Spring test ApplicationContext cache statistics: [DefaultContextCache@16cf7fd0 size = 1, maxSize = 32, parentContextCount = 0, hitCount = 190, missCount = 1, failureCount = 0]
2025-12-12 10:54:01.920 [main] DEBUG [] [] o.springframework.test.context.cache - Spring test ApplicationContext cache statistics: [DefaultContextCache@16cf7fd0 size = 1, maxSize = 32, parentContextCount = 0, hitCount = 191, missCount = 1, failureCount = 0]
2025-12-12 10:54:01.920 [main] DEBUG [] [] o.s.t.c.s.DirtiesContextTestExecutionListener - After test method: class [SimpleAccountControllerTest], method [createAccount_WithValidRequest_ShouldReturnCreatedAccount], class annotated with @DirtiesContext [false] with mode [null], method annotated with @DirtiesContext [false] with mode [null]
]]></system-out>
  </testcase>
  <testcase name="createAccount_WithValidRequest_ShouldReturnCreatedAccount" classname="com.banking.accountmanagementapis.controller.SimpleAccountControllerTest" time="0.011">
    <failure message="Status expected:&lt;201&gt; but was:&lt;400&gt;" type="java.lang.AssertionError"><![CDATA[java.lang.AssertionError: Status expected:<201> but was:<400>
	at org.springframework.test.util.AssertionErrors.fail(AssertionErrors.java:59)
	at org.springframework.test.util.AssertionErrors.assertEquals(AssertionErrors.java:122)
	at org.springframework.test.web.servlet.result.StatusResultMatchers.lambda$matcher$9(StatusResultMatchers.java:637)
	at org.springframework.test.web.servlet.MockMvc$1.andExpect(MockMvc.java:214)
	at com.banking.accountmanagementapis.controller.SimpleAccountControllerTest.createAccount_WithValidRequest_ShouldReturnCreatedAccount(SimpleAccountControllerTest.java:236)
	at java.base/java.lang.reflect.Method.invoke(Method.java:580)
	at java.base/java.util.ArrayList.forEach(ArrayList.java:1596)
	at java.base/java.util.ArrayList.forEach(ArrayList.java:1596)
]]></failure>
    <system-out><![CDATA[2025-12-12 10:54:07.840 [main] DEBUG [] [] o.springframework.test.context.cache - Spring test ApplicationContext cache statistics: [DefaultContextCache@16cf7fd0 size = 3, maxSize = 32, parentContextCount = 0, hitCount = 621, missCount = 3, failureCount = 0]
2025-12-12 10:54:07.840 [main] DEBUG [] [] o.s.t.c.s.DependencyInjectionTestExecutionListener - Performing dependency injection for test class com.banking.accountmanagementapis.controller.SimpleAccountControllerTest
2025-12-12 10:54:07.840 [main] DEBUG [] [] o.springframework.test.context.cache - Spring test ApplicationContext cache statistics: [DefaultContextCache@16cf7fd0 size = 3, maxSize = 32, parentContextCount = 0, hitCount = 622, missCount = 3, failureCount = 0]
2025-12-12 10:54:07.840 [main] DEBUG [] [] o.springframework.test.context.cache - Spring test ApplicationContext cache statistics: [DefaultContextCache@16cf7fd0 size = 3, maxSize = 32, parentContextCount = 0, hitCount = 623, missCount = 3, failureCount = 0]
2025-12-12 10:54:07.841 [main] DEBUG [] [] o.s.t.c.s.DirtiesContextBeforeModesTestExecutionListener - Before test method: class [SimpleAccountControllerTest], method [createAccount_WithValidRequest_ShouldReturnCreatedAccount], class annotated with @DirtiesContext [false] with mode [null], method annotated with @DirtiesContext [false] with mode [null]
2025-12-12 10:54:07.841 [main] DEBUG [] [] o.springframework.test.context.cache - Spring test ApplicationContext cache statistics: [DefaultContextCache@16cf7fd0 size = 3, maxSize = 32, parentContextCount = 0, hitCount = 624, missCount = 3, failureCount = 0]
2025-12-12 10:54:07.841 [main] DEBUG [] [] o.springframework.test.context.cache - Spring test ApplicationContext cache statistics: [DefaultContextCache@16cf7fd0 size = 3, maxSize = 32, parentContextCount = 0, hitCount = 625, missCount = 3, failureCount = 0]
2025-12-12 10:54:07.843 [main] DEBUG [] [] o.springframework.test.context.cache - Spring test ApplicationContext cache statistics: [DefaultContextCache@16cf7fd0 size = 3, maxSize = 32, parentContextCount = 0, hitCount = 626, missCount = 3, failureCount = 0]
2025-12-12 10:54:07.845 [main] DEBUG [] [] o.s.t.w.s.TestDispatcherServlet - POST "/v2/accounts", parameters={}
2025-12-12 10:54:07.847 [main] WARN  [] [] o.s.w.s.m.s.DefaultHandlerExceptionResolver - Resolved [org.springframework.web.bind.MethodArgumentNotValidException: Validation failed for argument [2] in public org.springframework.http.ResponseEntity<?> com.banking.accountmanagementapis.controller.SimpleAccountController.createAccount(java.lang.String,java.lang.String,com.banking.accountmanagementapis.dto.CreateAccountRequest): [Field error in object 'createAccountRequest' on field 'customerDetails.phoneNumber': rejected value [201-425-0953]; codes [Pattern.createAccountRequest.customerDetails.phoneNumber,Pattern.customerDetails.phoneNumber,Pattern.phoneNumber,Pattern.java.lang.String,Pattern]; arguments [org.springframework.context.support.DefaultMessageSourceResolvable: codes [createAccountRequest.customerDetails.phoneNumber,customerDetails.phoneNumber]; arguments []; default message [customerDetails.phoneNumber],[Ljakarta.validation.constraints.Pattern$Flag;@125ace20,^\+?[1-9]\d{1,14}$]; default message [Invalid phone number format]] ]
2025-12-12 10:54:07.847 [main] DEBUG [] [] o.s.t.w.s.TestDispatcherServlet - Completed 400 BAD_REQUEST

MockHttpServletRequest:
      HTTP Method = POST
      Request URI = /v2/accounts
       Parameters = {}
          Headers = [Content-Type:"application/json;charset=UTF-8", X-Customer-ID:"b328f900-a10e-4707-b209-a65b86033bd5", X-Request-ID:"8ae06d9c-0e3c-466a-b610-defae2fe8fef", Content-Length:"494"]
             Body = {
  "accountType" : "CHECKING",
  "currency" : "USD",
  "initialDeposit" : 1000.0,
  "customerDetails" : {
    "firstName" : "Amber",
    "lastName" : "Willms",
    "email" : "nancey.emmerich@hotmail.com",
    "phoneNumber" : "201-425-0953",
    "address" : "Suite 638 077 Sipes Inlet, Strosinbury, CT 51806"
  },
  "accountNickname" : "soluta reiciendis necessitatibus",
  "metadata" : {
    "createdBy" : "rosalina.hoeger",
    "source" : "test",
    "priority" : "LOW"
  }
}
    Session Attrs = {}

Handler:
             Type = com.banking.accountmanagementapis.controller.SimpleAccountController
           Method = com.banking.accountmanagementapis.controller.SimpleAccountController#createAccount(String, String, CreateAccountRequest)

Async:
    Async started = false
     Async result = null

Resolved Exception:
             Type = org.springframework.web.bind.MethodArgumentNotValidException

ModelAndView:
        View name = null
             View = null
            Model = null

FlashMap:
       Attributes = null

MockHttpServletResponse:
           Status = 400
    Error message = Invalid request content.
          Headers = []
     Content type = null
             Body = 
    Forwarded URL = null
   Redirected URL = null
          Cookies = []
2025-12-12 10:54:07.849 [main] DEBUG [] [] o.springframework.test.context.cache - Spring test ApplicationContext cache statistics: [DefaultContextCache@16cf7fd0 size = 3, maxSize = 32, parentContextCount = 0, hitCount = 627, missCount = 3, failureCount = 0]
2025-12-12 10:54:07.849 [main] DEBUG [] [] o.springframework.test.context.cache - Spring test ApplicationContext cache statistics: [DefaultContextCache@16cf7fd0 size = 3, maxSize = 32, parentContextCount = 0, hitCount = 628, missCount = 3, failureCount = 0]
2025-12-12 10:54:07.849 [main] DEBUG [] [] o.springframework.test.context.cache - Spring test ApplicationContext cache statistics: [DefaultContextCache@16cf7fd0 size = 3, maxSize = 32, parentContextCount = 0, hitCount = 629, missCount = 3, failureCount = 0]

MockHttpServletRequest:
      HTTP Method = POST
      Request URI = /v2/accounts
       Parameters = {}
          Headers = [Content-Type:"application/json;charset=UTF-8", X-Customer-ID:"b328f900-a10e-4707-b209-a65b86033bd5", X-Request-ID:"8ae06d9c-0e3c-466a-b610-defae2fe8fef", Content-Length:"494"]
             Body = {
  "accountType" : "CHECKING",
  "currency" : "USD",
  "initialDeposit" : 1000.0,
  "customerDetails" : {
    "firstName" : "Amber",
    "lastName" : "Willms",
    "email" : "nancey.emmerich@hotmail.com",
    "phoneNumber" : "201-425-0953",
    "address" : "Suite 638 077 Sipes Inlet, Strosinbury, CT 51806"
  },
  "accountNickname" : "soluta reiciendis necessitatibus",
  "metadata" : {
    "createdBy" : "rosalina.hoeger",
    "source" : "test",
    "priority" : "LOW"
  }
}
    Session Attrs = {}

Handler:
             Type = com.banking.accountmanagementapis.controller.SimpleAccountController
           Method = com.banking.accountmanagementapis.controller.SimpleAccountController#createAccount(String, String, CreateAccountRequest)

Async:
    Async started = false
     Async result = null

Resolved Exception:
             Type = org.springframework.web.bind.MethodArgumentNotValidException

ModelAndView:
        View name = null
             View = null
            Model = null

FlashMap:
       Attributes = null

MockHttpServletResponse:
           Status = 400
    Error message = Invalid request content.
          Headers = []
     Content type = null
             Body = 
    Forwarded URL = null
   Redirected URL = null
          Cookies = []
2025-12-12 10:54:07.849 [main] DEBUG [] [] o.springframework.test.context.cache - Spring test ApplicationContext cache statistics: [DefaultContextCache@16cf7fd0 size = 3, maxSize = 32, parentContextCount = 0, hitCount = 630, missCount = 3, failureCount = 0]
2025-12-12 10:54:07.850 [main] DEBUG [] [] o.springframework.test.context.cache - Spring test ApplicationContext cache statistics: [DefaultContextCache@16cf7fd0 size = 3, maxSize = 32, parentContextCount = 0, hitCount = 631, missCount = 3, failureCount = 0]
2025-12-12 10:54:07.851 [main] DEBUG [] [] o.springframework.test.context.cache - Spring test ApplicationContext cache statistics: [DefaultContextCache@16cf7fd0 size = 3, maxSize = 32, parentContextCount = 0, hitCount = 632, missCount = 3, failureCount = 0]
2025-12-12 10:54:07.851 [main] DEBUG [] [] o.s.t.c.s.DirtiesContextTestExecutionListener - After test method: class [SimpleAccountControllerTest], method [createAccount_WithValidRequest_ShouldReturnCreatedAccount], class annotated with @DirtiesContext [false] with mode [null], method annotated with @DirtiesContext [false] with mode [null]
]]></system-out>
  </testcase>
</testsuite>