<?xml version="1.0" encoding="UTF-8"?>
<testsuite xmlns:xsi="http://www.w3.org/2001/XMLSchema-instance" xsi:noNamespaceSchemaLocation="https://maven.apache.org/surefire/maven-surefire-plugin/xsd/surefire-test-report-3.0.xsd" version="3.0" name="com.banking.accountmanagementapis.repository.AccountRepositoryTest" time="0.407" tests="20" errors="0" skipped="0" failures="1">
  <properties>
[...]
</properties>
  <testcase name="findByCurrency_WithValidCurrency_ShouldReturnMatchingAccounts" classname="com.banking.accountmanagementapis.repository.AccountRepositoryTest" time="0.229">
    <system-out><![CDATA[2025-12-12 10:54:06.374 [main] DEBUG [] [] o.s.t.c.s.AbstractContextLoader - Could not detect default resource locations for test class [com.banking.accountmanagementapis.repository.AccountRepositoryTest]: no resource found for suffixes {-context.xml, Context.groovy}.
2025-12-12 10:54:06.374 [main] INFO  [] [] o.s.t.c.s.AnnotationConfigContextLoaderUtils - Could not detect default configuration classes for test class [com.banking.accountmanagementapis.repository.AccountRepositoryTest]: AccountRepositoryTest does not declare any static, non-private, non-final, nested classes annotated with @Configuration.
2025-12-12 10:54:06.392 [main] INFO  [] [] o.s.b.t.c.SpringBootTestContextBootstrapper - Found @SpringBootConfiguration com.banking.accountmanagementapis.AccountManagementApisApplication for test class com.banking.accountmanagementapis.repository.AccountRepositoryTest
2025-12-12 10:54:06.392 [main] DEBUG [] [] o.s.t.c.u.TestContextSpringFactoriesUtils - Skipping candidate TestExecutionListener [org.springframework.test.context.observation.MicrometerObservationRegistryTestExecutionListener] due to a missing dependency. Specify custom TestExecutionListener classes or make the default TestExecutionListener classes and their required dependencies available. Offending class: io.micrometer.context.ThreadLocalAccessor. MicrometerObservationRegistryTestExecutionListener requires io.micrometer:micrometer-observation:1.10.8 or higher and io.micrometer:context-propagation:1.0.3 or higher.
2025-12-12 10:54:06.392 [main] DEBUG [] [] o.s.t.c.s.DirtiesContextBeforeModesTestExecutionListener - Before test class: class [AccountRepositoryTest], class annotated with @DirtiesContext [false] with mode [null]
2025-12-12 10:54:06.399 [main] DEBUG [] [] o.s.t.c.s.DependencyInjectionTestExecutionListener - Performing dependency injection for test class com.banking.accountmanagementapis.repository.AccountRepositoryTest
2025-12-12 10:54:06.438 [main] INFO  [] [] c.b.a.r.AccountRepositoryTest - Starting AccountRepositoryTest using Java 21.0.8 with PID 9732 (started by ravi.cheetirala in C:\Ravi\BOQ\account-management-apis)
2025-12-12 10:54:06.438 [main] INFO  [] [] c.b.a.r.AccountRepositoryTest - The following 1 profile is active: "test"
2025-12-12 10:54:06.535 [main] INFO  [] [] o.s.d.r.c.RepositoryConfigurationDelegate - Bootstrapping Spring Data JPA repositories in DEFAULT mode.
2025-12-12 10:54:06.550 [main] INFO  [] [] o.s.d.r.c.RepositoryConfigurationDelegate - Finished Spring Data repository scanning in 13 ms. Found 1 JPA repository interface.
2025-12-12 10:54:06.601 [main] INFO  [] [] o.s.o.j.p.SpringPersistenceUnitInfo - No LoadTimeWeaver setup: ignoring JPA class transformer
2025-12-12 10:54:06.607 [main] WARN  [] [] org.hibernate.orm.deprecation - HHH90000025: H2Dialect does not need to be specified explicitly using 'hibernate.dialect' (remove the property setting and it will be selected by default)
2025-12-12 10:54:06.651 [main] DEBUG [] [] org.hibernate.SQL - drop table if exists account_metadata cascade 
Hibernate: drop table if exists account_metadata cascade 
2025-12-12 10:54:06.651 [main] DEBUG [] [] org.hibernate.SQL - drop table if exists accounts cascade 
Hibernate: drop table if exists accounts cascade 
2025-12-12 10:54:06.667 [main] DEBUG [] [] org.hibernate.SQL - create table account_metadata (account_id varchar(36) not null, metadata_key varchar(255) not null, metadata_value varchar(255), primary key (account_id, metadata_key))
Hibernate: create table account_metadata (account_id varchar(36) not null, metadata_key varchar(255) not null, metadata_value varchar(255), primary key (account_id, metadata_key))
2025-12-12 10:54:06.667 [main] DEBUG [] [] org.hibernate.SQL - create table accounts (available_balance numeric(19,2) not null, balance numeric(19,2) not null, currency varchar(3) not null, created_at timestamp(6) not null, last_activity_at timestamp(6), updated_at timestamp(6) not null, branch_id varchar(10), account_number varchar(20) not null unique, phone_number varchar(20), account_id varchar(36) not null, customer_id varchar(36) not null, account_nickname varchar(50), first_name varchar(50) not null, last_name varchar(50) not null, email varchar(100), account_type varchar(255) not null check (account_type in ('CHECKING','SAVINGS','MONEY_MARKET','CERTIFICATE_DEPOSIT','LOAN','CREDIT_CARD','INVESTMENT')), address varchar(255), status varchar(255) not null check (status in ('ACTIVE','INACTIVE','FROZEN','CLOSED','PENDING_APPROVAL','SUSPENDED')), primary key (account_id))
Hibernate: create table accounts (available_balance numeric(19,2) not null, balance numeric(19,2) not null, currency varchar(3) not null, created_at timestamp(6) not null, last_activity_at timestamp(6), updated_at timestamp(6) not null, branch_id varchar(10), account_number varchar(20) not null unique, phone_number varchar(20), account_id varchar(36) not null, customer_id varchar(36) not null, account_nickname varchar(50), first_name varchar(50) not null, last_name varchar(50) not null, email varchar(100), account_type varchar(255) not null check (account_type in ('CHECKING','SAVINGS','MONEY_MARKET','CERTIFICATE_DEPOSIT','LOAN','CREDIT_CARD','INVESTMENT')), address varchar(255), status varchar(255) not null check (status in ('ACTIVE','INACTIVE','FROZEN','CLOSED','PENDING_APPROVAL','SUSPENDED')), primary key (account_id))
2025-12-12 10:54:06.667 [main] DEBUG [] [] org.hibernate.SQL - create index idx_customer_id on accounts (customer_id)
Hibernate: create index idx_customer_id on accounts (customer_id)
2025-12-12 10:54:06.667 [main] DEBUG [] [] org.hibernate.SQL - create index idx_account_type on accounts (account_type)
Hibernate: create index idx_account_type on accounts (account_type)
2025-12-12 10:54:06.667 [main] DEBUG [] [] org.hibernate.SQL - create index idx_status on accounts (status)
Hibernate: create index idx_status on accounts (status)
2025-12-12 10:54:06.671 [main] DEBUG [] [] org.hibernate.SQL - alter table if exists account_metadata add constraint FKedvjoa8ivvo5wttb37p3yvdqn foreign key (account_id) references accounts
Hibernate: alter table if exists account_metadata add constraint FKedvjoa8ivvo5wttb37p3yvdqn foreign key (account_id) references accounts
2025-12-12 10:54:06.671 [main] INFO  [] [] o.s.o.j.LocalContainerEntityManagerFactoryBean - Initialized JPA EntityManagerFactory for persistence unit 'default'
2025-12-12 10:54:06.734 [main] INFO  [] [] c.b.a.r.AccountRepositoryTest - Started AccountRepositoryTest in 0.332 seconds (process running for 10.666)
2025-12-12 10:54:06.734 [main] DEBUG [] [] o.springframework.test.context.cache - Spring test ApplicationContext cache statistics: [DefaultContextCache@16cf7fd0 size = 3, maxSize = 32, parentContextCount = 0, hitCount = 199, missCount = 3, failureCount = 0]
2025-12-12 10:54:06.742 [main] DEBUG [] [] o.springframework.test.context.cache - Spring test ApplicationContext cache statistics: [DefaultContextCache@16cf7fd0 size = 3, maxSize = 32, parentContextCount = 0, hitCount = 200, missCount = 3, failureCount = 0]
2025-12-12 10:54:06.742 [main] DEBUG [] [] o.s.t.c.s.DirtiesContextBeforeModesTestExecutionListener - Before test method: class [AccountRepositoryTest], method [findByCurrency_WithValidCurrency_ShouldReturnMatchingAccounts], class annotated with @DirtiesContext [false] with mode [null], method annotated with @DirtiesContext [false] with mode [null]
2025-12-12 10:54:06.749 [main] DEBUG [] [] o.s.t.c.t.TransactionalTestExecutionListener - Explicit transaction definition [PROPAGATION_REQUIRED,ISOLATION_DEFAULT] found for test class [com.banking.accountmanagementapis.repository.AccountRepositoryTest] and test method [findByCurrency_WithValidCurrency_ShouldReturnMatchingAccounts]
2025-12-12 10:54:06.750 [main] DEBUG [] [] o.springframework.test.context.cache - Spring test ApplicationContext cache statistics: [DefaultContextCache@16cf7fd0 size = 3, maxSize = 32, parentContextCount = 0, hitCount = 201, missCount = 3, failureCount = 0]
2025-12-12 10:54:06.750 [main] DEBUG [] [] o.s.t.c.t.TransactionalTestExecutionListener - No method-level @Rollback override: using default rollback [true] for test method [void com.banking.accountmanagementapis.repository.AccountRepositoryTest.findByCurrency_WithValidCurrency_ShouldReturnMatchingAccounts()]
2025-12-12 10:54:06.765 [main] DEBUG [] [] o.s.t.c.t.TransactionContext - Began transaction (1) for test class [com.banking.accountmanagementapis.repository.AccountRepositoryTest]; test method [findByCurrency_WithValidCurrency_ShouldReturnMatchingAccounts]; transaction manager [org.springframework.orm.jpa.JpaTransactionManager@397ec6bb]; rollback [true]
2025-12-12 10:54:06.765 [main] DEBUG [] [] o.springframework.test.context.cache - Spring test ApplicationContext cache statistics: [DefaultContextCache@16cf7fd0 size = 3, maxSize = 32, parentContextCount = 0, hitCount = 202, missCount = 3, failureCount = 0]
2025-12-12 10:54:06.767 [main] DEBUG [] [] o.springframework.test.context.cache - Spring test ApplicationContext cache statistics: [DefaultContextCache@16cf7fd0 size = 3, maxSize = 32, parentContextCount = 0, hitCount = 203, missCount = 3, failureCount = 0]
2025-12-12 10:54:06.855 [main] DEBUG [] [] org.hibernate.SQL - select a1_0.account_id,a1_0.account_nickname,a1_0.account_number,a1_0.account_type,a1_0.address,a1_0.available_balance,a1_0.balance,a1_0.branch_id,a1_0.created_at,a1_0.currency,a1_0.customer_id,a1_0.email,a1_0.first_name,a1_0.last_activity_at,a1_0.last_name,a1_0.phone_number,a1_0.status,a1_0.updated_at from accounts a1_0
Hibernate: select a1_0.account_id,a1_0.account_nickname,a1_0.account_number,a1_0.account_type,a1_0.address,a1_0.available_balance,a1_0.balance,a1_0.branch_id,a1_0.created_at,a1_0.currency,a1_0.customer_id,a1_0.email,a1_0.first_name,a1_0.last_activity_at,a1_0.last_name,a1_0.phone_number,a1_0.status,a1_0.updated_at from accounts a1_0
2025-12-12 10:54:06.891 [main] DEBUG [] [] org.hibernate.SQL - select a1_0.account_id,a1_0.account_nickname,a1_0.account_number,a1_0.account_type,a1_0.address,a1_0.available_balance,a1_0.balance,a1_0.branch_id,a1_0.created_at,a1_0.currency,a1_0.customer_id,a1_0.email,a1_0.first_name,a1_0.last_activity_at,a1_0.last_name,a1_0.phone_number,a1_0.status,a1_0.updated_at from accounts a1_0 where a1_0.account_id=?
Hibernate: select a1_0.account_id,a1_0.account_nickname,a1_0.account_number,a1_0.account_type,a1_0.address,a1_0.available_balance,a1_0.balance,a1_0.branch_id,a1_0.created_at,a1_0.currency,a1_0.customer_id,a1_0.email,a1_0.first_name,a1_0.last_activity_at,a1_0.last_name,a1_0.phone_number,a1_0.status,a1_0.updated_at from accounts a1_0 where a1_0.account_id=?
2025-12-12 10:54:06.909 [main] DEBUG [] [] org.hibernate.SQL - select a1_0.account_id,a1_0.account_nickname,a1_0.account_number,a1_0.account_type,a1_0.address,a1_0.available_balance,a1_0.balance,a1_0.branch_id,a1_0.created_at,a1_0.currency,a1_0.customer_id,a1_0.email,a1_0.first_name,a1_0.last_activity_at,a1_0.last_name,a1_0.phone_number,a1_0.status,a1_0.updated_at from accounts a1_0 where a1_0.account_id=?
Hibernate: select a1_0.account_id,a1_0.account_nickname,a1_0.account_number,a1_0.account_type,a1_0.address,a1_0.available_balance,a1_0.balance,a1_0.branch_id,a1_0.created_at,a1_0.currency,a1_0.customer_id,a1_0.email,a1_0.first_name,a1_0.last_activity_at,a1_0.last_name,a1_0.phone_number,a1_0.status,a1_0.updated_at from accounts a1_0 where a1_0.account_id=?
2025-12-12 10:54:06.915 [main] DEBUG [] [] org.hibernate.SQL - select a1_0.account_id,a1_0.account_nickname,a1_0.account_number,a1_0.account_type,a1_0.address,a1_0.available_balance,a1_0.balance,a1_0.branch_id,a1_0.created_at,a1_0.currency,a1_0.customer_id,a1_0.email,a1_0.first_name,a1_0.last_activity_at,a1_0.last_name,a1_0.phone_number,a1_0.status,a1_0.updated_at from accounts a1_0 where a1_0.account_id=?
Hibernate: select a1_0.account_id,a1_0.account_nickname,a1_0.account_number,a1_0.account_type,a1_0.address,a1_0.available_balance,a1_0.balance,a1_0.branch_id,a1_0.created_at,a1_0.currency,a1_0.customer_id,a1_0.email,a1_0.first_name,a1_0.last_activity_at,a1_0.last_name,a1_0.phone_number,a1_0.status,a1_0.updated_at from accounts a1_0 where a1_0.account_id=?
2025-12-12 10:54:06.915 [main] DEBUG [] [] o.springframework.test.context.cache - Spring test ApplicationContext cache statistics: [DefaultContextCache@16cf7fd0 size = 3, maxSize = 32, parentContextCount = 0, hitCount = 204, missCount = 3, failureCount = 0]
2025-12-12 10:54:06.944 [main] DEBUG [] [] org.hibernate.SQL - insert into accounts (account_nickname,account_number,account_type,address,available_balance,balance,branch_id,created_at,currency,customer_id,email,first_name,last_activity_at,last_name,phone_number,status,updated_at,account_id) values (?,?,?,?,?,?,?,?,?,?,?,?,?,?,?,?,?,?)
Hibernate: insert into accounts (account_nickname,account_number,account_type,address,available_balance,balance,branch_id,created_at,currency,customer_id,email,first_name,last_activity_at,last_name,phone_number,status,updated_at,account_id) values (?,?,?,?,?,?,?,?,?,?,?,?,?,?,?,?,?,?)
2025-12-12 10:54:06.951 [main] DEBUG [] [] org.hibernate.SQL - insert into accounts (account_nickname,account_number,account_type,address,available_balance,balance,branch_id,created_at,currency,customer_id,email,first_name,last_activity_at,last_name,phone_number,status,updated_at,account_id) values (?,?,?,?,?,?,?,?,?,?,?,?,?,?,?,?,?,?)
Hibernate: insert into accounts (account_nickname,account_number,account_type,address,available_balance,balance,branch_id,created_at,currency,customer_id,email,first_name,last_activity_at,last_name,phone_number,status,updated_at,account_id) values (?,?,?,?,?,?,?,?,?,?,?,?,?,?,?,?,?,?)
2025-12-12 10:54:06.951 [main] DEBUG [] [] org.hibernate.SQL - insert into accounts (account_nickname,account_number,account_type,address,available_balance,balance,branch_id,created_at,currency,customer_id,email,first_name,last_activity_at,last_name,phone_number,status,updated_at,account_id) values (?,?,?,?,?,?,?,?,?,?,?,?,?,?,?,?,?,?)
Hibernate: insert into accounts (account_nickname,account_number,account_type,address,available_balance,balance,branch_id,created_at,currency,customer_id,email,first_name,last_activity_at,last_name,phone_number,status,updated_at,account_id) values (?,?,?,?,?,?,?,?,?,?,?,?,?,?,?,?,?,?)
2025-12-12 10:54:06.951 [main] DEBUG [] [] org.hibernate.SQL - insert into account_metadata (account_id,metadata_key,metadata_value) values (?,?,?)
Hibernate: insert into account_metadata (account_id,metadata_key,metadata_value) values (?,?,?)
2025-12-12 10:54:06.951 [main] DEBUG [] [] org.hibernate.SQL - insert into account_metadata (account_id,metadata_key,metadata_value) values (?,?,?)
Hibernate: insert into account_metadata (account_id,metadata_key,metadata_value) values (?,?,?)
2025-12-12 10:54:06.951 [main] DEBUG [] [] org.hibernate.SQL - insert into account_metadata (account_id,metadata_key,metadata_value) values (?,?,?)
Hibernate: insert into account_metadata (account_id,metadata_key,metadata_value) values (?,?,?)
2025-12-12 10:54:06.951 [main] DEBUG [] [] org.hibernate.SQL - insert into account_metadata (account_id,metadata_key,metadata_value) values (?,?,?)
Hibernate: insert into account_metadata (account_id,metadata_key,metadata_value) values (?,?,?)
2025-12-12 10:54:06.951 [main] DEBUG [] [] org.hibernate.SQL - insert into account_metadata (account_id,metadata_key,metadata_value) values (?,?,?)
Hibernate: insert into account_metadata (account_id,metadata_key,metadata_value) values (?,?,?)
2025-12-12 10:54:06.951 [main] DEBUG [] [] org.hibernate.SQL - insert into account_metadata (account_id,metadata_key,metadata_value) values (?,?,?)
Hibernate: insert into account_metadata (account_id,metadata_key,metadata_value) values (?,?,?)
2025-12-12 10:54:06.951 [main] DEBUG [] [] org.hibernate.SQL - insert into account_metadata (account_id,metadata_key,metadata_value) values (?,?,?)
Hibernate: insert into account_metadata (account_id,metadata_key,metadata_value) values (?,?,?)
2025-12-12 10:54:06.951 [main] DEBUG [] [] org.hibernate.SQL - insert into account_metadata (account_id,metadata_key,metadata_value) values (?,?,?)
Hibernate: insert into account_metadata (account_id,metadata_key,metadata_value) values (?,?,?)
2025-12-12 10:54:06.951 [main] DEBUG [] [] org.hibernate.SQL - insert into account_metadata (account_id,metadata_key,metadata_value) values (?,?,?)
Hibernate: insert into account_metadata (account_id,metadata_key,metadata_value) values (?,?,?)
2025-12-12 10:54:06.951 [main] DEBUG [] [] org.hibernate.SQL - select a1_0.account_id,a1_0.account_nickname,a1_0.account_number,a1_0.account_type,a1_0.address,a1_0.available_balance,a1_0.balance,a1_0.branch_id,a1_0.created_at,a1_0.currency,a1_0.customer_id,a1_0.email,a1_0.first_name,a1_0.last_activity_at,a1_0.last_name,a1_0.phone_number,a1_0.status,a1_0.updated_at from accounts a1_0 where a1_0.currency=?
Hibernate: select a1_0.account_id,a1_0.account_nickname,a1_0.account_number,a1_0.account_type,a1_0.address,a1_0.available_balance,a1_0.balance,a1_0.branch_id,a1_0.created_at,a1_0.currency,a1_0.customer_id,a1_0.email,a1_0.first_name,a1_0.last_activity_at,a1_0.last_name,a1_0.phone_number,a1_0.status,a1_0.updated_at from accounts a1_0 where a1_0.currency=?
2025-12-12 10:54:06.951 [main] DEBUG [] [] o.springframework.test.context.cache - Spring test ApplicationContext cache statistics: [DefaultContextCache@16cf7fd0 size = 3, maxSize = 32, parentContextCount = 0, hitCount = 205, missCount = 3, failureCount = 0]
2025-12-12 10:54:06.951 [main] DEBUG [] [] o.springframework.test.context.cache - Spring test ApplicationContext cache statistics: [DefaultContextCache@16cf7fd0 size = 3, maxSize = 32, parentContextCount = 0, hitCount = 206, missCount = 3, failureCount = 0]
2025-12-12 10:54:06.951 [main] DEBUG [] [] o.springframework.test.context.cache - Spring test ApplicationContext cache statistics: [DefaultContextCache@16cf7fd0 size = 3, maxSize = 32, parentContextCount = 0, hitCount = 207, missCount = 3, failureCount = 0]
2025-12-12 10:54:06.965 [main] DEBUG [] [] o.springframework.test.context.cache - Spring test ApplicationContext cache statistics: [DefaultContextCache@16cf7fd0 size = 3, maxSize = 32, parentContextCount = 0, hitCount = 208, missCount = 3, failureCount = 0]
2025-12-12 10:54:06.966 [main] DEBUG [] [] o.springframework.test.context.cache - Spring test ApplicationContext cache statistics: [DefaultContextCache@16cf7fd0 size = 3, maxSize = 32, parentContextCount = 0, hitCount = 209, missCount = 3, failureCount = 0]
2025-12-12 10:54:06.966 [main] DEBUG [] [] o.springframework.test.context.cache - Spring test ApplicationContext cache statistics: [DefaultContextCache@16cf7fd0 size = 3, maxSize = 32, parentContextCount = 0, hitCount = 210, missCount = 3, failureCount = 0]
2025-12-12 10:54:06.970 [main] DEBUG [] [] o.s.t.c.t.TransactionContext - Rolled back transaction (1) for test class [com.banking.accountmanagementapis.repository.AccountRepositoryTest]; test method [findByCurrency_WithValidCurrency_ShouldReturnMatchingAccounts]
2025-12-12 10:54:06.971 [main] DEBUG [] [] o.s.t.c.s.DirtiesContextTestExecutionListener - After test method: class [AccountRepositoryTest], method [findByCurrency_WithValidCurrency_ShouldReturnMatchingAccounts], class annotated with @DirtiesContext [false] with mode [null], method annotated with @DirtiesContext [false] with mode [null]
]]></system-out>
  </testcase>
  <testcase name="findByCurrency_WithValidCurrency_ShouldReturnMatchingAccounts" classname="com.banking.accountmanagementapis.repository.AccountRepositoryTest" time="0.028">
    <system-out><![CDATA[2025-12-12 10:54:07.917 [main] DEBUG [] [] o.s.t.c.s.AbstractContextLoader - Could not detect default resource locations for test class [com.banking.accountmanagementapis.repository.AccountRepositoryTest]: no resource found for suffixes {-context.xml, Context.groovy}.
2025-12-12 10:54:07.917 [main] INFO  [] [] o.s.t.c.s.AnnotationConfigContextLoaderUtils - Could not detect default configuration classes for test class [com.banking.accountmanagementapis.repository.AccountRepositoryTest]: AccountRepositoryTest does not declare any static, non-private, non-final, nested classes annotated with @Configuration.
2025-12-12 10:54:07.941 [main] INFO  [] [] o.s.b.t.c.SpringBootTestContextBootstrapper - Found @SpringBootConfiguration com.banking.accountmanagementapis.AccountManagementApisApplication for test class com.banking.accountmanagementapis.repository.AccountRepositoryTest
2025-12-12 10:54:07.942 [main] DEBUG [] [] o.s.t.c.u.TestContextSpringFactoriesUtils - Skipping candidate TestExecutionListener [org.springframework.test.context.observation.MicrometerObservationRegistryTestExecutionListener] due to a missing dependency. Specify custom TestExecutionListener classes or make the default TestExecutionListener classes and their required dependencies available. Offending class: io.micrometer.context.ThreadLocalAccessor. MicrometerObservationRegistryTestExecutionListener requires io.micrometer:micrometer-observation:1.10.8 or higher and io.micrometer:context-propagation:1.0.3 or higher.
2025-12-12 10:54:07.942 [main] DEBUG [] [] o.s.t.c.s.DirtiesContextBeforeModesTestExecutionListener - Before test class: class [AccountRepositoryTest], class annotated with @DirtiesContext [false] with mode [null]
2025-12-12 10:54:07.942 [main] DEBUG [] [] o.springframework.test.context.cache - Spring test ApplicationContext cache statistics: [DefaultContextCache@16cf7fd0 size = 3, maxSize = 32, parentContextCount = 0, hitCount = 634, missCount = 3, failureCount = 0]
2025-12-12 10:54:07.942 [main] DEBUG [] [] o.s.t.c.s.DependencyInjectionTestExecutionListener - Performing dependency injection for test class com.banking.accountmanagementapis.repository.AccountRepositoryTest
2025-12-12 10:54:07.942 [main] DEBUG [] [] o.springframework.test.context.cache - Spring test ApplicationContext cache statistics: [DefaultContextCache@16cf7fd0 size = 3, maxSize = 32, parentContextCount = 0, hitCount = 635, missCount = 3, failureCount = 0]
2025-12-12 10:54:07.944 [main] DEBUG [] [] o.springframework.test.context.cache - Spring test ApplicationContext cache statistics: [DefaultContextCache@16cf7fd0 size = 3, maxSize = 32, parentContextCount = 0, hitCount = 636, missCount = 3, failureCount = 0]
2025-12-12 10:54:07.944 [main] DEBUG [] [] o.s.t.c.s.DirtiesContextBeforeModesTestExecutionListener - Before test method: class [AccountRepositoryTest], method [findByCurrency_WithValidCurrency_ShouldReturnMatchingAccounts], class annotated with @DirtiesContext [false] with mode [null], method annotated with @DirtiesContext [false] with mode [null]
2025-12-12 10:54:07.944 [main] DEBUG [] [] o.s.t.c.t.TransactionalTestExecutionListener - Explicit transaction definition [PROPAGATION_REQUIRED,ISOLATION_DEFAULT] found for test class [com.banking.accountmanagementapis.repository.AccountRepositoryTest] and test method [findByCurrency_WithValidCurrency_ShouldReturnMatchingAccounts]
2025-12-12 10:54:07.944 [main] DEBUG [] [] o.springframework.test.context.cache - Spring test ApplicationContext cache statistics: [DefaultContextCache@16cf7fd0 size = 3, maxSize = 32, parentContextCount = 0, hitCount = 637, missCount = 3, failureCount = 0]
2025-12-12 10:54:07.944 [main] DEBUG [] [] o.s.t.c.t.TransactionalTestExecutionListener - No method-level @Rollback override: using default rollback [true] for test method [void com.banking.accountmanagementapis.repository.AccountRepositoryTest.findByCurrency_WithValidCurrency_ShouldReturnMatchingAccounts()]
2025-12-12 10:54:07.944 [main] DEBUG [] [] o.s.t.c.t.TransactionContext - Began transaction (1) for test class [com.banking.accountmanagementapis.repository.AccountRepositoryTest]; test method [findByCurrency_WithValidCurrency_ShouldReturnMatchingAccounts]; transaction manager [org.springframework.orm.jpa.JpaTransactionManager@397ec6bb]; rollback [true]
2025-12-12 10:54:07.947 [main] DEBUG [] [] o.springframework.test.context.cache - Spring test ApplicationContext cache statistics: [DefaultContextCache@16cf7fd0 size = 3, maxSize = 32, parentContextCount = 0, hitCount = 638, missCount = 3, failureCount = 0]
2025-12-12 10:54:07.947 [main] DEBUG [] [] o.springframework.test.context.cache - Spring test ApplicationContext cache statistics: [DefaultContextCache@16cf7fd0 size = 3, maxSize = 32, parentContextCount = 0, hitCount = 639, missCount = 3, failureCount = 0]
2025-12-12 10:54:07.950 [main] DEBUG [] [] org.hibernate.SQL - select a1_0.account_id,a1_0.account_nickname,a1_0.account_number,a1_0.account_type,a1_0.address,a1_0.available_balance,a1_0.balance,a1_0.branch_id,a1_0.created_at,a1_0.currency,a1_0.customer_id,a1_0.email,a1_0.first_name,a1_0.last_activity_at,a1_0.last_name,a1_0.phone_number,a1_0.status,a1_0.updated_at from accounts a1_0
Hibernate: select a1_0.account_id,a1_0.account_nickname,a1_0.account_number,a1_0.account_type,a1_0.address,a1_0.available_balance,a1_0.balance,a1_0.branch_id,a1_0.created_at,a1_0.currency,a1_0.customer_id,a1_0.email,a1_0.first_name,a1_0.last_activity_at,a1_0.last_name,a1_0.phone_number,a1_0.status,a1_0.updated_at from accounts a1_0
2025-12-12 10:54:07.952 [main] DEBUG [] [] org.hibernate.SQL - select a1_0.account_id,a1_0.account_nickname,a1_0.account_number,a1_0.account_type,a1_0.address,a1_0.available_balance,a1_0.balance,a1_0.branch_id,a1_0.created_at,a1_0.currency,a1_0.customer_id,a1_0.email,a1_0.first_name,a1_0.last_activity_at,a1_0.last_name,a1_0.phone_number,a1_0.status,a1_0.updated_at from accounts a1_0 where a1_0.account_id=?
Hibernate: select a1_0.account_id,a1_0.account_nickname,a1_0.account_number,a1_0.account_type,a1_0.address,a1_0.available_balance,a1_0.balance,a1_0.branch_id,a1_0.created_at,a1_0.currency,a1_0.customer_id,a1_0.email,a1_0.first_name,a1_0.last_activity_at,a1_0.last_name,a1_0.phone_number,a1_0.status,a1_0.updated_at from accounts a1_0 where a1_0.account_id=?
2025-12-12 10:54:07.954 [main] DEBUG [] [] org.hibernate.SQL - select a1_0.account_id,a1_0.account_nickname,a1_0.account_number,a1_0.account_type,a1_0.address,a1_0.available_balance,a1_0.balance,a1_0.branch_id,a1_0.created_at,a1_0.currency,a1_0.customer_id,a1_0.email,a1_0.first_name,a1_0.last_activity_at,a1_0.last_name,a1_0.phone_number,a1_0.status,a1_0.updated_at from accounts a1_0 where a1_0.account_id=?
Hibernate: select a1_0.account_id,a1_0.account_nickname,a1_0.account_number,a1_0.account_type,a1_0.address,a1_0.available_balance,a1_0.balance,a1_0.branch_id,a1_0.created_at,a1_0.currency,a1_0.customer_id,a1_0.email,a1_0.first_name,a1_0.last_activity_at,a1_0.last_name,a1_0.phone_number,a1_0.status,a1_0.updated_at from accounts a1_0 where a1_0.account_id=?
2025-12-12 10:54:07.955 [main] DEBUG [] [] org.hibernate.SQL - select a1_0.account_id,a1_0.account_nickname,a1_0.account_number,a1_0.account_type,a1_0.address,a1_0.available_balance,a1_0.balance,a1_0.branch_id,a1_0.created_at,a1_0.currency,a1_0.customer_id,a1_0.email,a1_0.first_name,a1_0.last_activity_at,a1_0.last_name,a1_0.phone_number,a1_0.status,a1_0.updated_at from accounts a1_0 where a1_0.account_id=?
Hibernate: select a1_0.account_id,a1_0.account_nickname,a1_0.account_number,a1_0.account_type,a1_0.address,a1_0.available_balance,a1_0.balance,a1_0.branch_id,a1_0.created_at,a1_0.currency,a1_0.customer_id,a1_0.email,a1_0.first_name,a1_0.last_activity_at,a1_0.last_name,a1_0.phone_number,a1_0.status,a1_0.updated_at from accounts a1_0 where a1_0.account_id=?
2025-12-12 10:54:07.957 [main] DEBUG [] [] o.springframework.test.context.cache - Spring test ApplicationContext cache statistics: [DefaultContextCache@16cf7fd0 size = 3, maxSize = 32, parentContextCount = 0, hitCount = 640, missCount = 3, failureCount = 0]
2025-12-12 10:54:07.961 [main] DEBUG [] [] org.hibernate.SQL - insert into accounts (account_nickname,account_number,account_type,address,available_balance,balance,branch_id,created_at,currency,customer_id,email,first_name,last_activity_at,last_name,phone_number,status,updated_at,account_id) values (?,?,?,?,?,?,?,?,?,?,?,?,?,?,?,?,?,?)
Hibernate: insert into accounts (account_nickname,account_number,account_type,address,available_balance,balance,branch_id,created_at,currency,customer_id,email,first_name,last_activity_at,last_name,phone_number,status,updated_at,account_id) values (?,?,?,?,?,?,?,?,?,?,?,?,?,?,?,?,?,?)
2025-12-12 10:54:07.961 [main] DEBUG [] [] org.hibernate.SQL - insert into accounts (account_nickname,account_number,account_type,address,available_balance,balance,branch_id,created_at,currency,customer_id,email,first_name,last_activity_at,last_name,phone_number,status,updated_at,account_id) values (?,?,?,?,?,?,?,?,?,?,?,?,?,?,?,?,?,?)
Hibernate: insert into accounts (account_nickname,account_number,account_type,address,available_balance,balance,branch_id,created_at,currency,customer_id,email,first_name,last_activity_at,last_name,phone_number,status,updated_at,account_id) values (?,?,?,?,?,?,?,?,?,?,?,?,?,?,?,?,?,?)
2025-12-12 10:54:07.963 [main] DEBUG [] [] org.hibernate.SQL - insert into accounts (account_nickname,account_number,account_type,address,available_balance,balance,branch_id,created_at,currency,customer_id,email,first_name,last_activity_at,last_name,phone_number,status,updated_at,account_id) values (?,?,?,?,?,?,?,?,?,?,?,?,?,?,?,?,?,?)
Hibernate: insert into accounts (account_nickname,account_number,account_type,address,available_balance,balance,branch_id,created_at,currency,customer_id,email,first_name,last_activity_at,last_name,phone_number,status,updated_at,account_id) values (?,?,?,?,?,?,?,?,?,?,?,?,?,?,?,?,?,?)
2025-12-12 10:54:07.964 [main] DEBUG [] [] org.hibernate.SQL - insert into account_metadata (account_id,metadata_key,metadata_value) values (?,?,?)
Hibernate: insert into account_metadata (account_id,metadata_key,metadata_value) values (?,?,?)
2025-12-12 10:54:07.964 [main] DEBUG [] [] org.hibernate.SQL - insert into account_metadata (account_id,metadata_key,metadata_value) values (?,?,?)
Hibernate: insert into account_metadata (account_id,metadata_key,metadata_value) values (?,?,?)
2025-12-12 10:54:07.965 [main] DEBUG [] [] org.hibernate.SQL - insert into account_metadata (account_id,metadata_key,metadata_value) values (?,?,?)
Hibernate: insert into account_metadata (account_id,metadata_key,metadata_value) values (?,?,?)
2025-12-12 10:54:07.966 [main] DEBUG [] [] org.hibernate.SQL - insert into account_metadata (account_id,metadata_key,metadata_value) values (?,?,?)
Hibernate: insert into account_metadata (account_id,metadata_key,metadata_value) values (?,?,?)
2025-12-12 10:54:07.966 [main] DEBUG [] [] org.hibernate.SQL - insert into account_metadata (account_id,metadata_key,metadata_value) values (?,?,?)
Hibernate: insert into account_metadata (account_id,metadata_key,metadata_value) values (?,?,?)
2025-12-12 10:54:07.966 [main] DEBUG [] [] org.hibernate.SQL - insert into account_metadata (account_id,metadata_key,metadata_value) values (?,?,?)
Hibernate: insert into account_metadata (account_id,metadata_key,metadata_value) values (?,?,?)
2025-12-12 10:54:07.966 [main] DEBUG [] [] org.hibernate.SQL - insert into account_metadata (account_id,metadata_key,metadata_value) values (?,?,?)
Hibernate: insert into account_metadata (account_id,metadata_key,metadata_value) values (?,?,?)
2025-12-12 10:54:07.966 [main] DEBUG [] [] org.hibernate.SQL - insert into account_metadata (account_id,metadata_key,metadata_value) values (?,?,?)
Hibernate: insert into account_metadata (account_id,metadata_key,metadata_value) values (?,?,?)
2025-12-12 10:54:07.966 [main] DEBUG [] [] org.hibernate.SQL - insert into account_metadata (account_id,metadata_key,metadata_value) values (?,?,?)
Hibernate: insert into account_metadata (account_id,metadata_key,metadata_value) values (?,?,?)
2025-12-12 10:54:07.967 [main] DEBUG [] [] org.hibernate.SQL - select a1_0.account_id,a1_0.account_nickname,a1_0.account_number,a1_0.account_type,a1_0.address,a1_0.available_balance,a1_0.balance,a1_0.branch_id,a1_0.created_at,a1_0.currency,a1_0.customer_id,a1_0.email,a1_0.first_name,a1_0.last_activity_at,a1_0.last_name,a1_0.phone_number,a1_0.status,a1_0.updated_at from accounts a1_0 where a1_0.currency=?
Hibernate: select a1_0.account_id,a1_0.account_nickname,a1_0.account_number,a1_0.account_type,a1_0.address,a1_0.available_balance,a1_0.balance,a1_0.branch_id,a1_0.created_at,a1_0.currency,a1_0.customer_id,a1_0.email,a1_0.first_name,a1_0.last_activity_at,a1_0.last_name,a1_0.phone_number,a1_0.status,a1_0.updated_at from accounts a1_0 where a1_0.currency=?
2025-12-12 10:54:07.969 [main] DEBUG [] [] o.springframework.test.context.cache - Spring test ApplicationContext cache statistics: [DefaultContextCache@16cf7fd0 size = 3, maxSize = 32, parentContextCount = 0, hitCount = 641, missCount = 3, failureCount = 0]
2025-12-12 10:54:07.969 [main] DEBUG [] [] o.springframework.test.context.cache - Spring test ApplicationContext cache statistics: [DefaultContextCache@16cf7fd0 size = 3, maxSize = 32, parentContextCount = 0, hitCount = 642, missCount = 3, failureCount = 0]
2025-12-12 10:54:07.969 [main] DEBUG [] [] o.springframework.test.context.cache - Spring test ApplicationContext cache statistics: [DefaultContextCache@16cf7fd0 size = 3, maxSize = 32, parentContextCount = 0, hitCount = 643, missCount = 3, failureCount = 0]
2025-12-12 10:54:07.969 [main] DEBUG [] [] o.springframework.test.context.cache - Spring test ApplicationContext cache statistics: [DefaultContextCache@16cf7fd0 size = 3, maxSize = 32, parentContextCount = 0, hitCount = 644, missCount = 3, failureCount = 0]
2025-12-12 10:54:07.969 [main] DEBUG [] [] o.springframework.test.context.cache - Spring test ApplicationContext cache statistics: [DefaultContextCache@16cf7fd0 size = 3, maxSize = 32, parentContextCount = 0, hitCount = 645, missCount = 3, failureCount = 0]
2025-12-12 10:54:07.969 [main] DEBUG [] [] o.springframework.test.context.cache - Spring test ApplicationContext cache statistics: [DefaultContextCache@16cf7fd0 size = 3, maxSize = 32, parentContextCount = 0, hitCount = 646, missCount = 3, failureCount = 0]
2025-12-12 10:54:07.971 [main] DEBUG [] [] o.s.t.c.t.TransactionContext - Rolled back transaction (1) for test class [com.banking.accountmanagementapis.repository.AccountRepositoryTest]; test method [findByCurrency_WithValidCurrency_ShouldReturnMatchingAccounts]
2025-12-12 10:54:07.971 [main] DEBUG [] [] o.s.t.c.s.DirtiesContextTestExecutionListener - After test method: class [AccountRepositoryTest], method [findByCurrency_WithValidCurrency_ShouldReturnMatchingAccounts], class annotated with @DirtiesContext [false] with mode [null], method annotated with @DirtiesContext [false] with mode [null]
]]></system-out>
  </testcase>
  <testcase name="deleteByCustomerId_WithValidCustomerId_ShouldDeleteAllCustomerAccounts" classname="com.banking.accountmanagementapis.repository.AccountRepositoryTest" time="0.061">
    <system-out><![CDATA[2025-12-12 10:54:06.972 [main] DEBUG [] [] o.s.t.c.s.DependencyInjectionTestExecutionListener - Performing dependency injection for test class com.banking.accountmanagementapis.repository.AccountRepositoryTest
2025-12-12 10:54:06.972 [main] DEBUG [] [] o.springframework.test.context.cache - Spring test ApplicationContext cache statistics: [DefaultContextCache@16cf7fd0 size = 3, maxSize = 32, parentContextCount = 0, hitCount = 211, missCount = 3, failureCount = 0]
2025-12-12 10:54:06.972 [main] DEBUG [] [] o.springframework.test.context.cache - Spring test ApplicationContext cache statistics: [DefaultContextCache@16cf7fd0 size = 3, maxSize = 32, parentContextCount = 0, hitCount = 212, missCount = 3, failureCount = 0]
2025-12-12 10:54:06.972 [main] DEBUG [] [] o.s.t.c.s.DirtiesContextBeforeModesTestExecutionListener - Before test method: class [AccountRepositoryTest], method [deleteByCustomerId_WithValidCustomerId_ShouldDeleteAllCustomerAccounts], class annotated with @DirtiesContext [false] with mode [null], method annotated with @DirtiesContext [false] with mode [null]
2025-12-12 10:54:06.972 [main] DEBUG [] [] o.s.t.c.t.TransactionalTestExecutionListener - Explicit transaction definition [PROPAGATION_REQUIRED,ISOLATION_DEFAULT] found for test class [com.banking.accountmanagementapis.repository.AccountRepositoryTest] and test method [deleteByCustomerId_WithValidCustomerId_ShouldDeleteAllCustomerAccounts]
2025-12-12 10:54:06.972 [main] DEBUG [] [] o.springframework.test.context.cache - Spring test ApplicationContext cache statistics: [DefaultContextCache@16cf7fd0 size = 3, maxSize = 32, parentContextCount = 0, hitCount = 213, missCount = 3, failureCount = 0]
2025-12-12 10:54:06.973 [main] DEBUG [] [] o.s.t.c.t.TransactionalTestExecutionListener - No method-level @Rollback override: using default rollback [true] for test method [void com.banking.accountmanagementapis.repository.AccountRepositoryTest.deleteByCustomerId_WithValidCustomerId_ShouldDeleteAllCustomerAccounts()]
2025-12-12 10:54:06.973 [main] DEBUG [] [] o.s.t.c.t.TransactionContext - Began transaction (1) for test class [com.banking.accountmanagementapis.repository.AccountRepositoryTest]; test method [deleteByCustomerId_WithValidCustomerId_ShouldDeleteAllCustomerAccounts]; transaction manager [org.springframework.orm.jpa.JpaTransactionManager@397ec6bb]; rollback [true]
2025-12-12 10:54:06.973 [main] DEBUG [] [] o.springframework.test.context.cache - Spring test ApplicationContext cache statistics: [DefaultContextCache@16cf7fd0 size = 3, maxSize = 32, parentContextCount = 0, hitCount = 214, missCount = 3, failureCount = 0]
2025-12-12 10:54:06.973 [main] DEBUG [] [] o.springframework.test.context.cache - Spring test ApplicationContext cache statistics: [DefaultContextCache@16cf7fd0 size = 3, maxSize = 32, parentContextCount = 0, hitCount = 215, missCount = 3, failureCount = 0]
2025-12-12 10:54:06.973 [main] DEBUG [] [] org.hibernate.SQL - select a1_0.account_id,a1_0.account_nickname,a1_0.account_number,a1_0.account_type,a1_0.address,a1_0.available_balance,a1_0.balance,a1_0.branch_id,a1_0.created_at,a1_0.currency,a1_0.customer_id,a1_0.email,a1_0.first_name,a1_0.last_activity_at,a1_0.last_name,a1_0.phone_number,a1_0.status,a1_0.updated_at from accounts a1_0
Hibernate: select a1_0.account_id,a1_0.account_nickname,a1_0.account_number,a1_0.account_type,a1_0.address,a1_0.available_balance,a1_0.balance,a1_0.branch_id,a1_0.created_at,a1_0.currency,a1_0.customer_id,a1_0.email,a1_0.first_name,a1_0.last_activity_at,a1_0.last_name,a1_0.phone_number,a1_0.status,a1_0.updated_at from accounts a1_0
2025-12-12 10:54:06.973 [main] DEBUG [] [] org.hibernate.SQL - select a1_0.account_id,a1_0.account_nickname,a1_0.account_number,a1_0.account_type,a1_0.address,a1_0.available_balance,a1_0.balance,a1_0.branch_id,a1_0.created_at,a1_0.currency,a1_0.customer_id,a1_0.email,a1_0.first_name,a1_0.last_activity_at,a1_0.last_name,a1_0.phone_number,a1_0.status,a1_0.updated_at from accounts a1_0 where a1_0.account_id=?
Hibernate: select a1_0.account_id,a1_0.account_nickname,a1_0.account_number,a1_0.account_type,a1_0.address,a1_0.available_balance,a1_0.balance,a1_0.branch_id,a1_0.created_at,a1_0.currency,a1_0.customer_id,a1_0.email,a1_0.first_name,a1_0.last_activity_at,a1_0.last_name,a1_0.phone_number,a1_0.status,a1_0.updated_at from accounts a1_0 where a1_0.account_id=?
2025-12-12 10:54:06.973 [main] DEBUG [] [] org.hibernate.SQL - select a1_0.account_id,a1_0.account_nickname,a1_0.account_number,a1_0.account_type,a1_0.address,a1_0.available_balance,a1_0.balance,a1_0.branch_id,a1_0.created_at,a1_0.currency,a1_0.customer_id,a1_0.email,a1_0.first_name,a1_0.last_activity_at,a1_0.last_name,a1_0.phone_number,a1_0.status,a1_0.updated_at from accounts a1_0 where a1_0.account_id=?
Hibernate: select a1_0.account_id,a1_0.account_nickname,a1_0.account_number,a1_0.account_type,a1_0.address,a1_0.available_balance,a1_0.balance,a1_0.branch_id,a1_0.created_at,a1_0.currency,a1_0.customer_id,a1_0.email,a1_0.first_name,a1_0.last_activity_at,a1_0.last_name,a1_0.phone_number,a1_0.status,a1_0.updated_at from accounts a1_0 where a1_0.account_id=?
2025-12-12 10:54:06.973 [main] DEBUG [] [] org.hibernate.SQL - select a1_0.account_id,a1_0.account_nickname,a1_0.account_number,a1_0.account_type,a1_0.address,a1_0.available_balance,a1_0.balance,a1_0.branch_id,a1_0.created_at,a1_0.currency,a1_0.customer_id,a1_0.email,a1_0.first_name,a1_0.last_activity_at,a1_0.last_name,a1_0.phone_number,a1_0.status,a1_0.updated_at from accounts a1_0 where a1_0.account_id=?
Hibernate: select a1_0.account_id,a1_0.account_nickname,a1_0.account_number,a1_0.account_type,a1_0.address,a1_0.available_balance,a1_0.balance,a1_0.branch_id,a1_0.created_at,a1_0.currency,a1_0.customer_id,a1_0.email,a1_0.first_name,a1_0.last_activity_at,a1_0.last_name,a1_0.phone_number,a1_0.status,a1_0.updated_at from accounts a1_0 where a1_0.account_id=?
2025-12-12 10:54:06.980 [main] DEBUG [] [] o.springframework.test.context.cache - Spring test ApplicationContext cache statistics: [DefaultContextCache@16cf7fd0 size = 3, maxSize = 32, parentContextCount = 0, hitCount = 216, missCount = 3, failureCount = 0]
2025-12-12 10:54:06.986 [main] DEBUG [] [] org.hibernate.SQL - insert into accounts (account_nickname,account_number,account_type,address,available_balance,balance,branch_id,created_at,currency,customer_id,email,first_name,last_activity_at,last_name,phone_number,status,updated_at,account_id) values (?,?,?,?,?,?,?,?,?,?,?,?,?,?,?,?,?,?)
Hibernate: insert into accounts (account_nickname,account_number,account_type,address,available_balance,balance,branch_id,created_at,currency,customer_id,email,first_name,last_activity_at,last_name,phone_number,status,updated_at,account_id) values (?,?,?,?,?,?,?,?,?,?,?,?,?,?,?,?,?,?)
2025-12-12 10:54:06.986 [main] DEBUG [] [] org.hibernate.SQL - insert into accounts (account_nickname,account_number,account_type,address,available_balance,balance,branch_id,created_at,currency,customer_id,email,first_name,last_activity_at,last_name,phone_number,status,updated_at,account_id) values (?,?,?,?,?,?,?,?,?,?,?,?,?,?,?,?,?,?)
Hibernate: insert into accounts (account_nickname,account_number,account_type,address,available_balance,balance,branch_id,created_at,currency,customer_id,email,first_name,last_activity_at,last_name,phone_number,status,updated_at,account_id) values (?,?,?,?,?,?,?,?,?,?,?,?,?,?,?,?,?,?)
2025-12-12 10:54:06.986 [main] DEBUG [] [] org.hibernate.SQL - insert into accounts (account_nickname,account_number,account_type,address,available_balance,balance,branch_id,created_at,currency,customer_id,email,first_name,last_activity_at,last_name,phone_number,status,updated_at,account_id) values (?,?,?,?,?,?,?,?,?,?,?,?,?,?,?,?,?,?)
Hibernate: insert into accounts (account_nickname,account_number,account_type,address,available_balance,balance,branch_id,created_at,currency,customer_id,email,first_name,last_activity_at,last_name,phone_number,status,updated_at,account_id) values (?,?,?,?,?,?,?,?,?,?,?,?,?,?,?,?,?,?)
2025-12-12 10:54:06.986 [main] DEBUG [] [] org.hibernate.SQL - insert into account_metadata (account_id,metadata_key,metadata_value) values (?,?,?)
Hibernate: insert into account_metadata (account_id,metadata_key,metadata_value) values (?,?,?)
2025-12-12 10:54:06.986 [main] DEBUG [] [] org.hibernate.SQL - insert into account_metadata (account_id,metadata_key,metadata_value) values (?,?,?)
Hibernate: insert into account_metadata (account_id,metadata_key,metadata_value) values (?,?,?)
2025-12-12 10:54:06.986 [main] DEBUG [] [] org.hibernate.SQL - insert into account_metadata (account_id,metadata_key,metadata_value) values (?,?,?)
Hibernate: insert into account_metadata (account_id,metadata_key,metadata_value) values (?,?,?)
2025-12-12 10:54:06.986 [main] DEBUG [] [] org.hibernate.SQL - insert into account_metadata (account_id,metadata_key,metadata_value) values (?,?,?)
Hibernate: insert into account_metadata (account_id,metadata_key,metadata_value) values (?,?,?)
2025-12-12 10:54:06.986 [main] DEBUG [] [] org.hibernate.SQL - insert into account_metadata (account_id,metadata_key,metadata_value) values (?,?,?)
Hibernate: insert into account_metadata (account_id,metadata_key,metadata_value) values (?,?,?)
2025-12-12 10:54:06.986 [main] DEBUG [] [] org.hibernate.SQL - insert into account_metadata (account_id,metadata_key,metadata_value) values (?,?,?)
Hibernate: insert into account_metadata (account_id,metadata_key,metadata_value) values (?,?,?)
2025-12-12 10:54:06.986 [main] DEBUG [] [] org.hibernate.SQL - insert into account_metadata (account_id,metadata_key,metadata_value) values (?,?,?)
Hibernate: insert into account_metadata (account_id,metadata_key,metadata_value) values (?,?,?)
2025-12-12 10:54:06.986 [main] DEBUG [] [] org.hibernate.SQL - insert into account_metadata (account_id,metadata_key,metadata_value) values (?,?,?)
Hibernate: insert into account_metadata (account_id,metadata_key,metadata_value) values (?,?,?)
2025-12-12 10:54:06.986 [main] DEBUG [] [] org.hibernate.SQL - insert into account_metadata (account_id,metadata_key,metadata_value) values (?,?,?)
Hibernate: insert into account_metadata (account_id,metadata_key,metadata_value) values (?,?,?)
2025-12-12 10:54:06.986 [main] DEBUG [] [] org.hibernate.SQL - select count(a1_0.account_id) from accounts a1_0 where a1_0.customer_id=?
Hibernate: select count(a1_0.account_id) from accounts a1_0 where a1_0.customer_id=?
2025-12-12 10:54:07.001 [main] DEBUG [] [] org.hibernate.SQL - select count(a1_0.account_id) from accounts a1_0 where a1_0.customer_id=?
Hibernate: select count(a1_0.account_id) from accounts a1_0 where a1_0.customer_id=?
2025-12-12 10:54:07.003 [main] DEBUG [] [] org.hibernate.SQL - select a1_0.account_id,a1_0.account_nickname,a1_0.account_number,a1_0.account_type,a1_0.address,a1_0.available_balance,a1_0.balance,a1_0.branch_id,a1_0.created_at,a1_0.currency,a1_0.customer_id,a1_0.email,a1_0.first_name,a1_0.last_activity_at,a1_0.last_name,a1_0.phone_number,a1_0.status,a1_0.updated_at from accounts a1_0 where a1_0.customer_id=?
Hibernate: select a1_0.account_id,a1_0.account_nickname,a1_0.account_number,a1_0.account_type,a1_0.address,a1_0.available_balance,a1_0.balance,a1_0.branch_id,a1_0.created_at,a1_0.currency,a1_0.customer_id,a1_0.email,a1_0.first_name,a1_0.last_activity_at,a1_0.last_name,a1_0.phone_number,a1_0.status,a1_0.updated_at from accounts a1_0 where a1_0.customer_id=?
2025-12-12 10:54:07.006 [main] DEBUG [] [] org.hibernate.SQL - delete from account_metadata where account_id=?
Hibernate: delete from account_metadata where account_id=?
2025-12-12 10:54:07.015 [main] DEBUG [] [] org.hibernate.SQL - delete from account_metadata where account_id=?
Hibernate: delete from account_metadata where account_id=?
2025-12-12 10:54:07.019 [main] DEBUG [] [] org.hibernate.SQL - delete from accounts where account_id=?
Hibernate: delete from accounts where account_id=?
2025-12-12 10:54:07.021 [main] DEBUG [] [] org.hibernate.SQL - delete from accounts where account_id=?
Hibernate: delete from accounts where account_id=?
2025-12-12 10:54:07.022 [main] DEBUG [] [] org.hibernate.SQL - select count(a1_0.account_id) from accounts a1_0 where a1_0.customer_id=?
Hibernate: select count(a1_0.account_id) from accounts a1_0 where a1_0.customer_id=?
2025-12-12 10:54:07.023 [main] DEBUG [] [] org.hibernate.SQL - select count(a1_0.account_id) from accounts a1_0 where a1_0.customer_id=?
Hibernate: select count(a1_0.account_id) from accounts a1_0 where a1_0.customer_id=?
2025-12-12 10:54:07.023 [main] DEBUG [] [] org.hibernate.SQL - select count(*) from accounts a1_0
Hibernate: select count(*) from accounts a1_0
2025-12-12 10:54:07.023 [main] DEBUG [] [] o.springframework.test.context.cache - Spring test ApplicationContext cache statistics: [DefaultContextCache@16cf7fd0 size = 3, maxSize = 32, parentContextCount = 0, hitCount = 217, missCount = 3, failureCount = 0]
2025-12-12 10:54:07.023 [main] DEBUG [] [] o.springframework.test.context.cache - Spring test ApplicationContext cache statistics: [DefaultContextCache@16cf7fd0 size = 3, maxSize = 32, parentContextCount = 0, hitCount = 218, missCount = 3, failureCount = 0]
2025-12-12 10:54:07.023 [main] DEBUG [] [] o.springframework.test.context.cache - Spring test ApplicationContext cache statistics: [DefaultContextCache@16cf7fd0 size = 3, maxSize = 32, parentContextCount = 0, hitCount = 219, missCount = 3, failureCount = 0]
2025-12-12 10:54:07.023 [main] DEBUG [] [] o.springframework.test.context.cache - Spring test ApplicationContext cache statistics: [DefaultContextCache@16cf7fd0 size = 3, maxSize = 32, parentContextCount = 0, hitCount = 220, missCount = 3, failureCount = 0]
2025-12-12 10:54:07.023 [main] DEBUG [] [] o.springframework.test.context.cache - Spring test ApplicationContext cache statistics: [DefaultContextCache@16cf7fd0 size = 3, maxSize = 32, parentContextCount = 0, hitCount = 221, missCount = 3, failureCount = 0]
2025-12-12 10:54:07.023 [main] DEBUG [] [] o.springframework.test.context.cache - Spring test ApplicationContext cache statistics: [DefaultContextCache@16cf7fd0 size = 3, maxSize = 32, parentContextCount = 0, hitCount = 222, missCount = 3, failureCount = 0]
2025-12-12 10:54:07.033 [main] DEBUG [] [] o.s.t.c.t.TransactionContext - Rolled back transaction (1) for test class [com.banking.accountmanagementapis.repository.AccountRepositoryTest]; test method [deleteByCustomerId_WithValidCustomerId_ShouldDeleteAllCustomerAccounts]
2025-12-12 10:54:07.033 [main] DEBUG [] [] o.s.t.c.s.DirtiesContextTestExecutionListener - After test method: class [AccountRepositoryTest], method [deleteByCustomerId_WithValidCustomerId_ShouldDeleteAllCustomerAccounts], class annotated with @DirtiesContext [false] with mode [null], method annotated with @DirtiesContext [false] with mode [null]
]]></system-out>
  </testcase>
  <testcase name="deleteByCustomerId_WithValidCustomerId_ShouldDeleteAllCustomerAccounts" classname="com.banking.accountmanagementapis.repository.AccountRepositoryTest" time="0.022">
    <system-out><![CDATA[2025-12-12 10:54:07.972 [main] DEBUG [] [] o.s.t.c.s.DependencyInjectionTestExecutionListener - Performing dependency injection for test class com.banking.accountmanagementapis.repository.AccountRepositoryTest
2025-12-12 10:54:07.972 [main] DEBUG [] [] o.springframework.test.context.cache - Spring test ApplicationContext cache statistics: [DefaultContextCache@16cf7fd0 size = 3, maxSize = 32, parentContextCount = 0, hitCount = 647, missCount = 3, failureCount = 0]
2025-12-12 10:54:07.973 [main] DEBUG [] [] o.springframework.test.context.cache - Spring test ApplicationContext cache statistics: [DefaultContextCache@16cf7fd0 size = 3, maxSize = 32, parentContextCount = 0, hitCount = 648, missCount = 3, failureCount = 0]
2025-12-12 10:54:07.973 [main] DEBUG [] [] o.s.t.c.s.DirtiesContextBeforeModesTestExecutionListener - Before test method: class [AccountRepositoryTest], method [deleteByCustomerId_WithValidCustomerId_ShouldDeleteAllCustomerAccounts], class annotated with @DirtiesContext [false] with mode [null], method annotated with @DirtiesContext [false] with mode [null]
2025-12-12 10:54:07.973 [main] DEBUG [] [] o.s.t.c.t.TransactionalTestExecutionListener - Explicit transaction definition [PROPAGATION_REQUIRED,ISOLATION_DEFAULT] found for test class [com.banking.accountmanagementapis.repository.AccountRepositoryTest] and test method [deleteByCustomerId_WithValidCustomerId_ShouldDeleteAllCustomerAccounts]
2025-12-12 10:54:07.974 [main] DEBUG [] [] o.springframework.test.context.cache - Spring test ApplicationContext cache statistics: [DefaultContextCache@16cf7fd0 size = 3, maxSize = 32, parentContextCount = 0, hitCount = 649, missCount = 3, failureCount = 0]
2025-12-12 10:54:07.974 [main] DEBUG [] [] o.s.t.c.t.TransactionalTestExecutionListener - No method-level @Rollback override: using default rollback [true] for test method [void com.banking.accountmanagementapis.repository.AccountRepositoryTest.deleteByCustomerId_WithValidCustomerId_ShouldDeleteAllCustomerAccounts()]
2025-12-12 10:54:07.974 [main] DEBUG [] [] o.s.t.c.t.TransactionContext - Began transaction (1) for test class [com.banking.accountmanagementapis.repository.AccountRepositoryTest]; test method [deleteByCustomerId_WithValidCustomerId_ShouldDeleteAllCustomerAccounts]; transaction manager [org.springframework.orm.jpa.JpaTransactionManager@397ec6bb]; rollback [true]
2025-12-12 10:54:07.974 [main] DEBUG [] [] o.springframework.test.context.cache - Spring test ApplicationContext cache statistics: [DefaultContextCache@16cf7fd0 size = 3, maxSize = 32, parentContextCount = 0, hitCount = 650, missCount = 3, failureCount = 0]
2025-12-12 10:54:07.974 [main] DEBUG [] [] o.springframework.test.context.cache - Spring test ApplicationContext cache statistics: [DefaultContextCache@16cf7fd0 size = 3, maxSize = 32, parentContextCount = 0, hitCount = 651, missCount = 3, failureCount = 0]
2025-12-12 10:54:07.975 [main] DEBUG [] [] org.hibernate.SQL - select a1_0.account_id,a1_0.account_nickname,a1_0.account_number,a1_0.account_type,a1_0.address,a1_0.available_balance,a1_0.balance,a1_0.branch_id,a1_0.created_at,a1_0.currency,a1_0.customer_id,a1_0.email,a1_0.first_name,a1_0.last_activity_at,a1_0.last_name,a1_0.phone_number,a1_0.status,a1_0.updated_at from accounts a1_0
Hibernate: select a1_0.account_id,a1_0.account_nickname,a1_0.account_number,a1_0.account_type,a1_0.address,a1_0.available_balance,a1_0.balance,a1_0.branch_id,a1_0.created_at,a1_0.currency,a1_0.customer_id,a1_0.email,a1_0.first_name,a1_0.last_activity_at,a1_0.last_name,a1_0.phone_number,a1_0.status,a1_0.updated_at from accounts a1_0
2025-12-12 10:54:07.975 [main] DEBUG [] [] org.hibernate.SQL - select a1_0.account_id,a1_0.account_nickname,a1_0.account_number,a1_0.account_type,a1_0.address,a1_0.available_balance,a1_0.balance,a1_0.branch_id,a1_0.created_at,a1_0.currency,a1_0.customer_id,a1_0.email,a1_0.first_name,a1_0.last_activity_at,a1_0.last_name,a1_0.phone_number,a1_0.status,a1_0.updated_at from accounts a1_0 where a1_0.account_id=?
Hibernate: select a1_0.account_id,a1_0.account_nickname,a1_0.account_number,a1_0.account_type,a1_0.address,a1_0.available_balance,a1_0.balance,a1_0.branch_id,a1_0.created_at,a1_0.currency,a1_0.customer_id,a1_0.email,a1_0.first_name,a1_0.last_activity_at,a1_0.last_name,a1_0.phone_number,a1_0.status,a1_0.updated_at from accounts a1_0 where a1_0.account_id=?
2025-12-12 10:54:07.975 [main] DEBUG [] [] org.hibernate.SQL - select a1_0.account_id,a1_0.account_nickname,a1_0.account_number,a1_0.account_type,a1_0.address,a1_0.available_balance,a1_0.balance,a1_0.branch_id,a1_0.created_at,a1_0.currency,a1_0.customer_id,a1_0.email,a1_0.first_name,a1_0.last_activity_at,a1_0.last_name,a1_0.phone_number,a1_0.status,a1_0.updated_at from accounts a1_0 where a1_0.account_id=?
Hibernate: select a1_0.account_id,a1_0.account_nickname,a1_0.account_number,a1_0.account_type,a1_0.address,a1_0.available_balance,a1_0.balance,a1_0.branch_id,a1_0.created_at,a1_0.currency,a1_0.customer_id,a1_0.email,a1_0.first_name,a1_0.last_activity_at,a1_0.last_name,a1_0.phone_number,a1_0.status,a1_0.updated_at from accounts a1_0 where a1_0.account_id=?
2025-12-12 10:54:07.975 [main] DEBUG [] [] org.hibernate.SQL - select a1_0.account_id,a1_0.account_nickname,a1_0.account_number,a1_0.account_type,a1_0.address,a1_0.available_balance,a1_0.balance,a1_0.branch_id,a1_0.created_at,a1_0.currency,a1_0.customer_id,a1_0.email,a1_0.first_name,a1_0.last_activity_at,a1_0.last_name,a1_0.phone_number,a1_0.status,a1_0.updated_at from accounts a1_0 where a1_0.account_id=?
Hibernate: select a1_0.account_id,a1_0.account_nickname,a1_0.account_number,a1_0.account_type,a1_0.address,a1_0.available_balance,a1_0.balance,a1_0.branch_id,a1_0.created_at,a1_0.currency,a1_0.customer_id,a1_0.email,a1_0.first_name,a1_0.last_activity_at,a1_0.last_name,a1_0.phone_number,a1_0.status,a1_0.updated_at from accounts a1_0 where a1_0.account_id=?
2025-12-12 10:54:07.975 [main] DEBUG [] [] o.springframework.test.context.cache - Spring test ApplicationContext cache statistics: [DefaultContextCache@16cf7fd0 size = 3, maxSize = 32, parentContextCount = 0, hitCount = 652, missCount = 3, failureCount = 0]
2025-12-12 10:54:07.975 [main] DEBUG [] [] org.hibernate.SQL - insert into accounts (account_nickname,account_number,account_type,address,available_balance,balance,branch_id,created_at,currency,customer_id,email,first_name,last_activity_at,last_name,phone_number,status,updated_at,account_id) values (?,?,?,?,?,?,?,?,?,?,?,?,?,?,?,?,?,?)
Hibernate: insert into accounts (account_nickname,account_number,account_type,address,available_balance,balance,branch_id,created_at,currency,customer_id,email,first_name,last_activity_at,last_name,phone_number,status,updated_at,account_id) values (?,?,?,?,?,?,?,?,?,?,?,?,?,?,?,?,?,?)
2025-12-12 10:54:07.981 [main] DEBUG [] [] org.hibernate.SQL - insert into accounts (account_nickname,account_number,account_type,address,available_balance,balance,branch_id,created_at,currency,customer_id,email,first_name,last_activity_at,last_name,phone_number,status,updated_at,account_id) values (?,?,?,?,?,?,?,?,?,?,?,?,?,?,?,?,?,?)
Hibernate: insert into accounts (account_nickname,account_number,account_type,address,available_balance,balance,branch_id,created_at,currency,customer_id,email,first_name,last_activity_at,last_name,phone_number,status,updated_at,account_id) values (?,?,?,?,?,?,?,?,?,?,?,?,?,?,?,?,?,?)
2025-12-12 10:54:07.981 [main] DEBUG [] [] org.hibernate.SQL - insert into accounts (account_nickname,account_number,account_type,address,available_balance,balance,branch_id,created_at,currency,customer_id,email,first_name,last_activity_at,last_name,phone_number,status,updated_at,account_id) values (?,?,?,?,?,?,?,?,?,?,?,?,?,?,?,?,?,?)
Hibernate: insert into accounts (account_nickname,account_number,account_type,address,available_balance,balance,branch_id,created_at,currency,customer_id,email,first_name,last_activity_at,last_name,phone_number,status,updated_at,account_id) values (?,?,?,?,?,?,?,?,?,?,?,?,?,?,?,?,?,?)
2025-12-12 10:54:07.982 [main] DEBUG [] [] org.hibernate.SQL - insert into account_metadata (account_id,metadata_key,metadata_value) values (?,?,?)
Hibernate: insert into account_metadata (account_id,metadata_key,metadata_value) values (?,?,?)
2025-12-12 10:54:07.982 [main] DEBUG [] [] org.hibernate.SQL - insert into account_metadata (account_id,metadata_key,metadata_value) values (?,?,?)
Hibernate: insert into account_metadata (account_id,metadata_key,metadata_value) values (?,?,?)
2025-12-12 10:54:07.983 [main] DEBUG [] [] org.hibernate.SQL - insert into account_metadata (account_id,metadata_key,metadata_value) values (?,?,?)
Hibernate: insert into account_metadata (account_id,metadata_key,metadata_value) values (?,?,?)
2025-12-12 10:54:07.983 [main] DEBUG [] [] org.hibernate.SQL - insert into account_metadata (account_id,metadata_key,metadata_value) values (?,?,?)
Hibernate: insert into account_metadata (account_id,metadata_key,metadata_value) values (?,?,?)
2025-12-12 10:54:07.983 [main] DEBUG [] [] org.hibernate.SQL - insert into account_metadata (account_id,metadata_key,metadata_value) values (?,?,?)
Hibernate: insert into account_metadata (account_id,metadata_key,metadata_value) values (?,?,?)
2025-12-12 10:54:07.983 [main] DEBUG [] [] org.hibernate.SQL - insert into account_metadata (account_id,metadata_key,metadata_value) values (?,?,?)
Hibernate: insert into account_metadata (account_id,metadata_key,metadata_value) values (?,?,?)
2025-12-12 10:54:07.984 [main] DEBUG [] [] org.hibernate.SQL - insert into account_metadata (account_id,metadata_key,metadata_value) values (?,?,?)
Hibernate: insert into account_metadata (account_id,metadata_key,metadata_value) values (?,?,?)
2025-12-12 10:54:07.984 [main] DEBUG [] [] org.hibernate.SQL - insert into account_metadata (account_id,metadata_key,metadata_value) values (?,?,?)
Hibernate: insert into account_metadata (account_id,metadata_key,metadata_value) values (?,?,?)
2025-12-12 10:54:07.984 [main] DEBUG [] [] org.hibernate.SQL - insert into account_metadata (account_id,metadata_key,metadata_value) values (?,?,?)
Hibernate: insert into account_metadata (account_id,metadata_key,metadata_value) values (?,?,?)
2025-12-12 10:54:07.984 [main] DEBUG [] [] org.hibernate.SQL - select count(a1_0.account_id) from accounts a1_0 where a1_0.customer_id=?
Hibernate: select count(a1_0.account_id) from accounts a1_0 where a1_0.customer_id=?
2025-12-12 10:54:07.984 [main] DEBUG [] [] org.hibernate.SQL - select count(a1_0.account_id) from accounts a1_0 where a1_0.customer_id=?
Hibernate: select count(a1_0.account_id) from accounts a1_0 where a1_0.customer_id=?
2025-12-12 10:54:07.989 [main] DEBUG [] [] org.hibernate.SQL - select a1_0.account_id,a1_0.account_nickname,a1_0.account_number,a1_0.account_type,a1_0.address,a1_0.available_balance,a1_0.balance,a1_0.branch_id,a1_0.created_at,a1_0.currency,a1_0.customer_id,a1_0.email,a1_0.first_name,a1_0.last_activity_at,a1_0.last_name,a1_0.phone_number,a1_0.status,a1_0.updated_at from accounts a1_0 where a1_0.customer_id=?
Hibernate: select a1_0.account_id,a1_0.account_nickname,a1_0.account_number,a1_0.account_type,a1_0.address,a1_0.available_balance,a1_0.balance,a1_0.branch_id,a1_0.created_at,a1_0.currency,a1_0.customer_id,a1_0.email,a1_0.first_name,a1_0.last_activity_at,a1_0.last_name,a1_0.phone_number,a1_0.status,a1_0.updated_at from accounts a1_0 where a1_0.customer_id=?
2025-12-12 10:54:07.989 [main] DEBUG [] [] org.hibernate.SQL - delete from account_metadata where account_id=?
Hibernate: delete from account_metadata where account_id=?
2025-12-12 10:54:07.991 [main] DEBUG [] [] org.hibernate.SQL - delete from account_metadata where account_id=?
Hibernate: delete from account_metadata where account_id=?
2025-12-12 10:54:07.991 [main] DEBUG [] [] org.hibernate.SQL - delete from accounts where account_id=?
Hibernate: delete from accounts where account_id=?
2025-12-12 10:54:07.991 [main] DEBUG [] [] org.hibernate.SQL - delete from accounts where account_id=?
Hibernate: delete from accounts where account_id=?
2025-12-12 10:54:07.991 [main] DEBUG [] [] org.hibernate.SQL - select count(a1_0.account_id) from accounts a1_0 where a1_0.customer_id=?
Hibernate: select count(a1_0.account_id) from accounts a1_0 where a1_0.customer_id=?
2025-12-12 10:54:07.991 [main] DEBUG [] [] org.hibernate.SQL - select count(a1_0.account_id) from accounts a1_0 where a1_0.customer_id=?
Hibernate: select count(a1_0.account_id) from accounts a1_0 where a1_0.customer_id=?
2025-12-12 10:54:07.993 [main] DEBUG [] [] org.hibernate.SQL - select count(*) from accounts a1_0
Hibernate: select count(*) from accounts a1_0
2025-12-12 10:54:07.993 [main] DEBUG [] [] o.springframework.test.context.cache - Spring test ApplicationContext cache statistics: [DefaultContextCache@16cf7fd0 size = 3, maxSize = 32, parentContextCount = 0, hitCount = 653, missCount = 3, failureCount = 0]
2025-12-12 10:54:07.993 [main] DEBUG [] [] o.springframework.test.context.cache - Spring test ApplicationContext cache statistics: [DefaultContextCache@16cf7fd0 size = 3, maxSize = 32, parentContextCount = 0, hitCount = 654, missCount = 3, failureCount = 0]
2025-12-12 10:54:07.993 [main] DEBUG [] [] o.springframework.test.context.cache - Spring test ApplicationContext cache statistics: [DefaultContextCache@16cf7fd0 size = 3, maxSize = 32, parentContextCount = 0, hitCount = 655, missCount = 3, failureCount = 0]
2025-12-12 10:54:07.993 [main] DEBUG [] [] o.springframework.test.context.cache - Spring test ApplicationContext cache statistics: [DefaultContextCache@16cf7fd0 size = 3, maxSize = 32, parentContextCount = 0, hitCount = 656, missCount = 3, failureCount = 0]
2025-12-12 10:54:07.993 [main] DEBUG [] [] o.springframework.test.context.cache - Spring test ApplicationContext cache statistics: [DefaultContextCache@16cf7fd0 size = 3, maxSize = 32, parentContextCount = 0, hitCount = 657, missCount = 3, failureCount = 0]
2025-12-12 10:54:07.993 [main] DEBUG [] [] o.springframework.test.context.cache - Spring test ApplicationContext cache statistics: [DefaultContextCache@16cf7fd0 size = 3, maxSize = 32, parentContextCount = 0, hitCount = 658, missCount = 3, failureCount = 0]
2025-12-12 10:54:07.995 [main] DEBUG [] [] o.s.t.c.t.TransactionContext - Rolled back transaction (1) for test class [com.banking.accountmanagementapis.repository.AccountRepositoryTest]; test method [deleteByCustomerId_WithValidCustomerId_ShouldDeleteAllCustomerAccounts]
2025-12-12 10:54:07.995 [main] DEBUG [] [] o.s.t.c.s.DirtiesContextTestExecutionListener - After test method: class [AccountRepositoryTest], method [deleteByCustomerId_WithValidCustomerId_ShouldDeleteAllCustomerAccounts], class annotated with @DirtiesContext [false] with mode [null], method annotated with @DirtiesContext [false] with mode [null]
]]></system-out>
  </testcase>
  <testcase name="findByStatus_WithValidStatus_ShouldReturnMatchingAccounts" classname="com.banking.accountmanagementapis.repository.AccountRepositoryTest" time="0.019">
    <system-out><![CDATA[2025-12-12 10:54:07.033 [main] DEBUG [] [] o.s.t.c.s.DependencyInjectionTestExecutionListener - Performing dependency injection for test class com.banking.accountmanagementapis.repository.AccountRepositoryTest
2025-12-12 10:54:07.033 [main] DEBUG [] [] o.springframework.test.context.cache - Spring test ApplicationContext cache statistics: [DefaultContextCache@16cf7fd0 size = 3, maxSize = 32, parentContextCount = 0, hitCount = 223, missCount = 3, failureCount = 0]
2025-12-12 10:54:07.033 [main] DEBUG [] [] o.springframework.test.context.cache - Spring test ApplicationContext cache statistics: [DefaultContextCache@16cf7fd0 size = 3, maxSize = 32, parentContextCount = 0, hitCount = 224, missCount = 3, failureCount = 0]
2025-12-12 10:54:07.033 [main] DEBUG [] [] o.s.t.c.s.DirtiesContextBeforeModesTestExecutionListener - Before test method: class [AccountRepositoryTest], method [findByStatus_WithValidStatus_ShouldReturnMatchingAccounts], class annotated with @DirtiesContext [false] with mode [null], method annotated with @DirtiesContext [false] with mode [null]
2025-12-12 10:54:07.033 [main] DEBUG [] [] o.s.t.c.t.TransactionalTestExecutionListener - Explicit transaction definition [PROPAGATION_REQUIRED,ISOLATION_DEFAULT] found for test class [com.banking.accountmanagementapis.repository.AccountRepositoryTest] and test method [findByStatus_WithValidStatus_ShouldReturnMatchingAccounts]
2025-12-12 10:54:07.033 [main] DEBUG [] [] o.springframework.test.context.cache - Spring test ApplicationContext cache statistics: [DefaultContextCache@16cf7fd0 size = 3, maxSize = 32, parentContextCount = 0, hitCount = 225, missCount = 3, failureCount = 0]
2025-12-12 10:54:07.033 [main] DEBUG [] [] o.s.t.c.t.TransactionalTestExecutionListener - No method-level @Rollback override: using default rollback [true] for test method [void com.banking.accountmanagementapis.repository.AccountRepositoryTest.findByStatus_WithValidStatus_ShouldReturnMatchingAccounts()]
2025-12-12 10:54:07.033 [main] DEBUG [] [] o.s.t.c.t.TransactionContext - Began transaction (1) for test class [com.banking.accountmanagementapis.repository.AccountRepositoryTest]; test method [findByStatus_WithValidStatus_ShouldReturnMatchingAccounts]; transaction manager [org.springframework.orm.jpa.JpaTransactionManager@397ec6bb]; rollback [true]
2025-12-12 10:54:07.033 [main] DEBUG [] [] o.springframework.test.context.cache - Spring test ApplicationContext cache statistics: [DefaultContextCache@16cf7fd0 size = 3, maxSize = 32, parentContextCount = 0, hitCount = 226, missCount = 3, failureCount = 0]
2025-12-12 10:54:07.033 [main] DEBUG [] [] o.springframework.test.context.cache - Spring test ApplicationContext cache statistics: [DefaultContextCache@16cf7fd0 size = 3, maxSize = 32, parentContextCount = 0, hitCount = 227, missCount = 3, failureCount = 0]
2025-12-12 10:54:07.033 [main] DEBUG [] [] org.hibernate.SQL - select a1_0.account_id,a1_0.account_nickname,a1_0.account_number,a1_0.account_type,a1_0.address,a1_0.available_balance,a1_0.balance,a1_0.branch_id,a1_0.created_at,a1_0.currency,a1_0.customer_id,a1_0.email,a1_0.first_name,a1_0.last_activity_at,a1_0.last_name,a1_0.phone_number,a1_0.status,a1_0.updated_at from accounts a1_0
Hibernate: select a1_0.account_id,a1_0.account_nickname,a1_0.account_number,a1_0.account_type,a1_0.address,a1_0.available_balance,a1_0.balance,a1_0.branch_id,a1_0.created_at,a1_0.currency,a1_0.customer_id,a1_0.email,a1_0.first_name,a1_0.last_activity_at,a1_0.last_name,a1_0.phone_number,a1_0.status,a1_0.updated_at from accounts a1_0
2025-12-12 10:54:07.033 [main] DEBUG [] [] org.hibernate.SQL - select a1_0.account_id,a1_0.account_nickname,a1_0.account_number,a1_0.account_type,a1_0.address,a1_0.available_balance,a1_0.balance,a1_0.branch_id,a1_0.created_at,a1_0.currency,a1_0.customer_id,a1_0.email,a1_0.first_name,a1_0.last_activity_at,a1_0.last_name,a1_0.phone_number,a1_0.status,a1_0.updated_at from accounts a1_0 where a1_0.account_id=?
Hibernate: select a1_0.account_id,a1_0.account_nickname,a1_0.account_number,a1_0.account_type,a1_0.address,a1_0.available_balance,a1_0.balance,a1_0.branch_id,a1_0.created_at,a1_0.currency,a1_0.customer_id,a1_0.email,a1_0.first_name,a1_0.last_activity_at,a1_0.last_name,a1_0.phone_number,a1_0.status,a1_0.updated_at from accounts a1_0 where a1_0.account_id=?
2025-12-12 10:54:07.033 [main] DEBUG [] [] org.hibernate.SQL - select a1_0.account_id,a1_0.account_nickname,a1_0.account_number,a1_0.account_type,a1_0.address,a1_0.available_balance,a1_0.balance,a1_0.branch_id,a1_0.created_at,a1_0.currency,a1_0.customer_id,a1_0.email,a1_0.first_name,a1_0.last_activity_at,a1_0.last_name,a1_0.phone_number,a1_0.status,a1_0.updated_at from accounts a1_0 where a1_0.account_id=?
Hibernate: select a1_0.account_id,a1_0.account_nickname,a1_0.account_number,a1_0.account_type,a1_0.address,a1_0.available_balance,a1_0.balance,a1_0.branch_id,a1_0.created_at,a1_0.currency,a1_0.customer_id,a1_0.email,a1_0.first_name,a1_0.last_activity_at,a1_0.last_name,a1_0.phone_number,a1_0.status,a1_0.updated_at from accounts a1_0 where a1_0.account_id=?
2025-12-12 10:54:07.041 [main] DEBUG [] [] org.hibernate.SQL - select a1_0.account_id,a1_0.account_nickname,a1_0.account_number,a1_0.account_type,a1_0.address,a1_0.available_balance,a1_0.balance,a1_0.branch_id,a1_0.created_at,a1_0.currency,a1_0.customer_id,a1_0.email,a1_0.first_name,a1_0.last_activity_at,a1_0.last_name,a1_0.phone_number,a1_0.status,a1_0.updated_at from accounts a1_0 where a1_0.account_id=?
Hibernate: select a1_0.account_id,a1_0.account_nickname,a1_0.account_number,a1_0.account_type,a1_0.address,a1_0.available_balance,a1_0.balance,a1_0.branch_id,a1_0.created_at,a1_0.currency,a1_0.customer_id,a1_0.email,a1_0.first_name,a1_0.last_activity_at,a1_0.last_name,a1_0.phone_number,a1_0.status,a1_0.updated_at from accounts a1_0 where a1_0.account_id=?
2025-12-12 10:54:07.043 [main] DEBUG [] [] o.springframework.test.context.cache - Spring test ApplicationContext cache statistics: [DefaultContextCache@16cf7fd0 size = 3, maxSize = 32, parentContextCount = 0, hitCount = 228, missCount = 3, failureCount = 0]
2025-12-12 10:54:07.045 [main] DEBUG [] [] org.hibernate.SQL - insert into accounts (account_nickname,account_number,account_type,address,available_balance,balance,branch_id,created_at,currency,customer_id,email,first_name,last_activity_at,last_name,phone_number,status,updated_at,account_id) values (?,?,?,?,?,?,?,?,?,?,?,?,?,?,?,?,?,?)
Hibernate: insert into accounts (account_nickname,account_number,account_type,address,available_balance,balance,branch_id,created_at,currency,customer_id,email,first_name,last_activity_at,last_name,phone_number,status,updated_at,account_id) values (?,?,?,?,?,?,?,?,?,?,?,?,?,?,?,?,?,?)
2025-12-12 10:54:07.046 [main] DEBUG [] [] org.hibernate.SQL - insert into accounts (account_nickname,account_number,account_type,address,available_balance,balance,branch_id,created_at,currency,customer_id,email,first_name,last_activity_at,last_name,phone_number,status,updated_at,account_id) values (?,?,?,?,?,?,?,?,?,?,?,?,?,?,?,?,?,?)
Hibernate: insert into accounts (account_nickname,account_number,account_type,address,available_balance,balance,branch_id,created_at,currency,customer_id,email,first_name,last_activity_at,last_name,phone_number,status,updated_at,account_id) values (?,?,?,?,?,?,?,?,?,?,?,?,?,?,?,?,?,?)
2025-12-12 10:54:07.046 [main] DEBUG [] [] org.hibernate.SQL - insert into accounts (account_nickname,account_number,account_type,address,available_balance,balance,branch_id,created_at,currency,customer_id,email,first_name,last_activity_at,last_name,phone_number,status,updated_at,account_id) values (?,?,?,?,?,?,?,?,?,?,?,?,?,?,?,?,?,?)
Hibernate: insert into accounts (account_nickname,account_number,account_type,address,available_balance,balance,branch_id,created_at,currency,customer_id,email,first_name,last_activity_at,last_name,phone_number,status,updated_at,account_id) values (?,?,?,?,?,?,?,?,?,?,?,?,?,?,?,?,?,?)
2025-12-12 10:54:07.047 [main] DEBUG [] [] org.hibernate.SQL - insert into account_metadata (account_id,metadata_key,metadata_value) values (?,?,?)
Hibernate: insert into account_metadata (account_id,metadata_key,metadata_value) values (?,?,?)
2025-12-12 10:54:07.047 [main] DEBUG [] [] org.hibernate.SQL - insert into account_metadata (account_id,metadata_key,metadata_value) values (?,?,?)
Hibernate: insert into account_metadata (account_id,metadata_key,metadata_value) values (?,?,?)
2025-12-12 10:54:07.047 [main] DEBUG [] [] org.hibernate.SQL - insert into account_metadata (account_id,metadata_key,metadata_value) values (?,?,?)
Hibernate: insert into account_metadata (account_id,metadata_key,metadata_value) values (?,?,?)
2025-12-12 10:54:07.047 [main] DEBUG [] [] org.hibernate.SQL - insert into account_metadata (account_id,metadata_key,metadata_value) values (?,?,?)
Hibernate: insert into account_metadata (account_id,metadata_key,metadata_value) values (?,?,?)
2025-12-12 10:54:07.047 [main] DEBUG [] [] org.hibernate.SQL - insert into account_metadata (account_id,metadata_key,metadata_value) values (?,?,?)
Hibernate: insert into account_metadata (account_id,metadata_key,metadata_value) values (?,?,?)
2025-12-12 10:54:07.047 [main] DEBUG [] [] org.hibernate.SQL - insert into account_metadata (account_id,metadata_key,metadata_value) values (?,?,?)
Hibernate: insert into account_metadata (account_id,metadata_key,metadata_value) values (?,?,?)
2025-12-12 10:54:07.047 [main] DEBUG [] [] org.hibernate.SQL - insert into account_metadata (account_id,metadata_key,metadata_value) values (?,?,?)
Hibernate: insert into account_metadata (account_id,metadata_key,metadata_value) values (?,?,?)
2025-12-12 10:54:07.047 [main] DEBUG [] [] org.hibernate.SQL - insert into account_metadata (account_id,metadata_key,metadata_value) values (?,?,?)
Hibernate: insert into account_metadata (account_id,metadata_key,metadata_value) values (?,?,?)
2025-12-12 10:54:07.047 [main] DEBUG [] [] org.hibernate.SQL - insert into account_metadata (account_id,metadata_key,metadata_value) values (?,?,?)
Hibernate: insert into account_metadata (account_id,metadata_key,metadata_value) values (?,?,?)
2025-12-12 10:54:07.047 [main] DEBUG [] [] org.hibernate.SQL - select a1_0.account_id,a1_0.account_nickname,a1_0.account_number,a1_0.account_type,a1_0.address,a1_0.available_balance,a1_0.balance,a1_0.branch_id,a1_0.created_at,a1_0.currency,a1_0.customer_id,a1_0.email,a1_0.first_name,a1_0.last_activity_at,a1_0.last_name,a1_0.phone_number,a1_0.status,a1_0.updated_at from accounts a1_0 where a1_0.status=?
Hibernate: select a1_0.account_id,a1_0.account_nickname,a1_0.account_number,a1_0.account_type,a1_0.address,a1_0.available_balance,a1_0.balance,a1_0.branch_id,a1_0.created_at,a1_0.currency,a1_0.customer_id,a1_0.email,a1_0.first_name,a1_0.last_activity_at,a1_0.last_name,a1_0.phone_number,a1_0.status,a1_0.updated_at from accounts a1_0 where a1_0.status=?
2025-12-12 10:54:07.050 [main] DEBUG [] [] o.springframework.test.context.cache - Spring test ApplicationContext cache statistics: [DefaultContextCache@16cf7fd0 size = 3, maxSize = 32, parentContextCount = 0, hitCount = 229, missCount = 3, failureCount = 0]
2025-12-12 10:54:07.051 [main] DEBUG [] [] o.springframework.test.context.cache - Spring test ApplicationContext cache statistics: [DefaultContextCache@16cf7fd0 size = 3, maxSize = 32, parentContextCount = 0, hitCount = 230, missCount = 3, failureCount = 0]
2025-12-12 10:54:07.051 [main] DEBUG [] [] o.springframework.test.context.cache - Spring test ApplicationContext cache statistics: [DefaultContextCache@16cf7fd0 size = 3, maxSize = 32, parentContextCount = 0, hitCount = 231, missCount = 3, failureCount = 0]
2025-12-12 10:54:07.051 [main] DEBUG [] [] o.springframework.test.context.cache - Spring test ApplicationContext cache statistics: [DefaultContextCache@16cf7fd0 size = 3, maxSize = 32, parentContextCount = 0, hitCount = 232, missCount = 3, failureCount = 0]
2025-12-12 10:54:07.051 [main] DEBUG [] [] o.springframework.test.context.cache - Spring test ApplicationContext cache statistics: [DefaultContextCache@16cf7fd0 size = 3, maxSize = 32, parentContextCount = 0, hitCount = 233, missCount = 3, failureCount = 0]
2025-12-12 10:54:07.051 [main] DEBUG [] [] o.springframework.test.context.cache - Spring test ApplicationContext cache statistics: [DefaultContextCache@16cf7fd0 size = 3, maxSize = 32, parentContextCount = 0, hitCount = 234, missCount = 3, failureCount = 0]
2025-12-12 10:54:07.052 [main] DEBUG [] [] o.s.t.c.t.TransactionContext - Rolled back transaction (1) for test class [com.banking.accountmanagementapis.repository.AccountRepositoryTest]; test method [findByStatus_WithValidStatus_ShouldReturnMatchingAccounts]
2025-12-12 10:54:07.052 [main] DEBUG [] [] o.s.t.c.s.DirtiesContextTestExecutionListener - After test method: class [AccountRepositoryTest], method [findByStatus_WithValidStatus_ShouldReturnMatchingAccounts], class annotated with @DirtiesContext [false] with mode [null], method annotated with @DirtiesContext [false] with mode [null]
]]></system-out>
  </testcase>
  <testcase name="findByStatus_WithValidStatus_ShouldReturnMatchingAccounts" classname="com.banking.accountmanagementapis.repository.AccountRepositoryTest" time="0.029">
    <system-out><![CDATA[2025-12-12 10:54:07.995 [main] DEBUG [] [] o.s.t.c.s.DependencyInjectionTestExecutionListener - Performing dependency injection for test class com.banking.accountmanagementapis.repository.AccountRepositoryTest
2025-12-12 10:54:07.995 [main] DEBUG [] [] o.springframework.test.context.cache - Spring test ApplicationContext cache statistics: [DefaultContextCache@16cf7fd0 size = 3, maxSize = 32, parentContextCount = 0, hitCount = 659, missCount = 3, failureCount = 0]
2025-12-12 10:54:07.995 [main] DEBUG [] [] o.springframework.test.context.cache - Spring test ApplicationContext cache statistics: [DefaultContextCache@16cf7fd0 size = 3, maxSize = 32, parentContextCount = 0, hitCount = 660, missCount = 3, failureCount = 0]
[...]
2025-12-12 10:54:07.461 [main] DEBUG [] [] org.hibernate.SQL - insert into accounts (account_nickname,account_number,account_type,address,available_balance,balance,branch_id,created_at,currency,customer_id,email,first_name,last_activity_at,last_name,phone_number,status,updated_at,account_id) values (?,?,?,?,?,?,?,?,?,?,?,?,?,?,?,?,?,?)
Hibernate: insert into accounts (account_nickname,account_number,account_type,address,available_balance,balance,branch_id,created_at,currency,customer_id,email,first_name,last_activity_at,last_name,phone_number,status,updated_at,account_id) values (?,?,?,?,?,?,?,?,?,?,?,?,?,?,?,?,?,?)
2025-12-12 10:54:07.461 [main] DEBUG [] [] org.hibernate.SQL - insert into accounts (account_nickname,account_number,account_type,address,available_balance,balance,branch_id,created_at,currency,customer_id,email,first_name,last_activity_at,last_name,phone_number,status,updated_at,account_id) values (?,?,?,?,?,?,?,?,?,?,?,?,?,?,?,?,?,?)
Hibernate: insert into accounts (account_nickname,account_number,account_type,address,available_balance,balance,branch_id,created_at,currency,customer_id,email,first_name,last_activity_at,last_name,phone_number,status,updated_at,account_id) values (?,?,?,?,?,?,?,?,?,?,?,?,?,?,?,?,?,?)
2025-12-12 10:54:07.462 [main] DEBUG [] [] org.hibernate.SQL - insert into account_metadata (account_id,metadata_key,metadata_value) values (?,?,?)
Hibernate: insert into account_metadata (account_id,metadata_key,metadata_value) values (?,?,?)
2025-12-12 10:54:07.462 [main] DEBUG [] [] org.hibernate.SQL - insert into account_metadata (account_id,metadata_key,metadata_value) values (?,?,?)
Hibernate: insert into account_metadata (account_id,metadata_key,metadata_value) values (?,?,?)
2025-12-12 10:54:07.462 [main] DEBUG [] [] org.hibernate.SQL - insert into account_metadata (account_id,metadata_key,metadata_value) values (?,?,?)
Hibernate: insert into account_metadata (account_id,metadata_key,metadata_value) values (?,?,?)
2025-12-12 10:54:07.462 [main] DEBUG [] [] org.hibernate.SQL - insert into account_metadata (account_id,metadata_key,metadata_value) values (?,?,?)
Hibernate: insert into account_metadata (account_id,metadata_key,metadata_value) values (?,?,?)
2025-12-12 10:54:07.462 [main] DEBUG [] [] org.hibernate.SQL - insert into account_metadata (account_id,metadata_key,metadata_value) values (?,?,?)
Hibernate: insert into account_metadata (account_id,metadata_key,metadata_value) values (?,?,?)
2025-12-12 10:54:07.462 [main] DEBUG [] [] org.hibernate.SQL - insert into account_metadata (account_id,metadata_key,metadata_value) values (?,?,?)
Hibernate: insert into account_metadata (account_id,metadata_key,metadata_value) values (?,?,?)
2025-12-12 10:54:07.462 [main] DEBUG [] [] org.hibernate.SQL - insert into account_metadata (account_id,metadata_key,metadata_value) values (?,?,?)
Hibernate: insert into account_metadata (account_id,metadata_key,metadata_value) values (?,?,?)
2025-12-12 10:54:07.462 [main] DEBUG [] [] org.hibernate.SQL - insert into account_metadata (account_id,metadata_key,metadata_value) values (?,?,?)
Hibernate: insert into account_metadata (account_id,metadata_key,metadata_value) values (?,?,?)
2025-12-12 10:54:07.462 [main] DEBUG [] [] org.hibernate.SQL - insert into account_metadata (account_id,metadata_key,metadata_value) values (?,?,?)
Hibernate: insert into account_metadata (account_id,metadata_key,metadata_value) values (?,?,?)
2025-12-12 10:54:07.462 [main] DEBUG [] [] org.hibernate.SQL - select a1_0.account_id,a1_0.account_nickname,a1_0.account_number,a1_0.account_type,a1_0.address,a1_0.available_balance,a1_0.balance,a1_0.branch_id,a1_0.created_at,a1_0.currency,a1_0.customer_id,a1_0.email,a1_0.first_name,a1_0.last_activity_at,a1_0.last_name,a1_0.phone_number,a1_0.status,a1_0.updated_at from accounts a1_0 where a1_0.customer_id=?
Hibernate: select a1_0.account_id,a1_0.account_nickname,a1_0.account_number,a1_0.account_type,a1_0.address,a1_0.available_balance,a1_0.balance,a1_0.branch_id,a1_0.created_at,a1_0.currency,a1_0.customer_id,a1_0.email,a1_0.first_name,a1_0.last_activity_at,a1_0.last_name,a1_0.phone_number,a1_0.status,a1_0.updated_at from accounts a1_0 where a1_0.customer_id=?
2025-12-12 10:54:07.464 [main] DEBUG [] [] o.springframework.test.context.cache - Spring test ApplicationContext cache statistics: [DefaultContextCache@16cf7fd0 size = 3, maxSize = 32, parentContextCount = 0, hitCount = 433, missCount = 3, failureCount = 0]
2025-12-12 10:54:07.464 [main] DEBUG [] [] o.springframework.test.context.cache - Spring test ApplicationContext cache statistics: [DefaultContextCache@16cf7fd0 size = 3, maxSize = 32, parentContextCount = 0, hitCount = 434, missCount = 3, failureCount = 0]
2025-12-12 10:54:07.464 [main] DEBUG [] [] o.springframework.test.context.cache - Spring test ApplicationContext cache statistics: [DefaultContextCache@16cf7fd0 size = 3, maxSize = 32, parentContextCount = 0, hitCount = 435, missCount = 3, failureCount = 0]
2025-12-12 10:54:07.464 [main] DEBUG [] [] o.springframework.test.context.cache - Spring test ApplicationContext cache statistics: [DefaultContextCache@16cf7fd0 size = 3, maxSize = 32, parentContextCount = 0, hitCount = 436, missCount = 3, failureCount = 0]
2025-12-12 10:54:07.464 [main] DEBUG [] [] o.springframework.test.context.cache - Spring test ApplicationContext cache statistics: [DefaultContextCache@16cf7fd0 size = 3, maxSize = 32, parentContextCount = 0, hitCount = 437, missCount = 3, failureCount = 0]
2025-12-12 10:54:07.464 [main] DEBUG [] [] o.springframework.test.context.cache - Spring test ApplicationContext cache statistics: [DefaultContextCache@16cf7fd0 size = 3, maxSize = 32, parentContextCount = 0, hitCount = 438, missCount = 3, failureCount = 0]
2025-12-12 10:54:07.465 [main] DEBUG [] [] o.s.t.c.t.TransactionContext - Rolled back transaction (1) for test class [com.banking.accountmanagementapis.repository.AccountRepositoryTest]; test method [findByCustomerId_WithValidCustomerId_ShouldReturnCustomerAccounts]
2025-12-12 10:54:07.465 [main] DEBUG [] [] o.s.t.c.s.DirtiesContextTestExecutionListener - After test method: class [AccountRepositoryTest], method [findByCustomerId_WithValidCustomerId_ShouldReturnCustomerAccounts], class annotated with @DirtiesContext [false] with mode [null], method annotated with @DirtiesContext [false] with mode [null]
]]></system-out>
  </testcase>
  <testcase name="findByCustomerId_WithValidCustomerId_ShouldReturnCustomerAccounts" classname="com.banking.accountmanagementapis.repository.AccountRepositoryTest" time="0.015">
    <system-out><![CDATA[2025-12-12 10:54:08.309 [main] DEBUG [] [] o.s.t.c.s.DependencyInjectionTestExecutionListener - Performing dependency injection for test class com.banking.accountmanagementapis.repository.AccountRepositoryTest
2025-12-12 10:54:08.309 [main] DEBUG [] [] o.springframework.test.context.cache - Spring test ApplicationContext cache statistics: [DefaultContextCache@16cf7fd0 size = 3, maxSize = 32, parentContextCount = 0, hitCount = 863, missCount = 3, failureCount = 0]
2025-12-12 10:54:08.309 [main] DEBUG [] [] o.springframework.test.context.cache - Spring test ApplicationContext cache statistics: [DefaultContextCache@16cf7fd0 size = 3, maxSize = 32, parentContextCount = 0, hitCount = 864, missCount = 3, failureCount = 0]
2025-12-12 10:54:08.309 [main] DEBUG [] [] o.s.t.c.s.DirtiesContextBeforeModesTestExecutionListener - Before test method: class [AccountRepositoryTest], method [findByCustomerId_WithValidCustomerId_ShouldReturnCustomerAccounts], class annotated with @DirtiesContext [false] with mode [null], method annotated with @DirtiesContext [false] with mode [null]
2025-12-12 10:54:08.309 [main] DEBUG [] [] o.s.t.c.t.TransactionalTestExecutionListener - Explicit transaction definition [PROPAGATION_REQUIRED,ISOLATION_DEFAULT] found for test class [com.banking.accountmanagementapis.repository.AccountRepositoryTest] and test method [findByCustomerId_WithValidCustomerId_ShouldReturnCustomerAccounts]
2025-12-12 10:54:08.309 [main] DEBUG [] [] o.springframework.test.context.cache - Spring test ApplicationContext cache statistics: [DefaultContextCache@16cf7fd0 size = 3, maxSize = 32, parentContextCount = 0, hitCount = 865, missCount = 3, failureCount = 0]
2025-12-12 10:54:08.309 [main] DEBUG [] [] o.s.t.c.t.TransactionalTestExecutionListener - No method-level @Rollback override: using default rollback [true] for test method [void com.banking.accountmanagementapis.repository.AccountRepositoryTest.findByCustomerId_WithValidCustomerId_ShouldReturnCustomerAccounts()]
2025-12-12 10:54:08.309 [main] DEBUG [] [] o.s.t.c.t.TransactionContext - Began transaction (1) for test class [com.banking.accountmanagementapis.repository.AccountRepositoryTest]; test method [findByCustomerId_WithValidCustomerId_ShouldReturnCustomerAccounts]; transaction manager [org.springframework.orm.jpa.JpaTransactionManager@397ec6bb]; rollback [true]
2025-12-12 10:54:08.309 [main] DEBUG [] [] o.springframework.test.context.cache - Spring test ApplicationContext cache statistics: [DefaultContextCache@16cf7fd0 size = 3, maxSize = 32, parentContextCount = 0, hitCount = 866, missCount = 3, failureCount = 0]
2025-12-12 10:54:08.309 [main] DEBUG [] [] o.springframework.test.context.cache - Spring test ApplicationContext cache statistics: [DefaultContextCache@16cf7fd0 size = 3, maxSize = 32, parentContextCount = 0, hitCount = 867, missCount = 3, failureCount = 0]
2025-12-12 10:54:08.313 [main] DEBUG [] [] org.hibernate.SQL - select a1_0.account_id,a1_0.account_nickname,a1_0.account_number,a1_0.account_type,a1_0.address,a1_0.available_balance,a1_0.balance,a1_0.branch_id,a1_0.created_at,a1_0.currency,a1_0.customer_id,a1_0.email,a1_0.first_name,a1_0.last_activity_at,a1_0.last_name,a1_0.phone_number,a1_0.status,a1_0.updated_at from accounts a1_0
Hibernate: select a1_0.account_id,a1_0.account_nickname,a1_0.account_number,a1_0.account_type,a1_0.address,a1_0.available_balance,a1_0.balance,a1_0.branch_id,a1_0.created_at,a1_0.currency,a1_0.customer_id,a1_0.email,a1_0.first_name,a1_0.last_activity_at,a1_0.last_name,a1_0.phone_number,a1_0.status,a1_0.updated_at from accounts a1_0
2025-12-12 10:54:08.314 [main] DEBUG [] [] org.hibernate.SQL - select a1_0.account_id,a1_0.account_nickname,a1_0.account_number,a1_0.account_type,a1_0.address,a1_0.available_balance,a1_0.balance,a1_0.branch_id,a1_0.created_at,a1_0.currency,a1_0.customer_id,a1_0.email,a1_0.first_name,a1_0.last_activity_at,a1_0.last_name,a1_0.phone_number,a1_0.status,a1_0.updated_at from accounts a1_0 where a1_0.account_id=?
Hibernate: select a1_0.account_id,a1_0.account_nickname,a1_0.account_number,a1_0.account_type,a1_0.address,a1_0.available_balance,a1_0.balance,a1_0.branch_id,a1_0.created_at,a1_0.currency,a1_0.customer_id,a1_0.email,a1_0.first_name,a1_0.last_activity_at,a1_0.last_name,a1_0.phone_number,a1_0.status,a1_0.updated_at from accounts a1_0 where a1_0.account_id=?
2025-12-12 10:54:08.315 [main] DEBUG [] [] org.hibernate.SQL - select a1_0.account_id,a1_0.account_nickname,a1_0.account_number,a1_0.account_type,a1_0.address,a1_0.available_balance,a1_0.balance,a1_0.branch_id,a1_0.created_at,a1_0.currency,a1_0.customer_id,a1_0.email,a1_0.first_name,a1_0.last_activity_at,a1_0.last_name,a1_0.phone_number,a1_0.status,a1_0.updated_at from accounts a1_0 where a1_0.account_id=?
Hibernate: select a1_0.account_id,a1_0.account_nickname,a1_0.account_number,a1_0.account_type,a1_0.address,a1_0.available_balance,a1_0.balance,a1_0.branch_id,a1_0.created_at,a1_0.currency,a1_0.customer_id,a1_0.email,a1_0.first_name,a1_0.last_activity_at,a1_0.last_name,a1_0.phone_number,a1_0.status,a1_0.updated_at from accounts a1_0 where a1_0.account_id=?
2025-12-12 10:54:08.315 [main] DEBUG [] [] org.hibernate.SQL - select a1_0.account_id,a1_0.account_nickname,a1_0.account_number,a1_0.account_type,a1_0.address,a1_0.available_balance,a1_0.balance,a1_0.branch_id,a1_0.created_at,a1_0.currency,a1_0.customer_id,a1_0.email,a1_0.first_name,a1_0.last_activity_at,a1_0.last_name,a1_0.phone_number,a1_0.status,a1_0.updated_at from accounts a1_0 where a1_0.account_id=?
Hibernate: select a1_0.account_id,a1_0.account_nickname,a1_0.account_number,a1_0.account_type,a1_0.address,a1_0.available_balance,a1_0.balance,a1_0.branch_id,a1_0.created_at,a1_0.currency,a1_0.customer_id,a1_0.email,a1_0.first_name,a1_0.last_activity_at,a1_0.last_name,a1_0.phone_number,a1_0.status,a1_0.updated_at from accounts a1_0 where a1_0.account_id=?
2025-12-12 10:54:08.317 [main] DEBUG [] [] o.springframework.test.context.cache - Spring test ApplicationContext cache statistics: [DefaultContextCache@16cf7fd0 size = 3, maxSize = 32, parentContextCount = 0, hitCount = 868, missCount = 3, failureCount = 0]
2025-12-12 10:54:08.320 [main] DEBUG [] [] org.hibernate.SQL - insert into accounts (account_nickname,account_number,account_type,address,available_balance,balance,branch_id,created_at,currency,customer_id,email,first_name,last_activity_at,last_name,phone_number,status,updated_at,account_id) values (?,?,?,?,?,?,?,?,?,?,?,?,?,?,?,?,?,?)
Hibernate: insert into accounts (account_nickname,account_number,account_type,address,available_balance,balance,branch_id,created_at,currency,customer_id,email,first_name,last_activity_at,last_name,phone_number,status,updated_at,account_id) values (?,?,?,?,?,?,?,?,?,?,?,?,?,?,?,?,?,?)
2025-12-12 10:54:08.321 [main] DEBUG [] [] org.hibernate.SQL - insert into accounts (account_nickname,account_number,account_type,address,available_balance,balance,branch_id,created_at,currency,customer_id,email,first_name,last_activity_at,last_name,phone_number,status,updated_at,account_id) values (?,?,?,?,?,?,?,?,?,?,?,?,?,?,?,?,?,?)
Hibernate: insert into accounts (account_nickname,account_number,account_type,address,available_balance,balance,branch_id,created_at,currency,customer_id,email,first_name,last_activity_at,last_name,phone_number,status,updated_at,account_id) values (?,?,?,?,?,?,?,?,?,?,?,?,?,?,?,?,?,?)
2025-12-12 10:54:08.321 [main] DEBUG [] [] org.hibernate.SQL - insert into accounts (account_nickname,account_number,account_type,address,available_balance,balance,branch_id,created_at,currency,customer_id,email,first_name,last_activity_at,last_name,phone_number,status,updated_at,account_id) values (?,?,?,?,?,?,?,?,?,?,?,?,?,?,?,?,?,?)
Hibernate: insert into accounts (account_nickname,account_number,account_type,address,available_balance,balance,branch_id,created_at,currency,customer_id,email,first_name,last_activity_at,last_name,phone_number,status,updated_at,account_id) values (?,?,?,?,?,?,?,?,?,?,?,?,?,?,?,?,?,?)
2025-12-12 10:54:08.321 [main] DEBUG [] [] org.hibernate.SQL - insert into account_metadata (account_id,metadata_key,metadata_value) values (?,?,?)
Hibernate: insert into account_metadata (account_id,metadata_key,metadata_value) values (?,?,?)
2025-12-12 10:54:08.322 [main] DEBUG [] [] org.hibernate.SQL - insert into account_metadata (account_id,metadata_key,metadata_value) values (?,?,?)
Hibernate: insert into account_metadata (account_id,metadata_key,metadata_value) values (?,?,?)
2025-12-12 10:54:08.322 [main] DEBUG [] [] org.hibernate.SQL - insert into account_metadata (account_id,metadata_key,metadata_value) values (?,?,?)
Hibernate: insert into account_metadata (account_id,metadata_key,metadata_value) values (?,?,?)
2025-12-12 10:54:08.322 [main] DEBUG [] [] org.hibernate.SQL - insert into account_metadata (account_id,metadata_key,metadata_value) values (?,?,?)
Hibernate: insert into account_metadata (account_id,metadata_key,metadata_value) values (?,?,?)
2025-12-12 10:54:08.322 [main] DEBUG [] [] org.hibernate.SQL - insert into account_metadata (account_id,metadata_key,metadata_value) values (?,?,?)
Hibernate: insert into account_metadata (account_id,metadata_key,metadata_value) values (?,?,?)
2025-12-12 10:54:08.322 [main] DEBUG [] [] org.hibernate.SQL - insert into account_metadata (account_id,metadata_key,metadata_value) values (?,?,?)
Hibernate: insert into account_metadata (account_id,metadata_key,metadata_value) values (?,?,?)
2025-12-12 10:54:08.322 [main] DEBUG [] [] org.hibernate.SQL - insert into account_metadata (account_id,metadata_key,metadata_value) values (?,?,?)
Hibernate: insert into account_metadata (account_id,metadata_key,metadata_value) values (?,?,?)
2025-12-12 10:54:08.322 [main] DEBUG [] [] org.hibernate.SQL - insert into account_metadata (account_id,metadata_key,metadata_value) values (?,?,?)
Hibernate: insert into account_metadata (account_id,metadata_key,metadata_value) values (?,?,?)
2025-12-12 10:54:08.322 [main] DEBUG [] [] org.hibernate.SQL - insert into account_metadata (account_id,metadata_key,metadata_value) values (?,?,?)
Hibernate: insert into account_metadata (account_id,metadata_key,metadata_value) values (?,?,?)
2025-12-12 10:54:08.322 [main] DEBUG [] [] org.hibernate.SQL - select a1_0.account_id,a1_0.account_nickname,a1_0.account_number,a1_0.account_type,a1_0.address,a1_0.available_balance,a1_0.balance,a1_0.branch_id,a1_0.created_at,a1_0.currency,a1_0.customer_id,a1_0.email,a1_0.first_name,a1_0.last_activity_at,a1_0.last_name,a1_0.phone_number,a1_0.status,a1_0.updated_at from accounts a1_0 where a1_0.customer_id=?
Hibernate: select a1_0.account_id,a1_0.account_nickname,a1_0.account_number,a1_0.account_type,a1_0.address,a1_0.available_balance,a1_0.balance,a1_0.branch_id,a1_0.created_at,a1_0.currency,a1_0.customer_id,a1_0.email,a1_0.first_name,a1_0.last_activity_at,a1_0.last_name,a1_0.phone_number,a1_0.status,a1_0.updated_at from accounts a1_0 where a1_0.customer_id=?
2025-12-12 10:54:08.323 [main] DEBUG [] [] o.springframework.test.context.cache - Spring test ApplicationContext cache statistics: [DefaultContextCache@16cf7fd0 size = 3, maxSize = 32, parentContextCount = 0, hitCount = 869, missCount = 3, failureCount = 0]
2025-12-12 10:54:08.323 [main] DEBUG [] [] o.springframework.test.context.cache - Spring test ApplicationContext cache statistics: [DefaultContextCache@16cf7fd0 size = 3, maxSize = 32, parentContextCount = 0, hitCount = 870, missCount = 3, failureCount = 0]
2025-12-12 10:54:08.323 [main] DEBUG [] [] o.springframework.test.context.cache - Spring test ApplicationContext cache statistics: [DefaultContextCache@16cf7fd0 size = 3, maxSize = 32, parentContextCount = 0, hitCount = 871, missCount = 3, failureCount = 0]
2025-12-12 10:54:08.323 [main] DEBUG [] [] o.springframework.test.context.cache - Spring test ApplicationContext cache statistics: [DefaultContextCache@16cf7fd0 size = 3, maxSize = 32, parentContextCount = 0, hitCount = 872, missCount = 3, failureCount = 0]
2025-12-12 10:54:08.323 [main] DEBUG [] [] o.springframework.test.context.cache - Spring test ApplicationContext cache statistics: [DefaultContextCache@16cf7fd0 size = 3, maxSize = 32, parentContextCount = 0, hitCount = 873, missCount = 3, failureCount = 0]
2025-12-12 10:54:08.323 [main] DEBUG [] [] o.springframework.test.context.cache - Spring test ApplicationContext cache statistics: [DefaultContextCache@16cf7fd0 size = 3, maxSize = 32, parentContextCount = 0, hitCount = 874, missCount = 3, failureCount = 0]
2025-12-12 10:54:08.324 [main] DEBUG [] [] o.s.t.c.t.TransactionContext - Rolled back transaction (1) for test class [com.banking.accountmanagementapis.repository.AccountRepositoryTest]; test method [findByCustomerId_WithValidCustomerId_ShouldReturnCustomerAccounts]
2025-12-12 10:54:08.324 [main] DEBUG [] [] o.s.t.c.s.DirtiesContextTestExecutionListener - After test method: class [AccountRepositoryTest], method [findByCustomerId_WithValidCustomerId_ShouldReturnCustomerAccounts], class annotated with @DirtiesContext [false] with mode [null], method annotated with @DirtiesContext [false] with mode [null]
]]></system-out>
  </testcase>
</testsuite>